[1/2] "C:/Program Files/Microsoft Visual Studio/2022/Community/Common7/IDE/CommonExtensions/Microsoft/CMake/CMake/bin/cmake.exe" -E chdir "../../x64-windows-dbg" "C:/Program Files/Microsoft Visual Studio/2022/Community/Common7/IDE/CommonExtensions/Microsoft/CMake/CMake/bin/cmake.exe" "C:/Users/bugr2/source/repos/Diplom_CPP/vcpkg_installed/vcpkg/blds/range-v3/src/8e09e4d7ec-ac2933c7cd.clean" "-G" "Ninja" "-DCMAKE_BUILD_TYPE=Debug" "-DCMAKE_INSTALL_PREFIX=C:/Users/bugr2/source/repos/Diplom_CPP/vcpkg_installed/vcpkg/pkgs/range-v3_x64-windows/debug" "-DFETCHCONTENT_FULLY_DISCONNECTED=ON" "-DRANGE_V3_TESTS=OFF" "-DRANGE_V3_EXAMPLES=OFF" "-DRANGE_V3_PERF=OFF" "-DRANGE_V3_HEADER_CHECKS=OFF" "-DCMAKE_MAKE_PROGRAM=C:/Program Files/Microsoft Visual Studio/2022/Community/Common7/IDE/CommonExtensions/Microsoft/CMake/Ninja/ninja.exe" "-DBUILD_SHARED_LIBS=ON" "-DVCPKG_CHAINLOAD_TOOLCHAIN_FILE=C:/Program Files/Microsoft Visual Studio/2022/Community/VC/vcpkg/scripts/toolchains/windows.cmake" "-DVCPKG_TARGET_TRIPLET=x64-windows" "-DVCPKG_SET_CHARSET_FLAG=ON" "-DVCPKG_PLATFORM_TOOLSET=v143" "-DCMAKE_EXPORT_NO_PACKAGE_REGISTRY=ON" "-DCMAKE_FIND_PACKAGE_NO_PACKAGE_REGISTRY=ON" "-DCMAKE_FIND_PACKAGE_NO_SYSTEM_PACKAGE_REGISTRY=ON" "-DCMAKE_INSTALL_SYSTEM_RUNTIME_LIBS_SKIP=TRUE" "-DCMAKE_VERBOSE_MAKEFILE=ON" "-DVCPKG_APPLOCAL_DEPS=OFF" "-DCMAKE_TOOLCHAIN_FILE=C:/Program Files/Microsoft Visual Studio/2022/Community/VC/vcpkg/scripts/buildsystems/vcpkg.cmake" "-DCMAKE_ERROR_ON_ABSOLUTE_INSTALL_DESTINATION=ON" "-DVCPKG_CXX_FLAGS=" "-DVCPKG_CXX_FLAGS_RELEASE=" "-DVCPKG_CXX_FLAGS_DEBUG=" "-DVCPKG_C_FLAGS=" "-DVCPKG_C_FLAGS_RELEASE=" "-DVCPKG_C_FLAGS_DEBUG=" "-DVCPKG_CRT_LINKAGE=dynamic" "-DVCPKG_LINKER_FLAGS=" "-DVCPKG_LINKER_FLAGS_RELEASE=" "-DVCPKG_LINKER_FLAGS_DEBUG=" "-DVCPKG_TARGET_ARCHITECTURE=x64" "-DCMAKE_INSTALL_LIBDIR:STRING=lib" "-DCMAKE_INSTALL_BINDIR:STRING=bin" "-D_VCPKG_ROOT_DIR=C:/Program Files/Microsoft Visual Studio/2022/Community/VC/vcpkg" "-D_VCPKG_INSTALLED_DIR=C:/Users/bugr2/source/repos/Diplom_CPP/vcpkg_installed" "-DVCPKG_MANIFEST_INSTALL=OFF"
CMake Deprecation Warning at CMakeLists.txt:8 (cmake_minimum_required):
  Compatibility with CMake < 3.10 will be removed from a future version of
  CMake.

  Update the VERSION argument <min> value.  Or, use the <min>...<max> syntax
  to tell CMake that the project requires at least <min> but has been updated
  to work with policies introduced by <max> or earlier.


-- The CXX compiler identification is MSVC 19.44.35211.0
-- Detecting CXX compiler ABI info
-- Detecting CXX compiler ABI info - done
-- Check for working CXX compiler: C:/Program Files/Microsoft Visual Studio/2022/Community/VC/Tools/MSVC/14.44.35207/bin/Hostx64/x64/cl.exe - skipped
-- Detecting CXX compile features
-- Detecting CXX compile features - done
-- Could NOT find Doxygen (missing: DOXYGEN_EXECUTABLE) 
-- Found Git: C:/Program Files/Git/cmd/git.exe (found version "2.45.1.windows.1")
-- [range-v3]: C++ std=17
-- Performing Test RANGES_HAS_CXXSTDCOLON
-- Performing Test RANGES_HAS_CXXSTDCOLON - Success
-- Performing Test RANGES_HAS_W3
-- Performing Test RANGES_HAS_W3 - Success
-- Performing Test RANGES_HAS_WX
-- Performing Test RANGES_HAS_WX - Success
-- Performing Test RANGES_HAS_FDIAGNOSTIC_SHOW_TEMPLATE_TREE
-- Performing Test RANGES_HAS_FDIAGNOSTIC_SHOW_TEMPLATE_TREE - Failed
-- Performing Test RANGES_HAS_FTEMPLATE_BACKTRACE_LIMIT
-- Performing Test RANGES_HAS_FTEMPLATE_BACKTRACE_LIMIT - Failed
-- Performing Test RANGES_HAS_FMACRO_BACKTRACE_LIMIT
-- Performing Test RANGES_HAS_FMACRO_BACKTRACE_LIMIT - Failed
-- Performing Test RANGES_HAS_NO_INLINE
-- Performing Test RANGES_HAS_NO_INLINE - Failed
-- Performing Test RANGES_HAS_STACK_PROTECTOR_ALL
-- Performing Test RANGES_HAS_STACK_PROTECTOR_ALL - Failed
-- Performing Test RANGES_HAS_G3
-- Performing Test RANGES_HAS_G3 - Failed
-- Performing Test RANGES_HAS_MARCH_NATIVE
-- Performing Test RANGES_HAS_MARCH_NATIVE - Failed
-- Performing Test RANGES_HAS_MTUNE_NATIVE
-- Performing Test RANGES_HAS_MTUNE_NATIVE - Failed
-- Performing Test RANGE_V3_ALIGNED_NEW_PROBE
-- Performing Test RANGE_V3_ALIGNED_NEW_PROBE - Success
-- Performing Test RANGES_HAS_AWAIT
-- Performing Test RANGES_HAS_AWAIT - Failed
-- Doxygen not found; the 'range-v3-doc' and 'range-v3-gh-pages.{clean,copy,update}' targets will be unavailable.
-- Configuring done (33.1s)
-- Generating done (0.7s)
CMake Warning:
  Manually-specified variables were not used by the project:

    FETCHCONTENT_FULLY_DISCONNECTED
    _VCPKG_ROOT_DIR


-- Build files have been written to: C:/Users/bugr2/source/repos/Diplom_CPP/vcpkg_installed/vcpkg/blds/range-v3/x64-windows-dbg
[2/2] "C:/Program Files/Microsoft Visual Studio/2022/Community/Common7/IDE/CommonExtensions/Microsoft/CMake/CMake/bin/cmake.exe" -E chdir ".." "C:/Program Files/Microsoft Visual Studio/2022/Community/Common7/IDE/CommonExtensions/Microsoft/CMake/CMake/bin/cmake.exe" "C:/Users/bugr2/source/repos/Diplom_CPP/vcpkg_installed/vcpkg/blds/range-v3/src/8e09e4d7ec-ac2933c7cd.clean" "-G" "Ninja" "-DCMAKE_BUILD_TYPE=Release" "-DCMAKE_INSTALL_PREFIX=C:/Users/bugr2/source/repos/Diplom_CPP/vcpkg_installed/vcpkg/pkgs/range-v3_x64-windows" "-DFETCHCONTENT_FULLY_DISCONNECTED=ON" "-DRANGE_V3_TESTS=OFF" "-DRANGE_V3_EXAMPLES=OFF" "-DRANGE_V3_PERF=OFF" "-DRANGE_V3_HEADER_CHECKS=OFF" "-DCMAKE_MAKE_PROGRAM=C:/Program Files/Microsoft Visual Studio/2022/Community/Common7/IDE/CommonExtensions/Microsoft/CMake/Ninja/ninja.exe" "-DBUILD_SHARED_LIBS=ON" "-DVCPKG_CHAINLOAD_TOOLCHAIN_FILE=C:/Program Files/Microsoft Visual Studio/2022/Community/VC/vcpkg/scripts/toolchains/windows.cmake" "-DVCPKG_TARGET_TRIPLET=x64-windows" "-DVCPKG_SET_CHARSET_FLAG=ON" "-DVCPKG_PLATFORM_TOOLSET=v143" "-DCMAKE_EXPORT_NO_PACKAGE_REGISTRY=ON" "-DCMAKE_FIND_PACKAGE_NO_PACKAGE_REGISTRY=ON" "-DCMAKE_FIND_PACKAGE_NO_SYSTEM_PACKAGE_REGISTRY=ON" "-DCMAKE_INSTALL_SYSTEM_RUNTIME_LIBS_SKIP=TRUE" "-DCMAKE_VERBOSE_MAKEFILE=ON" "-DVCPKG_APPLOCAL_DEPS=OFF" "-DCMAKE_TOOLCHAIN_FILE=C:/Program Files/Microsoft Visual Studio/2022/Community/VC/vcpkg/scripts/buildsystems/vcpkg.cmake" "-DCMAKE_ERROR_ON_ABSOLUTE_INSTALL_DESTINATION=ON" "-DVCPKG_CXX_FLAGS=" "-DVCPKG_CXX_FLAGS_RELEASE=" "-DVCPKG_CXX_FLAGS_DEBUG=" "-DVCPKG_C_FLAGS=" "-DVCPKG_C_FLAGS_RELEASE=" "-DVCPKG_C_FLAGS_DEBUG=" "-DVCPKG_CRT_LINKAGE=dynamic" "-DVCPKG_LINKER_FLAGS=" "-DVCPKG_LINKER_FLAGS_RELEASE=" "-DVCPKG_LINKER_FLAGS_DEBUG=" "-DVCPKG_TARGET_ARCHITECTURE=x64" "-DCMAKE_INSTALL_LIBDIR:STRING=lib" "-DCMAKE_INSTALL_BINDIR:STRING=bin" "-D_VCPKG_ROOT_DIR=C:/Program Files/Microsoft Visual Studio/2022/Community/VC/vcpkg" "-D_VCPKG_INSTALLED_DIR=C:/Users/bugr2/source/repos/Diplom_CPP/vcpkg_installed" "-DVCPKG_MANIFEST_INSTALL=OFF"
CMake Deprecation Warning at CMakeLists.txt:8 (cmake_minimum_required):
  Compatibility with CMake < 3.10 will be removed from a future version of
  CMake.

  Update the VERSION argument <min> value.  Or, use the <min>...<max> syntax
  to tell CMake that the project requires at least <min> but has been updated
  to work with policies introduced by <max> or earlier.


-- The CXX compiler identification is MSVC 19.44.35211.0
-- Detecting CXX compiler ABI info
-- Detecting CXX compiler ABI info - done
-- Check for working CXX compiler: C:/Program Files/Microsoft Visual Studio/2022/Community/VC/Tools/MSVC/14.44.35207/bin/Hostx64/x64/cl.exe - skipped
-- Detecting CXX compile features
-- Detecting CXX compile features - done
-- Could NOT find Doxygen (missing: DOXYGEN_EXECUTABLE) 
-- Found Git: C:/Program Files/Git/cmd/git.exe (found version "2.45.1.windows.1")
-- [range-v3]: C++ std=17
-- Performing Test RANGES_HAS_CXXSTDCOLON
-- Performing Test RANGES_HAS_CXXSTDCOLON - Success
-- Performing Test RANGES_HAS_W3
-- Performing Test RANGES_HAS_W3 - Success
-- Performing Test RANGES_HAS_WX
-- Performing Test RANGES_HAS_WX - Success
-- Performing Test RANGES_HAS_FDIAGNOSTIC_SHOW_TEMPLATE_TREE
-- Performing Test RANGES_HAS_FDIAGNOSTIC_SHOW_TEMPLATE_TREE - Failed
-- Performing Test RANGES_HAS_FTEMPLATE_BACKTRACE_LIMIT
-- Performing Test RANGES_HAS_FTEMPLATE_BACKTRACE_LIMIT - Failed
-- Performing Test RANGES_HAS_FMACRO_BACKTRACE_LIMIT
-- Performing Test RANGES_HAS_FMACRO_BACKTRACE_LIMIT - Failed
-- Performing Test RANGES_HAS_OMIT_FRAME_POINTER
-- Performing Test RANGES_HAS_OMIT_FRAME_POINTER - Failed
-- Performing Test RANGES_HAS_OFAST
-- Performing Test RANGES_HAS_OFAST - Failed
-- Performing Test RANGES_HAS_O2
-- Performing Test RANGES_HAS_O2 - Failed
-- Performing Test RANGES_HAS_STRICT_ALIASING
-- Performing Test RANGES_HAS_STRICT_ALIASING - Failed
-- Performing Test RANGES_HAS_STRICT_VTABLE_POINTERS
-- Performing Test RANGES_HAS_STRICT_VTABLE_POINTERS - Failed
-- Performing Test RANGES_HAS_FAST_MATH
-- Performing Test RANGES_HAS_FAST_MATH - Failed
-- Performing Test RANGES_HAS_VECTORIZE
-- Performing Test RANGES_HAS_VECTORIZE - Failed
-- Performing Test RANGES_HAS_SIZED_DEALLOCATION
-- Performing Test RANGES_HAS_SIZED_DEALLOCATION - Failed
-- Performing Test RANGES_HAS_MARCH_NATIVE
-- Performing Test RANGES_HAS_MARCH_NATIVE - Failed
-- Performing Test RANGES_HAS_MTUNE_NATIVE
-- Performing Test RANGES_HAS_MTUNE_NATIVE - Failed
-- Performing Test RANGE_V3_ALIGNED_NEW_PROBE
-- Performing Test RANGE_V3_ALIGNED_NEW_PROBE - Success
-- Performing Test RANGES_HAS_AWAIT
-- Performing Test RANGES_HAS_AWAIT - Failed
-- Doxygen not found; the 'range-v3-doc' and 'range-v3-gh-pages.{clean,copy,update}' targets will be unavailable.
-- Configuring done (39.7s)
-- Generating done (0.4s)
CMake Warning:
  Manually-specified variables were not used by the project:

    FETCHCONTENT_FULLY_DISCONNECTED
    _VCPKG_ROOT_DIR


-- Build files have been written to: C:/Users/bugr2/source/repos/Diplom_CPP/vcpkg_installed/vcpkg/blds/range-v3/x64-windows-rel
