Change Dir: 'C:/Users/bugr2/source/repos/Diplom_CPP/vcpkg_installed/vcpkg/blds/range-v3/x64-windows-rel'

Run Build Command(s): "C:/Program Files/Microsoft Visual Studio/2022/Community/Common7/IDE/CommonExtensions/Microsoft/CMake/Ninja/ninja.exe" -v -v -j5 install
[0/1] C:\WINDOWS\system32\cmd.exe /C "cd /D C:\Users\bugr2\source\repos\Diplom_CPP\vcpkg_installed\vcpkg\blds\range-v3\x64-windows-rel && "C:\Program Files\Microsoft Visual Studio\2022\Community\Common7\IDE\CommonExtensions\Microsoft\CMake\CMake\bin\cmake.exe" -P cmake_install.cmake"
-- Install configuration: "Release"
-- Installing: C:/Users/bugr2/source/repos/Diplom_CPP/vcpkg_installed/vcpkg/pkgs/range-v3_x64-windows/lib/cmake/range-v3/range-v3-targets.cmake
-- Installing: C:/Users/bugr2/source/repos/Diplom_CPP/vcpkg_installed/vcpkg/pkgs/range-v3_x64-windows/lib/cmake/range-v3/range-v3-config-version.cmake
-- Installing: C:/Users/bugr2/source/repos/Diplom_CPP/vcpkg_installed/vcpkg/pkgs/range-v3_x64-windows/lib/cmake/range-v3/range-v3-config.cmake
-- Installing: C:/Users/bugr2/source/repos/Diplom_CPP/vcpkg_installed/vcpkg/pkgs/range-v3_x64-windows/include
-- Installing: C:/Users/bugr2/source/repos/Diplom_CPP/vcpkg_installed/vcpkg/pkgs/range-v3_x64-windows/include/concepts
-- Installing: C:/Users/bugr2/source/repos/Diplom_CPP/vcpkg_installed/vcpkg/pkgs/range-v3_x64-windows/include/concepts/compare.hpp
-- Installing: C:/Users/bugr2/source/repos/Diplom_CPP/vcpkg_installed/vcpkg/pkgs/range-v3_x64-windows/include/concepts/concepts.hpp
-- Installing: C:/Users/bugr2/source/repos/Diplom_CPP/vcpkg_installed/vcpkg/pkgs/range-v3_x64-windows/include/concepts/swap.hpp
-- Installing: C:/Users/bugr2/source/repos/Diplom_CPP/vcpkg_installed/vcpkg/pkgs/range-v3_x64-windows/include/concepts/type_traits.hpp
-- Installing: C:/Users/bugr2/source/repos/Diplom_CPP/vcpkg_installed/vcpkg/pkgs/range-v3_x64-windows/include/meta
-- Installing: C:/Users/bugr2/source/repos/Diplom_CPP/vcpkg_installed/vcpkg/pkgs/range-v3_x64-windows/include/meta/meta.hpp
-- Installing: C:/Users/bugr2/source/repos/Diplom_CPP/vcpkg_installed/vcpkg/pkgs/range-v3_x64-windows/include/meta/meta_fwd.hpp
-- Installing: C:/Users/bugr2/source/repos/Diplom_CPP/vcpkg_installed/vcpkg/pkgs/range-v3_x64-windows/include/module.modulemap
-- Installing: C:/Users/bugr2/source/repos/Diplom_CPP/vcpkg_installed/vcpkg/pkgs/range-v3_x64-windows/include/range
-- Installing: C:/Users/bugr2/source/repos/Diplom_CPP/vcpkg_installed/vcpkg/pkgs/range-v3_x64-windows/include/range/v3
-- Installing: C:/Users/bugr2/source/repos/Diplom_CPP/vcpkg_installed/vcpkg/pkgs/range-v3_x64-windows/include/range/v3/action
-- Installing: C:/Users/bugr2/source/repos/Diplom_CPP/vcpkg_installed/vcpkg/pkgs/range-v3_x64-windows/include/range/v3/action/action.hpp
-- Installing: C:/Users/bugr2/source/repos/Diplom_CPP/vcpkg_installed/vcpkg/pkgs/range-v3_x64-windows/include/range/v3/action/adjacent_remove_if.hpp
-- Installing: C:/Users/bugr2/source/repos/Diplom_CPP/vcpkg_installed/vcpkg/pkgs/range-v3_x64-windows/include/range/v3/action/concepts.hpp
-- Installing: C:/Users/bugr2/source/repos/Diplom_CPP/vcpkg_installed/vcpkg/pkgs/range-v3_x64-windows/include/range/v3/action/drop.hpp
-- Installing: C:/Users/bugr2/source/repos/Diplom_CPP/vcpkg_installed/vcpkg/pkgs/range-v3_x64-windows/include/range/v3/action/drop_while.hpp
-- Installing: C:/Users/bugr2/source/repos/Diplom_CPP/vcpkg_installed/vcpkg/pkgs/range-v3_x64-windows/include/range/v3/action/erase.hpp
-- Installing: C:/Users/bugr2/source/repos/Diplom_CPP/vcpkg_installed/vcpkg/pkgs/range-v3_x64-windows/include/range/v3/action/insert.hpp
-- Installing: C:/Users/bugr2/source/repos/Diplom_CPP/vcpkg_installed/vcpkg/pkgs/range-v3_x64-windows/include/range/v3/action/join.hpp
-- Installing: C:/Users/bugr2/source/repos/Diplom_CPP/vcpkg_installed/vcpkg/pkgs/range-v3_x64-windows/include/range/v3/action/push_back.hpp
-- Installing: C:/Users/bugr2/source/repos/Diplom_CPP/vcpkg_installed/vcpkg/pkgs/range-v3_x64-windows/include/range/v3/action/push_front.hpp
-- Installing: C:/Users/bugr2/source/repos/Diplom_CPP/vcpkg_installed/vcpkg/pkgs/range-v3_x64-windows/include/range/v3/action/remove.hpp
-- Installing: C:/Users/bugr2/source/repos/Diplom_CPP/vcpkg_installed/vcpkg/pkgs/range-v3_x64-windows/include/range/v3/action/remove_if.hpp
-- Installing: C:/Users/bugr2/source/repos/Diplom_CPP/vcpkg_installed/vcpkg/pkgs/range-v3_x64-windows/include/range/v3/action/reverse.hpp
-- Installing: C:/Users/bugr2/source/repos/Diplom_CPP/vcpkg_installed/vcpkg/pkgs/range-v3_x64-windows/include/range/v3/action/shuffle.hpp
-- Installing: C:/Users/bugr2/source/repos/Diplom_CPP/vcpkg_installed/vcpkg/pkgs/range-v3_x64-windows/include/range/v3/action/slice.hpp
-- Installing: C:/Users/bugr2/source/repos/Diplom_CPP/vcpkg_installed/vcpkg/pkgs/range-v3_x64-windows/include/range/v3/action/sort.hpp
-- Installing: C:/Users/bugr2/source/repos/Diplom_CPP/vcpkg_installed/vcpkg/pkgs/range-v3_x64-windows/include/range/v3/action/split.hpp
-- Installing: C:/Users/bugr2/source/repos/Diplom_CPP/vcpkg_installed/vcpkg/pkgs/range-v3_x64-windows/include/range/v3/action/split_when.hpp
-- Installing: C:/Users/bugr2/source/repos/Diplom_CPP/vcpkg_installed/vcpkg/pkgs/range-v3_x64-windows/include/range/v3/action/stable_sort.hpp
-- Installing: C:/Users/bugr2/source/repos/Diplom_CPP/vcpkg_installed/vcpkg/pkgs/range-v3_x64-windows/include/range/v3/action/stride.hpp
-- Installing: C:/Users/bugr2/source/repos/Diplom_CPP/vcpkg_installed/vcpkg/pkgs/range-v3_x64-windows/include/range/v3/action/take.hpp
-- Installing: C:/Users/bugr2/source/repos/Diplom_CPP/vcpkg_installed/vcpkg/pkgs/range-v3_x64-windows/include/range/v3/action/take_while.hpp
-- Installing: C:/Users/bugr2/source/repos/Diplom_CPP/vcpkg_installed/vcpkg/pkgs/range-v3_x64-windows/include/range/v3/action/transform.hpp
-- Installing: C:/Users/bugr2/source/repos/Diplom_CPP/vcpkg_installed/vcpkg/pkgs/range-v3_x64-windows/include/range/v3/action/unique.hpp
-- Installing: C:/Users/bugr2/source/repos/Diplom_CPP/vcpkg_installed/vcpkg/pkgs/range-v3_x64-windows/include/range/v3/action/unstable_remove_if.hpp
-- Installing: C:/Users/bugr2/source/repos/Diplom_CPP/vcpkg_installed/vcpkg/pkgs/range-v3_x64-windows/include/range/v3/action.hpp
-- Installing: C:/Users/bugr2/source/repos/Diplom_CPP/vcpkg_installed/vcpkg/pkgs/range-v3_x64-windows/include/range/v3/algorithm
-- Installing: C:/Users/bugr2/source/repos/Diplom_CPP/vcpkg_installed/vcpkg/pkgs/range-v3_x64-windows/include/range/v3/algorithm/adjacent_find.hpp
-- Installing: C:/Users/bugr2/source/repos/Diplom_CPP/vcpkg_installed/vcpkg/pkgs/range-v3_x64-windows/include/range/v3/algorithm/adjacent_remove_if.hpp
-- Installing: C:/Users/bugr2/source/repos/Diplom_CPP/vcpkg_installed/vcpkg/pkgs/range-v3_x64-windows/include/range/v3/algorithm/all_of.hpp
-- Installing: C:/Users/bugr2/source/repos/Diplom_CPP/vcpkg_installed/vcpkg/pkgs/range-v3_x64-windows/include/range/v3/algorithm/any_of.hpp
-- Installing: C:/Users/bugr2/source/repos/Diplom_CPP/vcpkg_installed/vcpkg/pkgs/range-v3_x64-windows/include/range/v3/algorithm/aux_
-- Installing: C:/Users/bugr2/source/repos/Diplom_CPP/vcpkg_installed/vcpkg/pkgs/range-v3_x64-windows/include/range/v3/algorithm/aux_/equal_range_n.hpp
-- Installing: C:/Users/bugr2/source/repos/Diplom_CPP/vcpkg_installed/vcpkg/pkgs/range-v3_x64-windows/include/range/v3/algorithm/aux_/lower_bound_n.hpp
-- Installing: C:/Users/bugr2/source/repos/Diplom_CPP/vcpkg_installed/vcpkg/pkgs/range-v3_x64-windows/include/range/v3/algorithm/aux_/merge_n.hpp
-- Installing: C:/Users/bugr2/source/repos/Diplom_CPP/vcpkg_installed/vcpkg/pkgs/range-v3_x64-windows/include/range/v3/algorithm/aux_/merge_n_with_buffer.hpp
-- Installing: C:/Users/bugr2/source/repos/Diplom_CPP/vcpkg_installed/vcpkg/pkgs/range-v3_x64-windows/include/range/v3/algorithm/aux_/partition_point_n.hpp
-- Installing: C:/Users/bugr2/source/repos/Diplom_CPP/vcpkg_installed/vcpkg/pkgs/range-v3_x64-windows/include/range/v3/algorithm/aux_/sort_n_with_buffer.hpp
-- Installing: C:/Users/bugr2/source/repos/Diplom_CPP/vcpkg_installed/vcpkg/pkgs/range-v3_x64-windows/include/range/v3/algorithm/aux_/upper_bound_n.hpp
-- Installing: C:/Users/bugr2/source/repos/Diplom_CPP/vcpkg_installed/vcpkg/pkgs/range-v3_x64-windows/include/range/v3/algorithm/binary_search.hpp
-- Installing: C:/Users/bugr2/source/repos/Diplom_CPP/vcpkg_installed/vcpkg/pkgs/range-v3_x64-windows/include/range/v3/algorithm/contains.hpp
-- Installing: C:/Users/bugr2/source/repos/Diplom_CPP/vcpkg_installed/vcpkg/pkgs/range-v3_x64-windows/include/range/v3/algorithm/copy.hpp
-- Installing: C:/Users/bugr2/source/repos/Diplom_CPP/vcpkg_installed/vcpkg/pkgs/range-v3_x64-windows/include/range/v3/algorithm/copy_backward.hpp
-- Installing: C:/Users/bugr2/source/repos/Diplom_CPP/vcpkg_installed/vcpkg/pkgs/range-v3_x64-windows/include/range/v3/algorithm/copy_if.hpp
-- Installing: C:/Users/bugr2/source/repos/Diplom_CPP/vcpkg_installed/vcpkg/pkgs/range-v3_x64-windows/include/range/v3/algorithm/copy_n.hpp
-- Installing: C:/Users/bugr2/source/repos/Diplom_CPP/vcpkg_installed/vcpkg/pkgs/range-v3_x64-windows/include/range/v3/algorithm/count.hpp
-- Installing: C:/Users/bugr2/source/repos/Diplom_CPP/vcpkg_installed/vcpkg/pkgs/range-v3_x64-windows/include/range/v3/algorithm/count_if.hpp
-- Installing: C:/Users/bugr2/source/repos/Diplom_CPP/vcpkg_installed/vcpkg/pkgs/range-v3_x64-windows/include/range/v3/algorithm/ends_with.hpp
-- Installing: C:/Users/bugr2/source/repos/Diplom_CPP/vcpkg_installed/vcpkg/pkgs/range-v3_x64-windows/include/range/v3/algorithm/equal.hpp
-- Installing: C:/Users/bugr2/source/repos/Diplom_CPP/vcpkg_installed/vcpkg/pkgs/range-v3_x64-windows/include/range/v3/algorithm/equal_range.hpp
-- Installing: C:/Users/bugr2/source/repos/Diplom_CPP/vcpkg_installed/vcpkg/pkgs/range-v3_x64-windows/include/range/v3/algorithm/fill.hpp
-- Installing: C:/Users/bugr2/source/repos/Diplom_CPP/vcpkg_installed/vcpkg/pkgs/range-v3_x64-windows/include/range/v3/algorithm/fill_n.hpp
-- Installing: C:/Users/bugr2/source/repos/Diplom_CPP/vcpkg_installed/vcpkg/pkgs/range-v3_x64-windows/include/range/v3/algorithm/find.hpp
-- Installing: C:/Users/bugr2/source/repos/Diplom_CPP/vcpkg_installed/vcpkg/pkgs/range-v3_x64-windows/include/range/v3/algorithm/find_end.hpp
-- Installing: C:/Users/bugr2/source/repos/Diplom_CPP/vcpkg_installed/vcpkg/pkgs/range-v3_x64-windows/include/range/v3/algorithm/find_first_of.hpp
-- Installing: C:/Users/bugr2/source/repos/Diplom_CPP/vcpkg_installed/vcpkg/pkgs/range-v3_x64-windows/include/range/v3/algorithm/find_if.hpp
-- Installing: C:/Users/bugr2/source/repos/Diplom_CPP/vcpkg_installed/vcpkg/pkgs/range-v3_x64-windows/include/range/v3/algorithm/find_if_not.hpp
-- Installing: C:/Users/bugr2/source/repos/Diplom_CPP/vcpkg_installed/vcpkg/pkgs/range-v3_x64-windows/include/range/v3/algorithm/fold.hpp
-- Installing: C:/Users/bugr2/source/repos/Diplom_CPP/vcpkg_installed/vcpkg/pkgs/range-v3_x64-windows/include/range/v3/algorithm/fold_left.hpp
-- Installing: C:/Users/bugr2/source/repos/Diplom_CPP/vcpkg_installed/vcpkg/pkgs/range-v3_x64-windows/include/range/v3/algorithm/fold_right.hpp
-- Installing: C:/Users/bugr2/source/repos/Diplom_CPP/vcpkg_installed/vcpkg/pkgs/range-v3_x64-windows/include/range/v3/algorithm/for_each.hpp
-- Installing: C:/Users/bugr2/source/repos/Diplom_CPP/vcpkg_installed/vcpkg/pkgs/range-v3_x64-windows/include/range/v3/algorithm/for_each_n.hpp
-- Installing: C:/Users/bugr2/source/repos/Diplom_CPP/vcpkg_installed/vcpkg/pkgs/range-v3_x64-windows/include/range/v3/algorithm/generate.hpp
-- Installing: C:/Users/bugr2/source/repos/Diplom_CPP/vcpkg_installed/vcpkg/pkgs/range-v3_x64-windows/include/range/v3/algorithm/generate_n.hpp
-- Installing: C:/Users/bugr2/source/repos/Diplom_CPP/vcpkg_installed/vcpkg/pkgs/range-v3_x64-windows/include/range/v3/algorithm/heap_algorithm.hpp
-- Installing: C:/Users/bugr2/source/repos/Diplom_CPP/vcpkg_installed/vcpkg/pkgs/range-v3_x64-windows/include/range/v3/algorithm/inplace_merge.hpp
-- Installing: C:/Users/bugr2/source/repos/Diplom_CPP/vcpkg_installed/vcpkg/pkgs/range-v3_x64-windows/include/range/v3/algorithm/is_partitioned.hpp
-- Installing: C:/Users/bugr2/source/repos/Diplom_CPP/vcpkg_installed/vcpkg/pkgs/range-v3_x64-windows/include/range/v3/algorithm/is_sorted.hpp
-- Installing: C:/Users/bugr2/source/repos/Diplom_CPP/vcpkg_installed/vcpkg/pkgs/range-v3_x64-windows/include/range/v3/algorithm/is_sorted_until.hpp
-- Installing: C:/Users/bugr2/source/repos/Diplom_CPP/vcpkg_installed/vcpkg/pkgs/range-v3_x64-windows/include/range/v3/algorithm/lexicographical_compare.hpp
-- Installing: C:/Users/bugr2/source/repos/Diplom_CPP/vcpkg_installed/vcpkg/pkgs/range-v3_x64-windows/include/range/v3/algorithm/lower_bound.hpp
-- Installing: C:/Users/bugr2/source/repos/Diplom_CPP/vcpkg_installed/vcpkg/pkgs/range-v3_x64-windows/include/range/v3/algorithm/max.hpp
-- Installing: C:/Users/bugr2/source/repos/Diplom_CPP/vcpkg_installed/vcpkg/pkgs/range-v3_x64-windows/include/range/v3/algorithm/max_element.hpp
-- Installing: C:/Users/bugr2/source/repos/Diplom_CPP/vcpkg_installed/vcpkg/pkgs/range-v3_x64-windows/include/range/v3/algorithm/merge.hpp
-- Installing: C:/Users/bugr2/source/repos/Diplom_CPP/vcpkg_installed/vcpkg/pkgs/range-v3_x64-windows/include/range/v3/algorithm/min.hpp
-- Installing: C:/Users/bugr2/source/repos/Diplom_CPP/vcpkg_installed/vcpkg/pkgs/range-v3_x64-windows/include/range/v3/algorithm/minmax.hpp
-- Installing: C:/Users/bugr2/source/repos/Diplom_CPP/vcpkg_installed/vcpkg/pkgs/range-v3_x64-windows/include/range/v3/algorithm/minmax_element.hpp
-- Installing: C:/Users/bugr2/source/repos/Diplom_CPP/vcpkg_installed/vcpkg/pkgs/range-v3_x64-windows/include/range/v3/algorithm/min_element.hpp
-- Installing: C:/Users/bugr2/source/repos/Diplom_CPP/vcpkg_installed/vcpkg/pkgs/range-v3_x64-windows/include/range/v3/algorithm/mismatch.hpp
-- Installing: C:/Users/bugr2/source/repos/Diplom_CPP/vcpkg_installed/vcpkg/pkgs/range-v3_x64-windows/include/range/v3/algorithm/move.hpp
-- Installing: C:/Users/bugr2/source/repos/Diplom_CPP/vcpkg_installed/vcpkg/pkgs/range-v3_x64-windows/include/range/v3/algorithm/move_backward.hpp
-- Installing: C:/Users/bugr2/source/repos/Diplom_CPP/vcpkg_installed/vcpkg/pkgs/range-v3_x64-windows/include/range/v3/algorithm/none_of.hpp
-- Installing: C:/Users/bugr2/source/repos/Diplom_CPP/vcpkg_installed/vcpkg/pkgs/range-v3_x64-windows/include/range/v3/algorithm/nth_element.hpp
-- Installing: C:/Users/bugr2/source/repos/Diplom_CPP/vcpkg_installed/vcpkg/pkgs/range-v3_x64-windows/include/range/v3/algorithm/partial_sort.hpp
-- Installing: C:/Users/bugr2/source/repos/Diplom_CPP/vcpkg_installed/vcpkg/pkgs/range-v3_x64-windows/include/range/v3/algorithm/partial_sort_copy.hpp
-- Installing: C:/Users/bugr2/source/repos/Diplom_CPP/vcpkg_installed/vcpkg/pkgs/range-v3_x64-windows/include/range/v3/algorithm/partition.hpp
-- Installing: C:/Users/bugr2/source/repos/Diplom_CPP/vcpkg_installed/vcpkg/pkgs/range-v3_x64-windows/include/range/v3/algorithm/partition_copy.hpp
-- Installing: C:/Users/bugr2/source/repos/Diplom_CPP/vcpkg_installed/vcpkg/pkgs/range-v3_x64-windows/include/range/v3/algorithm/partition_point.hpp
-- Installing: C:/Users/bugr2/source/repos/Diplom_CPP/vcpkg_installed/vcpkg/pkgs/range-v3_x64-windows/include/range/v3/algorithm/permutation.hpp
-- Installing: C:/Users/bugr2/source/repos/Diplom_CPP/vcpkg_installed/vcpkg/pkgs/range-v3_x64-windows/include/range/v3/algorithm/remove.hpp
-- Installing: C:/Users/bugr2/source/repos/Diplom_CPP/vcpkg_installed/vcpkg/pkgs/range-v3_x64-windows/include/range/v3/algorithm/remove_copy.hpp
-- Installing: C:/Users/bugr2/source/repos/Diplom_CPP/vcpkg_installed/vcpkg/pkgs/range-v3_x64-windows/include/range/v3/algorithm/remove_copy_if.hpp
-- Installing: C:/Users/bugr2/source/repos/Diplom_CPP/vcpkg_installed/vcpkg/pkgs/range-v3_x64-windows/include/range/v3/algorithm/remove_if.hpp
-- Installing: C:/Users/bugr2/source/repos/Diplom_CPP/vcpkg_installed/vcpkg/pkgs/range-v3_x64-windows/include/range/v3/algorithm/replace.hpp
-- Installing: C:/Users/bugr2/source/repos/Diplom_CPP/vcpkg_installed/vcpkg/pkgs/range-v3_x64-windows/include/range/v3/algorithm/replace_copy.hpp
-- Installing: C:/Users/bugr2/source/repos/Diplom_CPP/vcpkg_installed/vcpkg/pkgs/range-v3_x64-windows/include/range/v3/algorithm/replace_copy_if.hpp
-- Installing: C:/Users/bugr2/source/repos/Diplom_CPP/vcpkg_installed/vcpkg/pkgs/range-v3_x64-windows/include/range/v3/algorithm/replace_if.hpp
-- Installing: C:/Users/bugr2/source/repos/Diplom_CPP/vcpkg_installed/vcpkg/pkgs/range-v3_x64-windows/include/range/v3/algorithm/result_types.hpp
-- Installing: C:/Users/bugr2/source/repos/Diplom_CPP/vcpkg_installed/vcpkg/pkgs/range-v3_x64-windows/include/range/v3/algorithm/reverse.hpp
-- Installing: C:/Users/bugr2/source/repos/Diplom_CPP/vcpkg_installed/vcpkg/pkgs/range-v3_x64-windows/include/range/v3/algorithm/reverse_copy.hpp
-- Installing: C:/Users/bugr2/source/repos/Diplom_CPP/vcpkg_installed/vcpkg/pkgs/range-v3_x64-windows/include/range/v3/algorithm/rotate.hpp
-- Installing: C:/Users/bugr2/source/repos/Diplom_CPP/vcpkg_installed/vcpkg/pkgs/range-v3_x64-windows/include/range/v3/algorithm/rotate_copy.hpp
-- Installing: C:/Users/bugr2/source/repos/Diplom_CPP/vcpkg_installed/vcpkg/pkgs/range-v3_x64-windows/include/range/v3/algorithm/sample.hpp
-- Installing: C:/Users/bugr2/source/repos/Diplom_CPP/vcpkg_installed/vcpkg/pkgs/range-v3_x64-windows/include/range/v3/algorithm/search.hpp
-- Installing: C:/Users/bugr2/source/repos/Diplom_CPP/vcpkg_installed/vcpkg/pkgs/range-v3_x64-windows/include/range/v3/algorithm/search_n.hpp
-- Installing: C:/Users/bugr2/source/repos/Diplom_CPP/vcpkg_installed/vcpkg/pkgs/range-v3_x64-windows/include/range/v3/algorithm/set_algorithm.hpp
-- Installing: C:/Users/bugr2/source/repos/Diplom_CPP/vcpkg_installed/vcpkg/pkgs/range-v3_x64-windows/include/range/v3/algorithm/shuffle.hpp
-- Installing: C:/Users/bugr2/source/repos/Diplom_CPP/vcpkg_installed/vcpkg/pkgs/range-v3_x64-windows/include/range/v3/algorithm/sort.hpp
-- Installing: C:/Users/bugr2/source/repos/Diplom_CPP/vcpkg_installed/vcpkg/pkgs/range-v3_x64-windows/include/range/v3/algorithm/stable_partition.hpp
-- Installing: C:/Users/bugr2/source/repos/Diplom_CPP/vcpkg_installed/vcpkg/pkgs/range-v3_x64-windows/include/range/v3/algorithm/stable_sort.hpp
-- Installing: C:/Users/bugr2/source/repos/Diplom_CPP/vcpkg_installed/vcpkg/pkgs/range-v3_x64-windows/include/range/v3/algorithm/starts_with.hpp
-- Installing: C:/Users/bugr2/source/repos/Diplom_CPP/vcpkg_installed/vcpkg/pkgs/range-v3_x64-windows/include/range/v3/algorithm/swap_ranges.hpp
-- Installing: C:/Users/bugr2/source/repos/Diplom_CPP/vcpkg_installed/vcpkg/pkgs/range-v3_x64-windows/include/range/v3/algorithm/tagspec.hpp
-- Installing: C:/Users/bugr2/source/repos/Diplom_CPP/vcpkg_installed/vcpkg/pkgs/range-v3_x64-windows/include/range/v3/algorithm/transform.hpp
-- Installing: C:/Users/bugr2/source/repos/Diplom_CPP/vcpkg_installed/vcpkg/pkgs/range-v3_x64-windows/include/range/v3/algorithm/unique.hpp
-- Installing: C:/Users/bugr2/source/repos/Diplom_CPP/vcpkg_installed/vcpkg/pkgs/range-v3_x64-windows/include/range/v3/algorithm/unique_copy.hpp
-- Installing: C:/Users/bugr2/source/repos/Diplom_CPP/vcpkg_installed/vcpkg/pkgs/range-v3_x64-windows/include/range/v3/algorithm/unstable_remove_if.hpp
-- Installing: C:/Users/bugr2/source/repos/Diplom_CPP/vcpkg_installed/vcpkg/pkgs/range-v3_x64-windows/include/range/v3/algorithm/upper_bound.hpp
-- Installing: C:/Users/bugr2/source/repos/Diplom_CPP/vcpkg_installed/vcpkg/pkgs/range-v3_x64-windows/include/range/v3/algorithm.hpp
-- Installing: C:/Users/bugr2/source/repos/Diplom_CPP/vcpkg_installed/vcpkg/pkgs/range-v3_x64-windows/include/range/v3/all.hpp
-- Installing: C:/Users/bugr2/source/repos/Diplom_CPP/vcpkg_installed/vcpkg/pkgs/range-v3_x64-windows/include/range/v3/at.hpp
-- Installing: C:/Users/bugr2/source/repos/Diplom_CPP/vcpkg_installed/vcpkg/pkgs/range-v3_x64-windows/include/range/v3/back.hpp
-- Installing: C:/Users/bugr2/source/repos/Diplom_CPP/vcpkg_installed/vcpkg/pkgs/range-v3_x64-windows/include/range/v3/begin_end.hpp
-- Installing: C:/Users/bugr2/source/repos/Diplom_CPP/vcpkg_installed/vcpkg/pkgs/range-v3_x64-windows/include/range/v3/compare.hpp
-- Installing: C:/Users/bugr2/source/repos/Diplom_CPP/vcpkg_installed/vcpkg/pkgs/range-v3_x64-windows/include/range/v3/core.hpp
-- Installing: C:/Users/bugr2/source/repos/Diplom_CPP/vcpkg_installed/vcpkg/pkgs/range-v3_x64-windows/include/range/v3/data.hpp
-- Installing: C:/Users/bugr2/source/repos/Diplom_CPP/vcpkg_installed/vcpkg/pkgs/range-v3_x64-windows/include/range/v3/detail
-- Installing: C:/Users/bugr2/source/repos/Diplom_CPP/vcpkg_installed/vcpkg/pkgs/range-v3_x64-windows/include/range/v3/detail/adl_get.hpp
-- Installing: C:/Users/bugr2/source/repos/Diplom_CPP/vcpkg_installed/vcpkg/pkgs/range-v3_x64-windows/include/range/v3/detail/config.hpp
-- Installing: C:/Users/bugr2/source/repos/Diplom_CPP/vcpkg_installed/vcpkg/pkgs/range-v3_x64-windows/include/range/v3/detail/epilogue.hpp
-- Installing: C:/Users/bugr2/source/repos/Diplom_CPP/vcpkg_installed/vcpkg/pkgs/range-v3_x64-windows/include/range/v3/detail/prologue.hpp
-- Installing: C:/Users/bugr2/source/repos/Diplom_CPP/vcpkg_installed/vcpkg/pkgs/range-v3_x64-windows/include/range/v3/detail/range_access.hpp
-- Installing: C:/Users/bugr2/source/repos/Diplom_CPP/vcpkg_installed/vcpkg/pkgs/range-v3_x64-windows/include/range/v3/detail/satisfy_boost_range.hpp
-- Installing: C:/Users/bugr2/source/repos/Diplom_CPP/vcpkg_installed/vcpkg/pkgs/range-v3_x64-windows/include/range/v3/detail/variant.hpp
-- Installing: C:/Users/bugr2/source/repos/Diplom_CPP/vcpkg_installed/vcpkg/pkgs/range-v3_x64-windows/include/range/v3/detail/with_braced_init_args.hpp
-- Installing: C:/Users/bugr2/source/repos/Diplom_CPP/vcpkg_installed/vcpkg/pkgs/range-v3_x64-windows/include/range/v3/distance.hpp
-- Installing: C:/Users/bugr2/source/repos/Diplom_CPP/vcpkg_installed/vcpkg/pkgs/range-v3_x64-windows/include/range/v3/empty.hpp
-- Installing: C:/Users/bugr2/source/repos/Diplom_CPP/vcpkg_installed/vcpkg/pkgs/range-v3_x64-windows/include/range/v3/experimental
-- Installing: C:/Users/bugr2/source/repos/Diplom_CPP/vcpkg_installed/vcpkg/pkgs/range-v3_x64-windows/include/range/v3/experimental/utility
-- Installing: C:/Users/bugr2/source/repos/Diplom_CPP/vcpkg_installed/vcpkg/pkgs/range-v3_x64-windows/include/range/v3/experimental/utility/generator.hpp
-- Installing: C:/Users/bugr2/source/repos/Diplom_CPP/vcpkg_installed/vcpkg/pkgs/range-v3_x64-windows/include/range/v3/experimental/view
-- Installing: C:/Users/bugr2/source/repos/Diplom_CPP/vcpkg_installed/vcpkg/pkgs/range-v3_x64-windows/include/range/v3/experimental/view/shared.hpp
-- Installing: C:/Users/bugr2/source/repos/Diplom_CPP/vcpkg_installed/vcpkg/pkgs/range-v3_x64-windows/include/range/v3/front.hpp
-- Installing: C:/Users/bugr2/source/repos/Diplom_CPP/vcpkg_installed/vcpkg/pkgs/range-v3_x64-windows/include/range/v3/functional
-- Installing: C:/Users/bugr2/source/repos/Diplom_CPP/vcpkg_installed/vcpkg/pkgs/range-v3_x64-windows/include/range/v3/functional/arithmetic.hpp
-- Installing: C:/Users/bugr2/source/repos/Diplom_CPP/vcpkg_installed/vcpkg/pkgs/range-v3_x64-windows/include/range/v3/functional/bind.hpp
-- Installing: C:/Users/bugr2/source/repos/Diplom_CPP/vcpkg_installed/vcpkg/pkgs/range-v3_x64-windows/include/range/v3/functional/bind_back.hpp
-- Installing: C:/Users/bugr2/source/repos/Diplom_CPP/vcpkg_installed/vcpkg/pkgs/range-v3_x64-windows/include/range/v3/functional/comparisons.hpp
-- Installing: C:/Users/bugr2/source/repos/Diplom_CPP/vcpkg_installed/vcpkg/pkgs/range-v3_x64-windows/include/range/v3/functional/compose.hpp
-- Installing: C:/Users/bugr2/source/repos/Diplom_CPP/vcpkg_installed/vcpkg/pkgs/range-v3_x64-windows/include/range/v3/functional/concepts.hpp
-- Installing: C:/Users/bugr2/source/repos/Diplom_CPP/vcpkg_installed/vcpkg/pkgs/range-v3_x64-windows/include/range/v3/functional/identity.hpp
-- Installing: C:/Users/bugr2/source/repos/Diplom_CPP/vcpkg_installed/vcpkg/pkgs/range-v3_x64-windows/include/range/v3/functional/indirect.hpp
-- Installing: C:/Users/bugr2/source/repos/Diplom_CPP/vcpkg_installed/vcpkg/pkgs/range-v3_x64-windows/include/range/v3/functional/invoke.hpp
-- Installing: C:/Users/bugr2/source/repos/Diplom_CPP/vcpkg_installed/vcpkg/pkgs/range-v3_x64-windows/include/range/v3/functional/not_fn.hpp
-- Installing: C:/Users/bugr2/source/repos/Diplom_CPP/vcpkg_installed/vcpkg/pkgs/range-v3_x64-windows/include/range/v3/functional/on.hpp
-- Installing: C:/Users/bugr2/source/repos/Diplom_CPP/vcpkg_installed/vcpkg/pkgs/range-v3_x64-windows/include/range/v3/functional/overload.hpp
-- Installing: C:/Users/bugr2/source/repos/Diplom_CPP/vcpkg_installed/vcpkg/pkgs/range-v3_x64-windows/include/range/v3/functional/pipeable.hpp
-- Installing: C:/Users/bugr2/source/repos/Diplom_CPP/vcpkg_installed/vcpkg/pkgs/range-v3_x64-windows/include/range/v3/functional/reference_wrapper.hpp
-- Installing: C:/Users/bugr2/source/repos/Diplom_CPP/vcpkg_installed/vcpkg/pkgs/range-v3_x64-windows/include/range/v3/functional.hpp
-- Installing: C:/Users/bugr2/source/repos/Diplom_CPP/vcpkg_installed/vcpkg/pkgs/range-v3_x64-windows/include/range/v3/getlines.hpp
-- Installing: C:/Users/bugr2/source/repos/Diplom_CPP/vcpkg_installed/vcpkg/pkgs/range-v3_x64-windows/include/range/v3/index.hpp
-- Installing: C:/Users/bugr2/source/repos/Diplom_CPP/vcpkg_installed/vcpkg/pkgs/range-v3_x64-windows/include/range/v3/istream_range.hpp
-- Installing: C:/Users/bugr2/source/repos/Diplom_CPP/vcpkg_installed/vcpkg/pkgs/range-v3_x64-windows/include/range/v3/iterator
-- Installing: C:/Users/bugr2/source/repos/Diplom_CPP/vcpkg_installed/vcpkg/pkgs/range-v3_x64-windows/include/range/v3/iterator/access.hpp
-- Installing: C:/Users/bugr2/source/repos/Diplom_CPP/vcpkg_installed/vcpkg/pkgs/range-v3_x64-windows/include/range/v3/iterator/basic_iterator.hpp
-- Installing: C:/Users/bugr2/source/repos/Diplom_CPP/vcpkg_installed/vcpkg/pkgs/range-v3_x64-windows/include/range/v3/iterator/common_iterator.hpp
-- Installing: C:/Users/bugr2/source/repos/Diplom_CPP/vcpkg_installed/vcpkg/pkgs/range-v3_x64-windows/include/range/v3/iterator/concepts.hpp
-- Installing: C:/Users/bugr2/source/repos/Diplom_CPP/vcpkg_installed/vcpkg/pkgs/range-v3_x64-windows/include/range/v3/iterator/counted_iterator.hpp
-- Installing: C:/Users/bugr2/source/repos/Diplom_CPP/vcpkg_installed/vcpkg/pkgs/range-v3_x64-windows/include/range/v3/iterator/default_sentinel.hpp
-- Installing: C:/Users/bugr2/source/repos/Diplom_CPP/vcpkg_installed/vcpkg/pkgs/range-v3_x64-windows/include/range/v3/iterator/diffmax_t.hpp
-- Installing: C:/Users/bugr2/source/repos/Diplom_CPP/vcpkg_installed/vcpkg/pkgs/range-v3_x64-windows/include/range/v3/iterator/insert_iterators.hpp
-- Installing: C:/Users/bugr2/source/repos/Diplom_CPP/vcpkg_installed/vcpkg/pkgs/range-v3_x64-windows/include/range/v3/iterator/move_iterators.hpp
-- Installing: C:/Users/bugr2/source/repos/Diplom_CPP/vcpkg_installed/vcpkg/pkgs/range-v3_x64-windows/include/range/v3/iterator/operations.hpp
-- Installing: C:/Users/bugr2/source/repos/Diplom_CPP/vcpkg_installed/vcpkg/pkgs/range-v3_x64-windows/include/range/v3/iterator/reverse_iterator.hpp
-- Installing: C:/Users/bugr2/source/repos/Diplom_CPP/vcpkg_installed/vcpkg/pkgs/range-v3_x64-windows/include/range/v3/iterator/stream_iterators.hpp
-- Installing: C:/Users/bugr2/source/repos/Diplom_CPP/vcpkg_installed/vcpkg/pkgs/range-v3_x64-windows/include/range/v3/iterator/traits.hpp
-- Installing: C:/Users/bugr2/source/repos/Diplom_CPP/vcpkg_installed/vcpkg/pkgs/range-v3_x64-windows/include/range/v3/iterator/unreachable_sentinel.hpp
-- Installing: C:/Users/bugr2/source/repos/Diplom_CPP/vcpkg_installed/vcpkg/pkgs/range-v3_x64-windows/include/range/v3/iterator.hpp
-- Installing: C:/Users/bugr2/source/repos/Diplom_CPP/vcpkg_installed/vcpkg/pkgs/range-v3_x64-windows/include/range/v3/iterator_range.hpp
-- Installing: C:/Users/bugr2/source/repos/Diplom_CPP/vcpkg_installed/vcpkg/pkgs/range-v3_x64-windows/include/range/v3/numeric
-- Installing: C:/Users/bugr2/source/repos/Diplom_CPP/vcpkg_installed/vcpkg/pkgs/range-v3_x64-windows/include/range/v3/numeric/accumulate.hpp
-- Installing: C:/Users/bugr2/source/repos/Diplom_CPP/vcpkg_installed/vcpkg/pkgs/range-v3_x64-windows/include/range/v3/numeric/adjacent_difference.hpp
-- Installing: C:/Users/bugr2/source/repos/Diplom_CPP/vcpkg_installed/vcpkg/pkgs/range-v3_x64-windows/include/range/v3/numeric/inner_product.hpp
-- Installing: C:/Users/bugr2/source/repos/Diplom_CPP/vcpkg_installed/vcpkg/pkgs/range-v3_x64-windows/include/range/v3/numeric/iota.hpp
-- Installing: C:/Users/bugr2/source/repos/Diplom_CPP/vcpkg_installed/vcpkg/pkgs/range-v3_x64-windows/include/range/v3/numeric/partial_sum.hpp
-- Installing: C:/Users/bugr2/source/repos/Diplom_CPP/vcpkg_installed/vcpkg/pkgs/range-v3_x64-windows/include/range/v3/numeric.hpp
-- Installing: C:/Users/bugr2/source/repos/Diplom_CPP/vcpkg_installed/vcpkg/pkgs/range-v3_x64-windows/include/range/v3/range
-- Installing: C:/Users/bugr2/source/repos/Diplom_CPP/vcpkg_installed/vcpkg/pkgs/range-v3_x64-windows/include/range/v3/range/access.hpp
-- Installing: C:/Users/bugr2/source/repos/Diplom_CPP/vcpkg_installed/vcpkg/pkgs/range-v3_x64-windows/include/range/v3/range/concepts.hpp
-- Installing: C:/Users/bugr2/source/repos/Diplom_CPP/vcpkg_installed/vcpkg/pkgs/range-v3_x64-windows/include/range/v3/range/conversion.hpp
-- Installing: C:/Users/bugr2/source/repos/Diplom_CPP/vcpkg_installed/vcpkg/pkgs/range-v3_x64-windows/include/range/v3/range/dangling.hpp
-- Installing: C:/Users/bugr2/source/repos/Diplom_CPP/vcpkg_installed/vcpkg/pkgs/range-v3_x64-windows/include/range/v3/range/operations.hpp
-- Installing: C:/Users/bugr2/source/repos/Diplom_CPP/vcpkg_installed/vcpkg/pkgs/range-v3_x64-windows/include/range/v3/range/primitives.hpp
-- Installing: C:/Users/bugr2/source/repos/Diplom_CPP/vcpkg_installed/vcpkg/pkgs/range-v3_x64-windows/include/range/v3/range/traits.hpp
-- Installing: C:/Users/bugr2/source/repos/Diplom_CPP/vcpkg_installed/vcpkg/pkgs/range-v3_x64-windows/include/range/v3/range.hpp
-- Installing: C:/Users/bugr2/source/repos/Diplom_CPP/vcpkg_installed/vcpkg/pkgs/range-v3_x64-windows/include/range/v3/range_access.hpp
-- Installing: C:/Users/bugr2/source/repos/Diplom_CPP/vcpkg_installed/vcpkg/pkgs/range-v3_x64-windows/include/range/v3/range_concepts.hpp
-- Installing: C:/Users/bugr2/source/repos/Diplom_CPP/vcpkg_installed/vcpkg/pkgs/range-v3_x64-windows/include/range/v3/range_for.hpp
-- Installing: C:/Users/bugr2/source/repos/Diplom_CPP/vcpkg_installed/vcpkg/pkgs/range-v3_x64-windows/include/range/v3/range_fwd.hpp
-- Installing: C:/Users/bugr2/source/repos/Diplom_CPP/vcpkg_installed/vcpkg/pkgs/range-v3_x64-windows/include/range/v3/range_traits.hpp
-- Installing: C:/Users/bugr2/source/repos/Diplom_CPP/vcpkg_installed/vcpkg/pkgs/range-v3_x64-windows/include/range/v3/size.hpp
-- Installing: C:/Users/bugr2/source/repos/Diplom_CPP/vcpkg_installed/vcpkg/pkgs/range-v3_x64-windows/include/range/v3/span.hpp
-- Installing: C:/Users/bugr2/source/repos/Diplom_CPP/vcpkg_installed/vcpkg/pkgs/range-v3_x64-windows/include/range/v3/to_container.hpp
-- Installing: C:/Users/bugr2/source/repos/Diplom_CPP/vcpkg_installed/vcpkg/pkgs/range-v3_x64-windows/include/range/v3/utility
-- Installing: C:/Users/bugr2/source/repos/Diplom_CPP/vcpkg_installed/vcpkg/pkgs/range-v3_x64-windows/include/range/v3/utility/addressof.hpp
-- Installing: C:/Users/bugr2/source/repos/Diplom_CPP/vcpkg_installed/vcpkg/pkgs/range-v3_x64-windows/include/range/v3/utility/any.hpp
-- Installing: C:/Users/bugr2/source/repos/Diplom_CPP/vcpkg_installed/vcpkg/pkgs/range-v3_x64-windows/include/range/v3/utility/associated_types.hpp
-- Installing: C:/Users/bugr2/source/repos/Diplom_CPP/vcpkg_installed/vcpkg/pkgs/range-v3_x64-windows/include/range/v3/utility/basic_iterator.hpp
-- Installing: C:/Users/bugr2/source/repos/Diplom_CPP/vcpkg_installed/vcpkg/pkgs/range-v3_x64-windows/include/range/v3/utility/box.hpp
-- Installing: C:/Users/bugr2/source/repos/Diplom_CPP/vcpkg_installed/vcpkg/pkgs/range-v3_x64-windows/include/range/v3/utility/common_iterator.hpp
-- Installing: C:/Users/bugr2/source/repos/Diplom_CPP/vcpkg_installed/vcpkg/pkgs/range-v3_x64-windows/include/range/v3/utility/common_tuple.hpp
-- Installing: C:/Users/bugr2/source/repos/Diplom_CPP/vcpkg_installed/vcpkg/pkgs/range-v3_x64-windows/include/range/v3/utility/common_type.hpp
-- Installing: C:/Users/bugr2/source/repos/Diplom_CPP/vcpkg_installed/vcpkg/pkgs/range-v3_x64-windows/include/range/v3/utility/compressed_pair.hpp
-- Installing: C:/Users/bugr2/source/repos/Diplom_CPP/vcpkg_installed/vcpkg/pkgs/range-v3_x64-windows/include/range/v3/utility/concepts.hpp
-- Installing: C:/Users/bugr2/source/repos/Diplom_CPP/vcpkg_installed/vcpkg/pkgs/range-v3_x64-windows/include/range/v3/utility/copy.hpp
-- Installing: C:/Users/bugr2/source/repos/Diplom_CPP/vcpkg_installed/vcpkg/pkgs/range-v3_x64-windows/include/range/v3/utility/counted_iterator.hpp
-- Installing: C:/Users/bugr2/source/repos/Diplom_CPP/vcpkg_installed/vcpkg/pkgs/range-v3_x64-windows/include/range/v3/utility/dangling.hpp
-- Installing: C:/Users/bugr2/source/repos/Diplom_CPP/vcpkg_installed/vcpkg/pkgs/range-v3_x64-windows/include/range/v3/utility/functional.hpp
-- Installing: C:/Users/bugr2/source/repos/Diplom_CPP/vcpkg_installed/vcpkg/pkgs/range-v3_x64-windows/include/range/v3/utility/get.hpp
-- Installing: C:/Users/bugr2/source/repos/Diplom_CPP/vcpkg_installed/vcpkg/pkgs/range-v3_x64-windows/include/range/v3/utility/infinity.hpp
-- Installing: C:/Users/bugr2/source/repos/Diplom_CPP/vcpkg_installed/vcpkg/pkgs/range-v3_x64-windows/include/range/v3/utility/invoke.hpp
-- Installing: C:/Users/bugr2/source/repos/Diplom_CPP/vcpkg_installed/vcpkg/pkgs/range-v3_x64-windows/include/range/v3/utility/in_place.hpp
-- Installing: C:/Users/bugr2/source/repos/Diplom_CPP/vcpkg_installed/vcpkg/pkgs/range-v3_x64-windows/include/range/v3/utility/iterator.hpp
-- Installing: C:/Users/bugr2/source/repos/Diplom_CPP/vcpkg_installed/vcpkg/pkgs/range-v3_x64-windows/include/range/v3/utility/iterator_concepts.hpp
-- Installing: C:/Users/bugr2/source/repos/Diplom_CPP/vcpkg_installed/vcpkg/pkgs/range-v3_x64-windows/include/range/v3/utility/iterator_traits.hpp
-- Installing: C:/Users/bugr2/source/repos/Diplom_CPP/vcpkg_installed/vcpkg/pkgs/range-v3_x64-windows/include/range/v3/utility/memory.hpp
-- Installing: C:/Users/bugr2/source/repos/Diplom_CPP/vcpkg_installed/vcpkg/pkgs/range-v3_x64-windows/include/range/v3/utility/move.hpp
-- Installing: C:/Users/bugr2/source/repos/Diplom_CPP/vcpkg_installed/vcpkg/pkgs/range-v3_x64-windows/include/range/v3/utility/nullptr_v.hpp
-- Installing: C:/Users/bugr2/source/repos/Diplom_CPP/vcpkg_installed/vcpkg/pkgs/range-v3_x64-windows/include/range/v3/utility/optional.hpp
-- Installing: C:/Users/bugr2/source/repos/Diplom_CPP/vcpkg_installed/vcpkg/pkgs/range-v3_x64-windows/include/range/v3/utility/polymorphic_cast.hpp
-- Installing: C:/Users/bugr2/source/repos/Diplom_CPP/vcpkg_installed/vcpkg/pkgs/range-v3_x64-windows/include/range/v3/utility/random.hpp
-- Installing: C:/Users/bugr2/source/repos/Diplom_CPP/vcpkg_installed/vcpkg/pkgs/range-v3_x64-windows/include/range/v3/utility/scope_exit.hpp
-- Installing: C:/Users/bugr2/source/repos/Diplom_CPP/vcpkg_installed/vcpkg/pkgs/range-v3_x64-windows/include/range/v3/utility/semiregular.hpp
-- Installing: C:/Users/bugr2/source/repos/Diplom_CPP/vcpkg_installed/vcpkg/pkgs/range-v3_x64-windows/include/range/v3/utility/semiregular_box.hpp
-- Installing: C:/Users/bugr2/source/repos/Diplom_CPP/vcpkg_installed/vcpkg/pkgs/range-v3_x64-windows/include/range/v3/utility/static_const.hpp
-- Installing: C:/Users/bugr2/source/repos/Diplom_CPP/vcpkg_installed/vcpkg/pkgs/range-v3_x64-windows/include/range/v3/utility/swap.hpp
-- Installing: C:/Users/bugr2/source/repos/Diplom_CPP/vcpkg_installed/vcpkg/pkgs/range-v3_x64-windows/include/range/v3/utility/tagged_pair.hpp
-- Installing: C:/Users/bugr2/source/repos/Diplom_CPP/vcpkg_installed/vcpkg/pkgs/range-v3_x64-windows/include/range/v3/utility/tagged_tuple.hpp
-- Installing: C:/Users/bugr2/source/repos/Diplom_CPP/vcpkg_installed/vcpkg/pkgs/range-v3_x64-windows/include/range/v3/utility/tuple_algorithm.hpp
-- Installing: C:/Users/bugr2/source/repos/Diplom_CPP/vcpkg_installed/vcpkg/pkgs/range-v3_x64-windows/include/range/v3/utility/unreachable.hpp
-- Installing: C:/Users/bugr2/source/repos/Diplom_CPP/vcpkg_installed/vcpkg/pkgs/range-v3_x64-windows/include/range/v3/utility/variant.hpp
-- Installing: C:/Users/bugr2/source/repos/Diplom_CPP/vcpkg_installed/vcpkg/pkgs/range-v3_x64-windows/include/range/v3/utility.hpp
-- Installing: C:/Users/bugr2/source/repos/Diplom_CPP/vcpkg_installed/vcpkg/pkgs/range-v3_x64-windows/include/range/v3/version.hpp
-- Installing: C:/Users/bugr2/source/repos/Diplom_CPP/vcpkg_installed/vcpkg/pkgs/range-v3_x64-windows/include/range/v3/view
-- Installing: C:/Users/bugr2/source/repos/Diplom_CPP/vcpkg_installed/vcpkg/pkgs/range-v3_x64-windows/include/range/v3/view/adaptor.hpp
-- Installing: C:/Users/bugr2/source/repos/Diplom_CPP/vcpkg_installed/vcpkg/pkgs/range-v3_x64-windows/include/range/v3/view/addressof.hpp
-- Installing: C:/Users/bugr2/source/repos/Diplom_CPP/vcpkg_installed/vcpkg/pkgs/range-v3_x64-windows/include/range/v3/view/adjacent_filter.hpp
-- Installing: C:/Users/bugr2/source/repos/Diplom_CPP/vcpkg_installed/vcpkg/pkgs/range-v3_x64-windows/include/range/v3/view/adjacent_remove_if.hpp
-- Installing: C:/Users/bugr2/source/repos/Diplom_CPP/vcpkg_installed/vcpkg/pkgs/range-v3_x64-windows/include/range/v3/view/all.hpp
-- Installing: C:/Users/bugr2/source/repos/Diplom_CPP/vcpkg_installed/vcpkg/pkgs/range-v3_x64-windows/include/range/v3/view/any_view.hpp
-- Installing: C:/Users/bugr2/source/repos/Diplom_CPP/vcpkg_installed/vcpkg/pkgs/range-v3_x64-windows/include/range/v3/view/bounded.hpp
-- Installing: C:/Users/bugr2/source/repos/Diplom_CPP/vcpkg_installed/vcpkg/pkgs/range-v3_x64-windows/include/range/v3/view/cache1.hpp
-- Installing: C:/Users/bugr2/source/repos/Diplom_CPP/vcpkg_installed/vcpkg/pkgs/range-v3_x64-windows/include/range/v3/view/cartesian_product.hpp
-- Installing: C:/Users/bugr2/source/repos/Diplom_CPP/vcpkg_installed/vcpkg/pkgs/range-v3_x64-windows/include/range/v3/view/chunk.hpp
-- Installing: C:/Users/bugr2/source/repos/Diplom_CPP/vcpkg_installed/vcpkg/pkgs/range-v3_x64-windows/include/range/v3/view/chunk_by.hpp
-- Installing: C:/Users/bugr2/source/repos/Diplom_CPP/vcpkg_installed/vcpkg/pkgs/range-v3_x64-windows/include/range/v3/view/common.hpp
-- Installing: C:/Users/bugr2/source/repos/Diplom_CPP/vcpkg_installed/vcpkg/pkgs/range-v3_x64-windows/include/range/v3/view/concat.hpp
-- Installing: C:/Users/bugr2/source/repos/Diplom_CPP/vcpkg_installed/vcpkg/pkgs/range-v3_x64-windows/include/range/v3/view/const.hpp
-- Installing: C:/Users/bugr2/source/repos/Diplom_CPP/vcpkg_installed/vcpkg/pkgs/range-v3_x64-windows/include/range/v3/view/counted.hpp
-- Installing: C:/Users/bugr2/source/repos/Diplom_CPP/vcpkg_installed/vcpkg/pkgs/range-v3_x64-windows/include/range/v3/view/cycle.hpp
-- Installing: C:/Users/bugr2/source/repos/Diplom_CPP/vcpkg_installed/vcpkg/pkgs/range-v3_x64-windows/include/range/v3/view/c_str.hpp
-- Installing: C:/Users/bugr2/source/repos/Diplom_CPP/vcpkg_installed/vcpkg/pkgs/range-v3_x64-windows/include/range/v3/view/delimit.hpp
-- Installing: C:/Users/bugr2/source/repos/Diplom_CPP/vcpkg_installed/vcpkg/pkgs/range-v3_x64-windows/include/range/v3/view/drop.hpp
-- Installing: C:/Users/bugr2/source/repos/Diplom_CPP/vcpkg_installed/vcpkg/pkgs/range-v3_x64-windows/include/range/v3/view/drop_exactly.hpp
-- Installing: C:/Users/bugr2/source/repos/Diplom_CPP/vcpkg_installed/vcpkg/pkgs/range-v3_x64-windows/include/range/v3/view/drop_last.hpp
-- Installing: C:/Users/bugr2/source/repos/Diplom_CPP/vcpkg_installed/vcpkg/pkgs/range-v3_x64-windows/include/range/v3/view/drop_while.hpp
-- Installing: C:/Users/bugr2/source/repos/Diplom_CPP/vcpkg_installed/vcpkg/pkgs/range-v3_x64-windows/include/range/v3/view/empty.hpp
-- Installing: C:/Users/bugr2/source/repos/Diplom_CPP/vcpkg_installed/vcpkg/pkgs/range-v3_x64-windows/include/range/v3/view/enumerate.hpp
-- Installing: C:/Users/bugr2/source/repos/Diplom_CPP/vcpkg_installed/vcpkg/pkgs/range-v3_x64-windows/include/range/v3/view/exclusive_scan.hpp
-- Installing: C:/Users/bugr2/source/repos/Diplom_CPP/vcpkg_installed/vcpkg/pkgs/range-v3_x64-windows/include/range/v3/view/facade.hpp
-- Installing: C:/Users/bugr2/source/repos/Diplom_CPP/vcpkg_installed/vcpkg/pkgs/range-v3_x64-windows/include/range/v3/view/filter.hpp
-- Installing: C:/Users/bugr2/source/repos/Diplom_CPP/vcpkg_installed/vcpkg/pkgs/range-v3_x64-windows/include/range/v3/view/for_each.hpp
-- Installing: C:/Users/bugr2/source/repos/Diplom_CPP/vcpkg_installed/vcpkg/pkgs/range-v3_x64-windows/include/range/v3/view/generate.hpp
-- Installing: C:/Users/bugr2/source/repos/Diplom_CPP/vcpkg_installed/vcpkg/pkgs/range-v3_x64-windows/include/range/v3/view/generate_n.hpp
-- Installing: C:/Users/bugr2/source/repos/Diplom_CPP/vcpkg_installed/vcpkg/pkgs/range-v3_x64-windows/include/range/v3/view/getlines.hpp
-- Installing: C:/Users/bugr2/source/repos/Diplom_CPP/vcpkg_installed/vcpkg/pkgs/range-v3_x64-windows/include/range/v3/view/group_by.hpp
-- Installing: C:/Users/bugr2/source/repos/Diplom_CPP/vcpkg_installed/vcpkg/pkgs/range-v3_x64-windows/include/range/v3/view/indices.hpp
-- Installing: C:/Users/bugr2/source/repos/Diplom_CPP/vcpkg_installed/vcpkg/pkgs/range-v3_x64-windows/include/range/v3/view/indirect.hpp
-- Installing: C:/Users/bugr2/source/repos/Diplom_CPP/vcpkg_installed/vcpkg/pkgs/range-v3_x64-windows/include/range/v3/view/interface.hpp
-- Installing: C:/Users/bugr2/source/repos/Diplom_CPP/vcpkg_installed/vcpkg/pkgs/range-v3_x64-windows/include/range/v3/view/intersperse.hpp
-- Installing: C:/Users/bugr2/source/repos/Diplom_CPP/vcpkg_installed/vcpkg/pkgs/range-v3_x64-windows/include/range/v3/view/iota.hpp
-- Installing: C:/Users/bugr2/source/repos/Diplom_CPP/vcpkg_installed/vcpkg/pkgs/range-v3_x64-windows/include/range/v3/view/istream.hpp
-- Installing: C:/Users/bugr2/source/repos/Diplom_CPP/vcpkg_installed/vcpkg/pkgs/range-v3_x64-windows/include/range/v3/view/join.hpp
-- Installing: C:/Users/bugr2/source/repos/Diplom_CPP/vcpkg_installed/vcpkg/pkgs/range-v3_x64-windows/include/range/v3/view/linear_distribute.hpp
-- Installing: C:/Users/bugr2/source/repos/Diplom_CPP/vcpkg_installed/vcpkg/pkgs/range-v3_x64-windows/include/range/v3/view/map.hpp
-- Installing: C:/Users/bugr2/source/repos/Diplom_CPP/vcpkg_installed/vcpkg/pkgs/range-v3_x64-windows/include/range/v3/view/move.hpp
-- Installing: C:/Users/bugr2/source/repos/Diplom_CPP/vcpkg_installed/vcpkg/pkgs/range-v3_x64-windows/include/range/v3/view/partial_sum.hpp
-- Installing: C:/Users/bugr2/source/repos/Diplom_CPP/vcpkg_installed/vcpkg/pkgs/range-v3_x64-windows/include/range/v3/view/ref.hpp
-- Installing: C:/Users/bugr2/source/repos/Diplom_CPP/vcpkg_installed/vcpkg/pkgs/range-v3_x64-windows/include/range/v3/view/remove.hpp
-- Installing: C:/Users/bugr2/source/repos/Diplom_CPP/vcpkg_installed/vcpkg/pkgs/range-v3_x64-windows/include/range/v3/view/remove_if.hpp
-- Installing: C:/Users/bugr2/source/repos/Diplom_CPP/vcpkg_installed/vcpkg/pkgs/range-v3_x64-windows/include/range/v3/view/repeat.hpp
-- Installing: C:/Users/bugr2/source/repos/Diplom_CPP/vcpkg_installed/vcpkg/pkgs/range-v3_x64-windows/include/range/v3/view/repeat_n.hpp
-- Installing: C:/Users/bugr2/source/repos/Diplom_CPP/vcpkg_installed/vcpkg/pkgs/range-v3_x64-windows/include/range/v3/view/replace.hpp
-- Installing: C:/Users/bugr2/source/repos/Diplom_CPP/vcpkg_installed/vcpkg/pkgs/range-v3_x64-windows/include/range/v3/view/replace_if.hpp
-- Installing: C:/Users/bugr2/source/repos/Diplom_CPP/vcpkg_installed/vcpkg/pkgs/range-v3_x64-windows/include/range/v3/view/reverse.hpp
-- Installing: C:/Users/bugr2/source/repos/Diplom_CPP/vcpkg_installed/vcpkg/pkgs/range-v3_x64-windows/include/range/v3/view/sample.hpp
-- Installing: C:/Users/bugr2/source/repos/Diplom_CPP/vcpkg_installed/vcpkg/pkgs/range-v3_x64-windows/include/range/v3/view/set_algorithm.hpp
-- Installing: C:/Users/bugr2/source/repos/Diplom_CPP/vcpkg_installed/vcpkg/pkgs/range-v3_x64-windows/include/range/v3/view/single.hpp
-- Installing: C:/Users/bugr2/source/repos/Diplom_CPP/vcpkg_installed/vcpkg/pkgs/range-v3_x64-windows/include/range/v3/view/slice.hpp
-- Installing: C:/Users/bugr2/source/repos/Diplom_CPP/vcpkg_installed/vcpkg/pkgs/range-v3_x64-windows/include/range/v3/view/sliding.hpp
-- Installing: C:/Users/bugr2/source/repos/Diplom_CPP/vcpkg_installed/vcpkg/pkgs/range-v3_x64-windows/include/range/v3/view/span.hpp
-- Installing: C:/Users/bugr2/source/repos/Diplom_CPP/vcpkg_installed/vcpkg/pkgs/range-v3_x64-windows/include/range/v3/view/split.hpp
-- Installing: C:/Users/bugr2/source/repos/Diplom_CPP/vcpkg_installed/vcpkg/pkgs/range-v3_x64-windows/include/range/v3/view/split_when.hpp
-- Installing: C:/Users/bugr2/source/repos/Diplom_CPP/vcpkg_installed/vcpkg/pkgs/range-v3_x64-windows/include/range/v3/view/stride.hpp
-- Installing: C:/Users/bugr2/source/repos/Diplom_CPP/vcpkg_installed/vcpkg/pkgs/range-v3_x64-windows/include/range/v3/view/subrange.hpp
-- Installing: C:/Users/bugr2/source/repos/Diplom_CPP/vcpkg_installed/vcpkg/pkgs/range-v3_x64-windows/include/range/v3/view/tail.hpp
-- Installing: C:/Users/bugr2/source/repos/Diplom_CPP/vcpkg_installed/vcpkg/pkgs/range-v3_x64-windows/include/range/v3/view/take.hpp
-- Installing: C:/Users/bugr2/source/repos/Diplom_CPP/vcpkg_installed/vcpkg/pkgs/range-v3_x64-windows/include/range/v3/view/take_exactly.hpp
-- Installing: C:/Users/bugr2/source/repos/Diplom_CPP/vcpkg_installed/vcpkg/pkgs/range-v3_x64-windows/include/range/v3/view/take_last.hpp
-- Installing: C:/Users/bugr2/source/repos/Diplom_CPP/vcpkg_installed/vcpkg/pkgs/range-v3_x64-windows/include/range/v3/view/take_while.hpp
-- Installing: C:/Users/bugr2/source/repos/Diplom_CPP/vcpkg_installed/vcpkg/pkgs/range-v3_x64-windows/include/range/v3/view/tokenize.hpp
-- Installing: C:/Users/bugr2/source/repos/Diplom_CPP/vcpkg_installed/vcpkg/pkgs/range-v3_x64-windows/include/range/v3/view/transform.hpp
-- Installing: C:/Users/bugr2/source/repos/Diplom_CPP/vcpkg_installed/vcpkg/pkgs/range-v3_x64-windows/include/range/v3/view/trim.hpp
-- Installing: C:/Users/bugr2/source/repos/Diplom_CPP/vcpkg_installed/vcpkg/pkgs/range-v3_x64-windows/include/range/v3/view/unbounded.hpp
-- Installing: C:/Users/bugr2/source/repos/Diplom_CPP/vcpkg_installed/vcpkg/pkgs/range-v3_x64-windows/include/range/v3/view/unique.hpp
-- Installing: C:/Users/bugr2/source/repos/Diplom_CPP/vcpkg_installed/vcpkg/pkgs/range-v3_x64-windows/include/range/v3/view/view.hpp
-- Installing: C:/Users/bugr2/source/repos/Diplom_CPP/vcpkg_installed/vcpkg/pkgs/range-v3_x64-windows/include/range/v3/view/zip.hpp
-- Installing: C:/Users/bugr2/source/repos/Diplom_CPP/vcpkg_installed/vcpkg/pkgs/range-v3_x64-windows/include/range/v3/view/zip_with.hpp
-- Installing: C:/Users/bugr2/source/repos/Diplom_CPP/vcpkg_installed/vcpkg/pkgs/range-v3_x64-windows/include/range/v3/view.hpp
-- Installing: C:/Users/bugr2/source/repos/Diplom_CPP/vcpkg_installed/vcpkg/pkgs/range-v3_x64-windows/include/range/v3/view_adaptor.hpp
-- Installing: C:/Users/bugr2/source/repos/Diplom_CPP/vcpkg_installed/vcpkg/pkgs/range-v3_x64-windows/include/range/v3/view_facade.hpp
-- Installing: C:/Users/bugr2/source/repos/Diplom_CPP/vcpkg_installed/vcpkg/pkgs/range-v3_x64-windows/include/range/v3/view_interface.hpp
-- Installing: C:/Users/bugr2/source/repos/Diplom_CPP/vcpkg_installed/vcpkg/pkgs/range-v3_x64-windows/include/std
-- Installing: C:/Users/bugr2/source/repos/Diplom_CPP/vcpkg_installed/vcpkg/pkgs/range-v3_x64-windows/include/std/detail
-- Installing: C:/Users/bugr2/source/repos/Diplom_CPP/vcpkg_installed/vcpkg/pkgs/range-v3_x64-windows/include/std/detail/associated_types.hpp
-- Installing: C:/Users/bugr2/source/repos/Diplom_CPP/vcpkg_installed/vcpkg/pkgs/range-v3_x64-windows/include/std/iterator

