Detected hardware platform: X64
Files src/bin/pgbench/exprscan.l
Files src/bin/pgbench/exprparse.y
Files src/bin/psql/psqlscanslash.l
Generating configuration headers...
Версия MSBuild 17.14.14+a129329f1 для .NET Framework
Сборка начата 22.10.2025 23:59:08.

     1>Проект "C:\Users\bugr2\source\repos\Diplom-CPP\vcpkg_installed\vcpkg\blds\libpq\x64-windows-dbg\libecpg_compat.vcxproj" в узле 1 (целевые объекты по умолчанию).
     1>Проект "C:\Users\bugr2\source\repos\Diplom-CPP\vcpkg_installed\vcpkg\blds\libpq\x64-windows-dbg\libecpg_compat.vcxproj" (1) выполняет сборку "C:\Users\bugr2\source\repos\Diplom-CPP\vcpkg_installed\vcpkg\blds\libpq\x64-windows-dbg\libpgcommon.vcxproj" (5) в узле 3 (целевые объекты по умолчанию).
     5>PrepareForBuild:
         Структурированный вывод включен. Форматирование диагностики компилятора будет отражать иерархию ошибок. Подробнее см. https://aka.ms/cpp/structured-output.
     1>Проект "C:\Users\bugr2\source\repos\Diplom-CPP\vcpkg_installed\vcpkg\blds\libpq\x64-windows-dbg\libecpg_compat.vcxproj" (1) выполняет сборку "C:\Users\bugr2\source\repos\Diplom-CPP\vcpkg_installed\vcpkg\blds\libpq\x64-windows-dbg\libpgport.vcxproj" (3) в узле 4 (целевые объекты по умолчанию).
     3>PrepareForBuild:
         Структурированный вывод включен. Форматирование диагностики компилятора будет отражать иерархию ошибок. Подробнее см. https://aka.ms/cpp/structured-output.
       InitializeBuildStatus:
         Создание ".\Debug\libpgport\libpgport.tlog\unsuccessfulbuild", так как было задано "AlwaysCreate".
         Обращение к ".\Debug\libpgport\libpgport.tlog\unsuccessfulbuild".
     5>InitializeBuildStatus:
         Создание ".\Debug\libpgcommon\libpgcommon.tlog\unsuccessfulbuild", так как было задано "AlwaysCreate".
         Обращение к ".\Debug\libpgcommon\libpgcommon.tlog\unsuccessfulbuild".
     3>VcpkgCheckManifestRoot:
         The vcpkg manifest was disabled, but we found a manifest file in C:\Users\bugr2\source\repos\Diplom-CPP\. You may want to enable vcpkg manifests in your properties page or pass /p:VcpkgEnableManifest=true to the msbuild invocation.
     5>VcpkgCheckManifestRoot:
         The vcpkg manifest was disabled, but we found a manifest file in C:\Users\bugr2\source\repos\Diplom-CPP\. You may want to enable vcpkg manifests in your properties page or pass /p:VcpkgEnableManifest=true to the msbuild invocation.
       ClCompile:
         C:\Program Files\Microsoft Visual Studio\2022\Community\VC\Tools\MSVC\14.44.35207\bin\HostX64\x64\CL.exe /c /Isrc/include /Isrc/include/port/win32 /Isrc/include/port/win32_msvc /I"C:/Users/bugr2/source/repos/Diplom-CPP/vcpkg_installed/x64-windows\include" /Zi /nologo /W3 /WX- /diagnostics:column /Od /D WIN32 /D _WINDOWS /D __WINDOWS__ /D __WIN32__ /D WIN32_STACK_RLIMIT=4194304 /D _CRT_SECURE_NO_DEPRECATE /D _CRT_NONSTDC_NO_DEPRECATE /D FRONTEND /D _DEBUG /D DEBUG=1_MBCS /GF- /Gm- /EHsc /MDd /GS /fp:precise /Zc:wchar_t /Zc:forScope /Zc:inline /Fo".\Debug\libpgcommon\\" /Fd".\Debug\libpgcommon\libpgcommon.pdb" /external:W3 /Gd /TC /wd4018 /wd4244 /wd4273 /wd4101 /wd4102 /wd4090 /wd4267 /FC /errorReport:queue /MP    -nologo -DWIN32 -D_WINDOWS -utf-8 -MP  -MDd -Z7 -Ob0 -Od -RTC1  src/common/archive.c src/common/base64.c src/common/checksum_helper.c src/common/compression.c src/common/config_info.c src/common/controldata_utils.c src/common/cryptohash_openssl.c src/common/d2s.c src/common/encnames.c src/common/exec.c src/common/f2s.c src/common/fe_memutils.c src/common/file_perm.c src/common/file_utils.c src/common/hashfn.c src/common/hmac_openssl.c src/common/ip.c src/common/jsonapi.c src/common/keywords.c src/common/kwlookup.c "src/common/link-canary.c" src/common/logging.c src/common/md5_common.c src/common/percentrepl.c src/common/pg_get_line.c src/common/pg_lzcompress.c src/common/pg_prng.c src/common/pgfnames.c src/common/protocol_openssl.c src/common/psprintf.c src/common/relpath.c src/common/restricted_token.c src/common/rmtree.c src/common/saslprep.c "src/common/scram-common.c" src/common/sprompt.c src/common/string.c src/common/stringinfo.c src/common/unicode_norm.c src/common/username.c src/common/wait_error.c src/common/wchar.c
     3>ClCompile:
         C:\Program Files\Microsoft Visual Studio\2022\Community\VC\Tools\MSVC\14.44.35207\bin\HostX64\x64\CL.exe /c /Isrc/include /Isrc/include/port/win32 /Isrc/include/port/win32_msvc /I"C:/Users/bugr2/source/repos/Diplom-CPP/vcpkg_installed/x64-windows\include" /Zi /nologo /W3 /WX- /diagnostics:column /Od /D WIN32 /D _WINDOWS /D __WINDOWS__ /D __WIN32__ /D WIN32_STACK_RLIMIT=4194304 /D _CRT_SECURE_NO_DEPRECATE /D _CRT_NONSTDC_NO_DEPRECATE /D FRONTEND /D _DEBUG /D DEBUG=1_MBCS /GF- /Gm- /EHsc /MDd /GS /fp:precise /Zc:wchar_t /Zc:forScope /Zc:inline /Fo".\Debug\libpgport\\" /Fd".\Debug\libpgport\libpgport.pdb" /external:W3 /Gd /TC /wd4018 /wd4244 /wd4273 /wd4101 /wd4102 /wd4090 /wd4267 /FC /errorReport:queue /MP    -nologo -DWIN32 -D_WINDOWS -utf-8 -MP  -MDd -Z7 -Ob0 -Od -RTC1  src/port/bsearch_arg.c src/port/chklocale.c src/port/dirent.c src/port/dirmod.c src/port/explicit_bzero.c src/port/getopt.c src/port/getopt_long.c src/port/getpeereid.c src/port/inet_aton.c src/port/inet_net_ntop.c src/port/kill.c src/port/mkdtemp.c src/port/noblock.c src/port/open.c src/port/path.c src/port/pg_bitutils.c src/port/pg_crc32c_sb8.c src/port/pg_crc32c_sse42.c src/port/pg_crc32c_sse42_choose.c src/port/pg_strong_random.c src/port/pgcheckdir.c src/port/pgmkdirp.c src/port/pgsleep.c src/port/pgstrcasecmp.c src/port/pqsignal.c src/port/preadv.c src/port/pwritev.c src/port/qsort.c src/port/qsort_arg.c src/port/quotes.c src/port/snprintf.c src/port/strerror.c src/port/strlcat.c src/port/strlcpy.c src/port/system.c src/port/tar.c src/port/win32common.c src/port/win32dlopen.c src/port/win32env.c src/port/win32error.c src/port/win32fdatasync.c src/port/win32fseek.c src/port/win32getrusage.c src/port/win32gettimeofday.c src/port/win32link.c src/port/win32ntdll.c src/port/win32pread.c src/port/win32pwrite.c src/port/win32security.c src/port/win32setlocale.c src/port/win32stat.c
     5>cl : командная строка  warning D9025: переопределение "/Zi" на "/Z7" [C:\Users\bugr2\source\repos\Diplom-CPP\vcpkg_installed\vcpkg\blds\libpq\x64-windows-dbg\libpgcommon.vcxproj]
     5>cl : командная строка  warning D9025: переопределение "/Zi" на "/Z7" [C:\Users\bugr2\source\repos\Diplom-CPP\vcpkg_installed\vcpkg\blds\libpq\x64-windows-dbg\libpgcommon.vcxproj]
     3>cl : командная строка  warning D9025: переопределение "/Zi" на "/Z7" [C:\Users\bugr2\source\repos\Diplom-CPP\vcpkg_installed\vcpkg\blds\libpq\x64-windows-dbg\libpgport.vcxproj]
     5>ClCompile:
         archive.c
     3>cl : командная строка  warning D9025: переопределение "/Zi" на "/Z7" [C:\Users\bugr2\source\repos\Diplom-CPP\vcpkg_installed\vcpkg\blds\libpq\x64-windows-dbg\libpgport.vcxproj]
     5>cl : командная строка  warning D9025: переопределение "/Zi" на "/Z7" [C:\Users\bugr2\source\repos\Diplom-CPP\vcpkg_installed\vcpkg\blds\libpq\x64-windows-dbg\libpgcommon.vcxproj]
     3>ClCompile:
         bsearch_arg.c
     5>ClCompile:
         base64.c
     3>cl : командная строка  warning D9025: переопределение "/Zi" на "/Z7" [C:\Users\bugr2\source\repos\Diplom-CPP\vcpkg_installed\vcpkg\blds\libpq\x64-windows-dbg\libpgport.vcxproj]
     5>cl : командная строка  warning D9025: переопределение "/Zi" на "/Z7" [C:\Users\bugr2\source\repos\Diplom-CPP\vcpkg_installed\vcpkg\blds\libpq\x64-windows-dbg\libpgcommon.vcxproj]
     3>ClCompile:
         chklocale.c
     5>ClCompile:
         checksum_helper.c
     3>cl : командная строка  warning D9025: переопределение "/Zi" на "/Z7" [C:\Users\bugr2\source\repos\Diplom-CPP\vcpkg_installed\vcpkg\blds\libpq\x64-windows-dbg\libpgport.vcxproj]
     5>cl : командная строка  warning D9025: переопределение "/Zi" на "/Z7" [C:\Users\bugr2\source\repos\Diplom-CPP\vcpkg_installed\vcpkg\blds\libpq\x64-windows-dbg\libpgcommon.vcxproj]
     3>ClCompile:
         dirent.c
     5>ClCompile:
         compression.c
     3>cl : командная строка  warning D9025: переопределение "/Zi" на "/Z7" [C:\Users\bugr2\source\repos\Diplom-CPP\vcpkg_installed\vcpkg\blds\libpq\x64-windows-dbg\libpgport.vcxproj]
         dirmod.c
       ClCompile:
         config_info.c
         controldata_utils.c
     3>ClCompile:
         explicit_bzero.c
         getopt.c
         getopt_long.c
     5>ClCompile:
         cryptohash_openssl.c
         d2s.c
     3>ClCompile:
         getpeereid.c
     5>ClCompile:
         encnames.c
         exec.c
     3>ClCompile:
         inet_aton.c
         inet_net_ntop.c
         kill.c
     5>ClCompile:
         f2s.c
         fe_memutils.c
     3>ClCompile:
         mkdtemp.c
     5>ClCompile:
         file_perm.c
     3>ClCompile:
         noblock.c
     5>ClCompile:
         file_utils.c
     3>ClCompile:
         open.c
         path.c
     5>ClCompile:
         hashfn.c
         hmac_openssl.c
     3>ClCompile:
         pg_bitutils.c
     5>ClCompile:
         ip.c
     3>ClCompile:
         pg_crc32c_sb8.c
     5>ClCompile:
         jsonapi.c
     3>ClCompile:
         pg_crc32c_sse42.c
     5>ClCompile:
         keywords.c
         kwlookup.c
         link-canary.c
     3>ClCompile:
         pg_crc32c_sse42_choose.c
         pg_strong_random.c
     5>ClCompile:
         logging.c
     3>ClCompile:
         pgcheckdir.c
         pgmkdirp.c
     5>ClCompile:
         md5_common.c
         percentrepl.c
         pg_get_line.c
     3>ClCompile:
         pgsleep.c
         pgstrcasecmp.c
         pqsignal.c
     5>ClCompile:
         pg_lzcompress.c
     3>ClCompile:
         preadv.c
     5>ClCompile:
         pg_prng.c
         pgfnames.c
         protocol_openssl.c
     3>ClCompile:
         pwritev.c
         qsort.c
         qsort_arg.c
     5>ClCompile:
         psprintf.c
     3>ClCompile:
         quotes.c
     5>ClCompile:
         relpath.c
         restricted_token.c
     3>ClCompile:
         snprintf.c
         strerror.c
     5>ClCompile:
         rmtree.c
     3>ClCompile:
         strlcat.c
         strlcpy.c
     5>ClCompile:
         saslprep.c
         scram-common.c
         sprompt.c
     3>ClCompile:
         system.c
         tar.c
     5>ClCompile:
         string.c
     3>ClCompile:
         win32common.c
     5>ClCompile:
         stringinfo.c
     3>ClCompile:
         win32dlopen.c
     5>ClCompile:
         unicode_norm.c
         username.c
     3>ClCompile:
         win32env.c
         win32error.c
     5>ClCompile:
         wait_error.c
     3>ClCompile:
         win32fdatasync.c
     5>ClCompile:
         wchar.c
     3>ClCompile:
         win32fseek.c
         win32getrusage.c
         win32gettimeofday.c
         win32link.c
         win32ntdll.c
         win32pread.c
         win32pwrite.c
         win32security.c
         win32setlocale.c
         win32stat.c
     5>Lib:
         C:\Program Files\Microsoft Visual Studio\2022\Community\VC\Tools\MSVC\14.44.35207\bin\HostX64\x64\Lib.exe /OUT:".\Debug\libpgcommon\libpgcommon.lib" /NOLOGO /MACHINE:X64  -machine:x64 -nologo .\Debug\libpgcommon\archive.obj
         .\Debug\libpgcommon\base64.obj
         .\Debug\libpgcommon\checksum_helper.obj
         .\Debug\libpgcommon\compression.obj
         .\Debug\libpgcommon\config_info.obj
         .\Debug\libpgcommon\controldata_utils.obj
         .\Debug\libpgcommon\cryptohash_openssl.obj
         .\Debug\libpgcommon\d2s.obj
         .\Debug\libpgcommon\encnames.obj
         .\Debug\libpgcommon\exec.obj
         .\Debug\libpgcommon\f2s.obj
         .\Debug\libpgcommon\fe_memutils.obj
         .\Debug\libpgcommon\file_perm.obj
         .\Debug\libpgcommon\file_utils.obj
         .\Debug\libpgcommon\hashfn.obj
         .\Debug\libpgcommon\hmac_openssl.obj
         .\Debug\libpgcommon\ip.obj
         .\Debug\libpgcommon\jsonapi.obj
         .\Debug\libpgcommon\keywords.obj
         .\Debug\libpgcommon\kwlookup.obj
         ".\Debug\libpgcommon\link-canary.obj"
         .\Debug\libpgcommon\logging.obj
         .\Debug\libpgcommon\md5_common.obj
         .\Debug\libpgcommon\percentrepl.obj
         .\Debug\libpgcommon\pg_get_line.obj
         .\Debug\libpgcommon\pg_lzcompress.obj
         .\Debug\libpgcommon\pg_prng.obj
         .\Debug\libpgcommon\pgfnames.obj
         .\Debug\libpgcommon\protocol_openssl.obj
         .\Debug\libpgcommon\psprintf.obj
         .\Debug\libpgcommon\relpath.obj
         .\Debug\libpgcommon\restricted_token.obj
         .\Debug\libpgcommon\rmtree.obj
         .\Debug\libpgcommon\saslprep.obj
         ".\Debug\libpgcommon\scram-common.obj"
         .\Debug\libpgcommon\sprompt.obj
         .\Debug\libpgcommon\string.obj
         .\Debug\libpgcommon\stringinfo.obj
         .\Debug\libpgcommon\unicode_norm.obj
         .\Debug\libpgcommon\username.obj
         .\Debug\libpgcommon\wait_error.obj
         .\Debug\libpgcommon\wchar.obj
         libpgcommon.vcxproj -> C:\Users\bugr2\source\repos\Diplom-CPP\vcpkg_installed\vcpkg\blds\libpq\x64-windows-dbg\Debug\libpgcommon\libpgcommon.lib
       FinalizeBuildStatus:
         Файл ".\Debug\libpgcommon\libpgcommon.tlog\unsuccessfulbuild" удаляется.
         Обращение к ".\Debug\libpgcommon\libpgcommon.tlog\libpgcommon.lastbuildstate".
     5>Сборка проекта "C:\Users\bugr2\source\repos\Diplom-CPP\vcpkg_installed\vcpkg\blds\libpq\x64-windows-dbg\libpgcommon.vcxproj" завершена (целевые объекты по умолчанию).
     3>Lib:
         C:\Program Files\Microsoft Visual Studio\2022\Community\VC\Tools\MSVC\14.44.35207\bin\HostX64\x64\Lib.exe /OUT:".\Debug\libpgport\libpgport.lib" /NOLOGO /MACHINE:X64  -machine:x64 -nologo .\Debug\libpgport\bsearch_arg.obj
         .\Debug\libpgport\chklocale.obj
         .\Debug\libpgport\dirent.obj
         .\Debug\libpgport\dirmod.obj
         .\Debug\libpgport\explicit_bzero.obj
         .\Debug\libpgport\getopt.obj
         .\Debug\libpgport\getopt_long.obj
         .\Debug\libpgport\getpeereid.obj
         .\Debug\libpgport\inet_aton.obj
         .\Debug\libpgport\inet_net_ntop.obj
         .\Debug\libpgport\kill.obj
         .\Debug\libpgport\mkdtemp.obj
         .\Debug\libpgport\noblock.obj
         .\Debug\libpgport\open.obj
         .\Debug\libpgport\path.obj
         .\Debug\libpgport\pg_bitutils.obj
         .\Debug\libpgport\pg_crc32c_sb8.obj
         .\Debug\libpgport\pg_crc32c_sse42.obj
         .\Debug\libpgport\pg_crc32c_sse42_choose.obj
         .\Debug\libpgport\pg_strong_random.obj
         .\Debug\libpgport\pgcheckdir.obj
         .\Debug\libpgport\pgmkdirp.obj
         .\Debug\libpgport\pgsleep.obj
         .\Debug\libpgport\pgstrcasecmp.obj
         .\Debug\libpgport\pqsignal.obj
         .\Debug\libpgport\preadv.obj
         .\Debug\libpgport\pwritev.obj
         .\Debug\libpgport\qsort.obj
         .\Debug\libpgport\qsort_arg.obj
         .\Debug\libpgport\quotes.obj
         .\Debug\libpgport\snprintf.obj
         .\Debug\libpgport\strerror.obj
         .\Debug\libpgport\strlcat.obj
         .\Debug\libpgport\strlcpy.obj
         .\Debug\libpgport\system.obj
         .\Debug\libpgport\tar.obj
         .\Debug\libpgport\win32common.obj
         .\Debug\libpgport\win32dlopen.obj
         .\Debug\libpgport\win32env.obj
         .\Debug\libpgport\win32error.obj
         .\Debug\libpgport\win32fdatasync.obj
         .\Debug\libpgport\win32fseek.obj
         .\Debug\libpgport\win32getrusage.obj
         .\Debug\libpgport\win32gettimeofday.obj
         .\Debug\libpgport\win32link.obj
         .\Debug\libpgport\win32ntdll.obj
         .\Debug\libpgport\win32pread.obj
         .\Debug\libpgport\win32pwrite.obj
         .\Debug\libpgport\win32security.obj
         .\Debug\libpgport\win32setlocale.obj
         .\Debug\libpgport\win32stat.obj
         libpgport.vcxproj -> C:\Users\bugr2\source\repos\Diplom-CPP\vcpkg_installed\vcpkg\blds\libpq\x64-windows-dbg\Debug\libpgport\libpgport.lib
       FinalizeBuildStatus:
         Файл ".\Debug\libpgport\libpgport.tlog\unsuccessfulbuild" удаляется.
         Обращение к ".\Debug\libpgport\libpgport.tlog\libpgport.lastbuildstate".
     3>Сборка проекта "C:\Users\bugr2\source\repos\Diplom-CPP\vcpkg_installed\vcpkg\blds\libpq\x64-windows-dbg\libpgport.vcxproj" завершена (целевые объекты по умолчанию).
     1>Проект "C:\Users\bugr2\source\repos\Diplom-CPP\vcpkg_installed\vcpkg\blds\libpq\x64-windows-dbg\libecpg_compat.vcxproj" (1) выполняет сборку "C:\Users\bugr2\source\repos\Diplom-CPP\vcpkg_installed\vcpkg\blds\libpq\x64-windows-dbg\libpgtypes.vcxproj" (2) в узле 1 (целевые объекты по умолчанию).
     2>PrepareForBuild:
         Создание каталога ".\Debug\libpgtypes\".
         Структурированный вывод включен. Форматирование диагностики компилятора будет отражать иерархию ошибок. Подробнее см. https://aka.ms/cpp/structured-output.
         Создание каталога ".\Debug\libpgtypes\libpgtypes.tlog\".
     1>Проект "C:\Users\bugr2\source\repos\Diplom-CPP\vcpkg_installed\vcpkg\blds\libpq\x64-windows-dbg\libecpg_compat.vcxproj" (1) выполняет сборку "C:\Users\bugr2\source\repos\Diplom-CPP\vcpkg_installed\vcpkg\blds\libpq\x64-windows-dbg\libecpg.vcxproj" (4) в узле 2 (целевые объекты по умолчанию).
     4>Проект "C:\Users\bugr2\source\repos\Diplom-CPP\vcpkg_installed\vcpkg\blds\libpq\x64-windows-dbg\libecpg.vcxproj" (4) выполняет сборку "C:\Users\bugr2\source\repos\Diplom-CPP\vcpkg_installed\vcpkg\blds\libpq\x64-windows-dbg\libpq.vcxproj" (6) в узле 2 (целевые объекты по умолчанию).
     6>PrepareForBuild:
         Структурированный вывод включен. Форматирование диагностики компилятора будет отражать иерархию ошибок. Подробнее см. https://aka.ms/cpp/structured-output.
     2>InitializeBuildStatus:
         Создание ".\Debug\libpgtypes\libpgtypes.tlog\unsuccessfulbuild", так как было задано "AlwaysCreate".
         Обращение к ".\Debug\libpgtypes\libpgtypes.tlog\unsuccessfulbuild".
       VcpkgCheckManifestRoot:
         The vcpkg manifest was disabled, but we found a manifest file in C:\Users\bugr2\source\repos\Diplom-CPP\. You may want to enable vcpkg manifests in your properties page or pass /p:VcpkgEnableManifest=true to the msbuild invocation.
     6>InitializeBuildStatus:
         Создание ".\Debug\libpq\libpq.tlog\unsuccessfulbuild", так как было задано "AlwaysCreate".
         Обращение к ".\Debug\libpq\libpq.tlog\unsuccessfulbuild".
       VcpkgCheckManifestRoot:
         The vcpkg manifest was disabled, but we found a manifest file in C:\Users\bugr2\source\repos\Diplom-CPP\. You may want to enable vcpkg manifests in your properties page or pass /p:VcpkgEnableManifest=true to the msbuild invocation.
     2>ClCompile:
         C:\Program Files\Microsoft Visual Studio\2022\Community\VC\Tools\MSVC\14.44.35207\bin\HostX64\x64\CL.exe /c /Isrc/include /Isrc/include/port/win32 /Isrc/include/port/win32_msvc /I"C:/Users/bugr2/source/repos/Diplom-CPP/vcpkg_installed/x64-windows\include" /Isrc/interfaces/ecpg/include /Zi /nologo /W3 /WX- /diagnostics:column /Od /D WIN32 /D _WINDOWS /D __WINDOWS__ /D __WIN32__ /D WIN32_STACK_RLIMIT=4194304 /D _CRT_SECURE_NO_DEPRECATE /D _CRT_NONSTDC_NO_DEPRECATE /D _DEBUG /D DEBUG=1_WINDLL /D _MBCS /GF- /Gm- /EHsc /MDd /GS /fp:precise /Zc:wchar_t /Zc:forScope /Zc:inline /Fo".\Debug\libpgtypes\\" /Fd".\Debug\libpgtypes\vc143.pdb" /external:W3 /Gd /TC /wd4018 /wd4244 /wd4273 /wd4101 /wd4102 /wd4090 /wd4267 /FC /errorReport:queue /MP    -nologo -DWIN32 -D_WINDOWS -utf-8 -MP  -MDd -Z7 -Ob0 -Od -RTC1  src/interfaces/ecpg/pgtypeslib/common.c src/interfaces/ecpg/pgtypeslib/datetime.c src/interfaces/ecpg/pgtypeslib/dt_common.c src/interfaces/ecpg/pgtypeslib/interval.c src/interfaces/ecpg/pgtypeslib/numeric.c src/interfaces/ecpg/pgtypeslib/timestamp.c
     6>ClCompile:
         C:\Program Files\Microsoft Visual Studio\2022\Community\VC\Tools\MSVC\14.44.35207\bin\HostX64\x64\CL.exe /c /Isrc/include /Isrc/include/port/win32 /Isrc/include/port/win32_msvc /I"C:/Users/bugr2/source/repos/Diplom-CPP/vcpkg_installed/x64-windows\include" /Isrc/port /Zi /nologo /W3 /WX- /diagnostics:column /Od /D WIN32 /D _WINDOWS /D __WINDOWS__ /D __WIN32__ /D WIN32_STACK_RLIMIT=4194304 /D _CRT_SECURE_NO_DEPRECATE /D _CRT_NONSTDC_NO_DEPRECATE /D _DEBUG /D DEBUG=1_WINDLL /D _MBCS /GF- /Gm- /EHsc /MDd /GS /fp:precise /Zc:wchar_t /Zc:forScope /Zc:inline /Fo".\Debug\libpq\\" /Fd".\Debug\libpq\vc143.pdb" /external:W3 /Gd /TC /wd4018 /wd4244 /wd4273 /wd4101 /wd4102 /wd4090 /wd4267 /FC /errorReport:queue /MP    -nologo -DWIN32 -D_WINDOWS -utf-8 -MP  -MDd -Z7 -Ob0 -Od -RTC1  "src/interfaces/libpq/fe-auth-scram.c" "src/interfaces/libpq/fe-auth.c" "src/interfaces/libpq/fe-connect.c" "src/interfaces/libpq/fe-exec.c" "src/interfaces/libpq/fe-lobj.c" "src/interfaces/libpq/fe-misc.c" "src/interfaces/libpq/fe-print.c" "src/interfaces/libpq/fe-protocol3.c" "src/interfaces/libpq/fe-secure-common.c" "src/interfaces/libpq/fe-secure-openssl.c" "src/interfaces/libpq/fe-secure.c" "src/interfaces/libpq/fe-trace.c" "src/interfaces/libpq/legacy-pqsignal.c" "src/interfaces/libpq/libpq-events.c" src/interfaces/libpq/pqexpbuffer.c "src/interfaces/libpq/pthread-win32.c" src/interfaces/libpq/win32.c
     2>cl : командная строка  warning D9025: переопределение "/Zi" на "/Z7" [C:\Users\bugr2\source\repos\Diplom-CPP\vcpkg_installed\vcpkg\blds\libpq\x64-windows-dbg\libpgtypes.vcxproj]
     2>cl : командная строка  warning D9025: переопределение "/Zi" на "/Z7" [C:\Users\bugr2\source\repos\Diplom-CPP\vcpkg_installed\vcpkg\blds\libpq\x64-windows-dbg\libpgtypes.vcxproj]
         common.c
     2>cl : командная строка  warning D9025: переопределение "/Zi" на "/Z7" [C:\Users\bugr2\source\repos\Diplom-CPP\vcpkg_installed\vcpkg\blds\libpq\x64-windows-dbg\libpgtypes.vcxproj]
         datetime.c
     6>cl : командная строка  warning D9025: переопределение "/Zi" на "/Z7" [C:\Users\bugr2\source\repos\Diplom-CPP\vcpkg_installed\vcpkg\blds\libpq\x64-windows-dbg\libpq.vcxproj]
     2>cl : командная строка  warning D9025: переопределение "/Zi" на "/Z7" [C:\Users\bugr2\source\repos\Diplom-CPP\vcpkg_installed\vcpkg\blds\libpq\x64-windows-dbg\libpgtypes.vcxproj]
         dt_common.c
     2>cl : командная строка  warning D9025: переопределение "/Zi" на "/Z7" [C:\Users\bugr2\source\repos\Diplom-CPP\vcpkg_installed\vcpkg\blds\libpq\x64-windows-dbg\libpgtypes.vcxproj]
         interval.c
     6>cl : командная строка  warning D9025: переопределение "/Zi" на "/Z7" [C:\Users\bugr2\source\repos\Diplom-CPP\vcpkg_installed\vcpkg\blds\libpq\x64-windows-dbg\libpq.vcxproj]
         fe-auth-scram.c
     6>cl : командная строка  warning D9025: переопределение "/Zi" на "/Z7" [C:\Users\bugr2\source\repos\Diplom-CPP\vcpkg_installed\vcpkg\blds\libpq\x64-windows-dbg\libpq.vcxproj]
         fe-auth.c
     6>cl : командная строка  warning D9025: переопределение "/Zi" на "/Z7" [C:\Users\bugr2\source\repos\Diplom-CPP\vcpkg_installed\vcpkg\blds\libpq\x64-windows-dbg\libpq.vcxproj]
         fe-connect.c
     6>cl : командная строка  warning D9025: переопределение "/Zi" на "/Z7" [C:\Users\bugr2\source\repos\Diplom-CPP\vcpkg_installed\vcpkg\blds\libpq\x64-windows-dbg\libpq.vcxproj]
         fe-exec.c
     2>ClCompile:
         numeric.c
         timestamp.c
     6>ClCompile:
         fe-lobj.c
         fe-misc.c
         fe-print.c
         fe-protocol3.c
         fe-secure-common.c
         fe-secure-openssl.c
     2>ResourceCompile:
         C:\Program Files (x86)\Windows Kits\10\bin\10.0.26100.0\x64\rc.exe /l"0x0409" /Isrc\include /nologo /fo".\Debug\libpgtypes\win32ver.res" src/interfaces/ecpg/pgtypeslib/win32ver.rc 
     6>ClCompile:
         fe-secure.c
         fe-trace.c
         legacy-pqsignal.c
         libpq-events.c
         pqexpbuffer.c
     2>Link:
         C:\Program Files\Microsoft Visual Studio\2022\Community\VC\Tools\MSVC\14.44.35207\bin\HostX64\x64\link.exe /ERRORREPORT:QUEUE /OUT:".\Debug\libpgtypes\libpgtypes.dll" /INCREMENTAL:NO /NOLOGO "C:/Users/bugr2/source/repos/Diplom-CPP/vcpkg_installed/x64-windows/debug/lib/zlibd.lib" "C:/Users/bugr2/source/repos/Diplom-CPP/vcpkg_installed/x64-windows/debug/lib/libssl.lib" "C:/Users/bugr2/source/repos/Diplom-CPP/vcpkg_installed/x64-windows/debug/lib/libcrypto.lib" crypt32.lib ws2_32.lib secur32.lib "C:/Users/bugr2/source/repos/Diplom-CPP/vcpkg_installed/x64-windows/debug/lib/lz4d.lib" Debug/libpgcommon/libpgcommon.lib Debug/libpgport/libpgport.lib kernel32.lib user32.lib gdi32.lib winspool.lib comdlg32.lib advapi32.lib shell32.lib ole32.lib oleaut32.lib uuid.lib odbc32.lib odbccp32.lib /NODEFAULTLIB:libc /DEF:"src/interfaces/ecpg/pgtypeslib/pgtypeslib.def" /MANIFEST /MANIFESTUAC:"level='asInvoker' uiAccess='false'" /manifest:embed /DEBUG /PDB:".\Debug\libpgtypes\libpgtypes.pdb" /SUBSYSTEM:CONSOLE /STACK:"4194304" /TLBID:1 /DYNAMICBASE /NXCOMPAT /IMPLIB:".\Debug\libpgtypes\libpgtypes.lib" /MACHINE:X64   -machine:x64 -nologo    -debug -INCREMENTAL /DLL .\Debug\libpgtypes\win32ver.res
         .\Debug\libpgtypes\common.obj
         .\Debug\libpgtypes\datetime.obj
         .\Debug\libpgtypes\dt_common.obj
         .\Debug\libpgtypes\interval.obj
         .\Debug\libpgtypes\numeric.obj
         .\Debug\libpgtypes\timestamp.obj
         "C:\Users\bugr2\source\repos\Diplom-CPP\vcpkg_installed\vcpkg\blds\libpq\x64-windows-dbg\Debug\libpgcommon\libpgcommon.lib"
         "C:\Users\bugr2\source\repos\Diplom-CPP\vcpkg_installed\vcpkg\blds\libpq\x64-windows-dbg\Debug\libpgport\libpgport.lib"
     6>ClCompile:
         pthread-win32.c
     2>Link:
            Создается библиотека .\Debug\libpgtypes\libpgtypes.lib и объект .\Debug\libpgtypes\libpgtypes.exp
     6>ClCompile:
         win32.c
     2>Link:
         libpgtypes.vcxproj -> C:\Users\bugr2\source\repos\Diplom-CPP\vcpkg_installed\vcpkg\blds\libpq\x64-windows-dbg\Debug\libpgtypes\libpgtypes.dll
       FinalizeBuildStatus:
         Файл ".\Debug\libpgtypes\libpgtypes.tlog\unsuccessfulbuild" удаляется.
         Обращение к ".\Debug\libpgtypes\libpgtypes.tlog\libpgtypes.lastbuildstate".
     2>Сборка проекта "C:\Users\bugr2\source\repos\Diplom-CPP\vcpkg_installed\vcpkg\blds\libpq\x64-windows-dbg\libpgtypes.vcxproj" завершена (целевые объекты по умолчанию).
     6>ResourceCompile:
         Для всех выходных данных обновления не требуется.
       Link:
         C:\Program Files\Microsoft Visual Studio\2022\Community\VC\Tools\MSVC\14.44.35207\bin\HostX64\x64\link.exe /ERRORREPORT:QUEUE /OUT:".\Debug\libpq\libpq.dll" /INCREMENTAL:NO /NOLOGO "C:/Users/bugr2/source/repos/Diplom-CPP/vcpkg_installed/x64-windows/debug/lib/zlibd.lib" "C:/Users/bugr2/source/repos/Diplom-CPP/vcpkg_installed/x64-windows/debug/lib/libssl.lib" "C:/Users/bugr2/source/repos/Diplom-CPP/vcpkg_installed/x64-windows/debug/lib/libcrypto.lib" crypt32.lib ws2_32.lib secur32.lib "C:/Users/bugr2/source/repos/Diplom-CPP/vcpkg_installed/x64-windows/debug/lib/lz4d.lib" secur32.lib ws2_32.lib wldap32.lib Debug/libpgcommon/libpgcommon.lib Debug/libpgport/libpgport.lib kernel32.lib user32.lib gdi32.lib winspool.lib comdlg32.lib advapi32.lib shell32.lib ole32.lib oleaut32.lib uuid.lib odbc32.lib odbccp32.lib /NODEFAULTLIB:libc /DEF:"src/interfaces/libpq/libpqdll.def" /MANIFEST /MANIFESTUAC:"level='asInvoker' uiAccess='false'" /manifest:embed /DEBUG /PDB:".\Debug\libpq\libpq.pdb" /SUBSYSTEM:CONSOLE /STACK:"4194304" /TLBID:1 /DYNAMICBASE /NXCOMPAT /IMPLIB:".\Debug\libpq\libpq.lib" /MACHINE:X64   -machine:x64 -nologo    -debug -INCREMENTAL /DLL .\Debug\libpq\win32ver.res
         ".\Debug\libpq\fe-auth-scram.obj"
         ".\Debug\libpq\fe-auth.obj"
         ".\Debug\libpq\fe-connect.obj"
         ".\Debug\libpq\fe-exec.obj"
         ".\Debug\libpq\fe-lobj.obj"
         ".\Debug\libpq\fe-misc.obj"
         ".\Debug\libpq\fe-print.obj"
         ".\Debug\libpq\fe-protocol3.obj"
         ".\Debug\libpq\fe-secure-common.obj"
         ".\Debug\libpq\fe-secure-openssl.obj"
         ".\Debug\libpq\fe-secure.obj"
         ".\Debug\libpq\fe-trace.obj"
         ".\Debug\libpq\legacy-pqsignal.obj"
         ".\Debug\libpq\libpq-events.obj"
         .\Debug\libpq\pqexpbuffer.obj
         ".\Debug\libpq\pthread-win32.obj"
         .\Debug\libpq\win32.obj
         "C:\Users\bugr2\source\repos\Diplom-CPP\vcpkg_installed\vcpkg\blds\libpq\x64-windows-dbg\Debug\libpgcommon\libpgcommon.lib"
         "C:\Users\bugr2\source\repos\Diplom-CPP\vcpkg_installed\vcpkg\blds\libpq\x64-windows-dbg\Debug\libpgport\libpgport.lib"
            Создается библиотека .\Debug\libpq\libpq.lib и объект .\Debug\libpq\libpq.exp
         libpq.vcxproj -> C:\Users\bugr2\source\repos\Diplom-CPP\vcpkg_installed\vcpkg\blds\libpq\x64-windows-dbg\Debug\libpq\libpq.dll
       FinalizeBuildStatus:
         Файл ".\Debug\libpq\libpq.tlog\unsuccessfulbuild" удаляется.
         Обращение к ".\Debug\libpq\libpq.tlog\libpq.lastbuildstate".
     6>Сборка проекта "C:\Users\bugr2\source\repos\Diplom-CPP\vcpkg_installed\vcpkg\blds\libpq\x64-windows-dbg\libpq.vcxproj" завершена (целевые объекты по умолчанию).
     4>PrepareForBuild:
         Создание каталога ".\Debug\libecpg\".
         Структурированный вывод включен. Форматирование диагностики компилятора будет отражать иерархию ошибок. Подробнее см. https://aka.ms/cpp/structured-output.
         Создание каталога ".\Debug\libecpg\libecpg.tlog\".
       InitializeBuildStatus:
         Создание ".\Debug\libecpg\libecpg.tlog\unsuccessfulbuild", так как было задано "AlwaysCreate".
         Обращение к ".\Debug\libecpg\libecpg.tlog\unsuccessfulbuild".
       VcpkgCheckManifestRoot:
         The vcpkg manifest was disabled, but we found a manifest file in C:\Users\bugr2\source\repos\Diplom-CPP\. You may want to enable vcpkg manifests in your properties page or pass /p:VcpkgEnableManifest=true to the msbuild invocation.
       ClCompile:
         C:\Program Files\Microsoft Visual Studio\2022\Community\VC\Tools\MSVC\14.44.35207\bin\HostX64\x64\CL.exe /c /Isrc/include /Isrc/include/port/win32 /Isrc/include/port/win32_msvc /I"C:/Users/bugr2/source/repos/Diplom-CPP/vcpkg_installed/x64-windows\include" /Isrc/interfaces/ecpg/include /Isrc/interfaces/libpq /Isrc/port /Zi /nologo /W3 /WX- /diagnostics:column /Od /D WIN32 /D _WINDOWS /D __WINDOWS__ /D __WIN32__ /D WIN32_STACK_RLIMIT=4194304 /D _CRT_SECURE_NO_DEPRECATE /D _CRT_NONSTDC_NO_DEPRECATE /D _DEBUG /D DEBUG=1_WINDLL /D _MBCS /GF- /Gm- /EHsc /MDd /GS /fp:precise /Zc:wchar_t /Zc:forScope /Zc:inline /Fo".\Debug\libecpg\\" /Fd".\Debug\libecpg\vc143.pdb" /external:W3 /Gd /TC /wd4018 /wd4244 /wd4273 /wd4101 /wd4102 /wd4090 /wd4267 /FC /errorReport:queue /MP    -nologo -DWIN32 -D_WINDOWS -utf-8 -MP  -MDd -Z7 -Ob0 -Od -RTC1  src/interfaces/ecpg/ecpglib/connect.c src/interfaces/ecpg/ecpglib/data.c src/interfaces/ecpg/ecpglib/descriptor.c src/interfaces/ecpg/ecpglib/error.c src/interfaces/ecpg/ecpglib/execute.c src/interfaces/ecpg/ecpglib/memory.c src/interfaces/ecpg/ecpglib/misc.c src/interfaces/ecpg/ecpglib/prepare.c src/interfaces/ecpg/ecpglib/sqlda.c src/interfaces/ecpg/ecpglib/typename.c
     4>cl : командная строка  warning D9025: переопределение "/Zi" на "/Z7" [C:\Users\bugr2\source\repos\Diplom-CPP\vcpkg_installed\vcpkg\blds\libpq\x64-windows-dbg\libecpg.vcxproj]
     4>cl : командная строка  warning D9025: переопределение "/Zi" на "/Z7" [C:\Users\bugr2\source\repos\Diplom-CPP\vcpkg_installed\vcpkg\blds\libpq\x64-windows-dbg\libecpg.vcxproj]
         connect.c
     4>cl : командная строка  warning D9025: переопределение "/Zi" на "/Z7" [C:\Users\bugr2\source\repos\Diplom-CPP\vcpkg_installed\vcpkg\blds\libpq\x64-windows-dbg\libecpg.vcxproj]
         data.c
     4>cl : командная строка  warning D9025: переопределение "/Zi" на "/Z7" [C:\Users\bugr2\source\repos\Diplom-CPP\vcpkg_installed\vcpkg\blds\libpq\x64-windows-dbg\libecpg.vcxproj]
         descriptor.c
     4>cl : командная строка  warning D9025: переопределение "/Zi" на "/Z7" [C:\Users\bugr2\source\repos\Diplom-CPP\vcpkg_installed\vcpkg\blds\libpq\x64-windows-dbg\libecpg.vcxproj]
         error.c
         execute.c
         memory.c
         misc.c
         prepare.c
         sqlda.c
         typename.c
       ResourceCompile:
         C:\Program Files (x86)\Windows Kits\10\bin\10.0.26100.0\x64\rc.exe /l"0x0409" /Isrc\include /nologo /fo".\Debug\libecpg\win32ver.res" src/interfaces/ecpg/ecpglib/win32ver.rc 
       Link:
         C:\Program Files\Microsoft Visual Studio\2022\Community\VC\Tools\MSVC\14.44.35207\bin\HostX64\x64\link.exe /ERRORREPORT:QUEUE /OUT:".\Debug\libecpg\libecpg.dll" /INCREMENTAL:NO /NOLOGO "C:/Users/bugr2/source/repos/Diplom-CPP/vcpkg_installed/x64-windows/debug/lib/zlibd.lib" "C:/Users/bugr2/source/repos/Diplom-CPP/vcpkg_installed/x64-windows/debug/lib/libssl.lib" "C:/Users/bugr2/source/repos/Diplom-CPP/vcpkg_installed/x64-windows/debug/lib/libcrypto.lib" crypt32.lib ws2_32.lib secur32.lib "C:/Users/bugr2/source/repos/Diplom-CPP/vcpkg_installed/x64-windows/debug/lib/lz4d.lib" ws2_32.lib Debug/libpq/libpq.lib Debug/libpgtypes/libpgtypes.lib Debug/libpgport/libpgport.lib kernel32.lib user32.lib gdi32.lib winspool.lib comdlg32.lib advapi32.lib shell32.lib ole32.lib oleaut32.lib uuid.lib odbc32.lib odbccp32.lib /NODEFAULTLIB:libc /DEF:"src/interfaces/ecpg/ecpglib/ecpglib.def" /MANIFEST /MANIFESTUAC:"level='asInvoker' uiAccess='false'" /manifest:embed /DEBUG /PDB:".\Debug\libecpg\libecpg.pdb" /SUBSYSTEM:CONSOLE /STACK:"4194304" /TLBID:1 /DYNAMICBASE /NXCOMPAT /IMPLIB:".\Debug\libecpg\libecpg.lib" /MACHINE:X64   -machine:x64 -nologo    -debug -INCREMENTAL /DLL .\Debug\libecpg\win32ver.res
         .\Debug\libecpg\connect.obj
         .\Debug\libecpg\data.obj
         .\Debug\libecpg\descriptor.obj
         .\Debug\libecpg\error.obj
         .\Debug\libecpg\execute.obj
         .\Debug\libecpg\memory.obj
         .\Debug\libecpg\misc.obj
         .\Debug\libecpg\prepare.obj
         .\Debug\libecpg\sqlda.obj
         .\Debug\libecpg\typename.obj
         "C:\Users\bugr2\source\repos\Diplom-CPP\vcpkg_installed\vcpkg\blds\libpq\x64-windows-dbg\Debug\libpq\libpq.lib"
         "C:\Users\bugr2\source\repos\Diplom-CPP\vcpkg_installed\vcpkg\blds\libpq\x64-windows-dbg\Debug\libpgtypes\libpgtypes.lib"
         "C:\Users\bugr2\source\repos\Diplom-CPP\vcpkg_installed\vcpkg\blds\libpq\x64-windows-dbg\Debug\libpgport\libpgport.lib"
            Создается библиотека .\Debug\libecpg\libecpg.lib и объект .\Debug\libecpg\libecpg.exp
         libecpg.vcxproj -> C:\Users\bugr2\source\repos\Diplom-CPP\vcpkg_installed\vcpkg\blds\libpq\x64-windows-dbg\Debug\libecpg\libecpg.dll
       FinalizeBuildStatus:
         Файл ".\Debug\libecpg\libecpg.tlog\unsuccessfulbuild" удаляется.
         Обращение к ".\Debug\libecpg\libecpg.tlog\libecpg.lastbuildstate".
     4>Сборка проекта "C:\Users\bugr2\source\repos\Diplom-CPP\vcpkg_installed\vcpkg\blds\libpq\x64-windows-dbg\libecpg.vcxproj" завершена (целевые объекты по умолчанию).
     1>PrepareForBuild:
         Создание каталога ".\Debug\libecpg_compat\".
         Структурированный вывод включен. Форматирование диагностики компилятора будет отражать иерархию ошибок. Подробнее см. https://aka.ms/cpp/structured-output.
         Создание каталога ".\Debug\libecpg_compat\libecpg_compat.tlog\".
       InitializeBuildStatus:
         Создание ".\Debug\libecpg_compat\libecpg_compat.tlog\unsuccessfulbuild", так как было задано "AlwaysCreate".
         Обращение к ".\Debug\libecpg_compat\libecpg_compat.tlog\unsuccessfulbuild".
       VcpkgCheckManifestRoot:
         The vcpkg manifest was disabled, but we found a manifest file in C:\Users\bugr2\source\repos\Diplom-CPP\. You may want to enable vcpkg manifests in your properties page or pass /p:VcpkgEnableManifest=true to the msbuild invocation.
       ClCompile:
         C:\Program Files\Microsoft Visual Studio\2022\Community\VC\Tools\MSVC\14.44.35207\bin\HostX64\x64\CL.exe /c /Isrc/include /Isrc/include/port/win32 /Isrc/include/port/win32_msvc /I"C:/Users/bugr2/source/repos/Diplom-CPP/vcpkg_installed/x64-windows\include" /Isrc/interfaces/ecpg/include /Isrc/interfaces/libpq /Zi /nologo /W3 /WX- /diagnostics:column /Od /D WIN32 /D _WINDOWS /D __WINDOWS__ /D __WIN32__ /D WIN32_STACK_RLIMIT=4194304 /D _CRT_SECURE_NO_DEPRECATE /D _CRT_NONSTDC_NO_DEPRECATE /D _DEBUG /D DEBUG=1_WINDLL /D _MBCS /GF- /Gm- /EHsc /MDd /GS /fp:precise /Zc:wchar_t /Zc:forScope /Zc:inline /Fo".\Debug\libecpg_compat\\" /Fd".\Debug\libecpg_compat\vc143.pdb" /external:W3 /Gd /TC /wd4018 /wd4244 /wd4273 /wd4101 /wd4102 /wd4090 /wd4267 /FC /errorReport:queue /MP    -nologo -DWIN32 -D_WINDOWS -utf-8 -MP  -MDd -Z7 -Ob0 -Od -RTC1  src/interfaces/ecpg/compatlib/informix.c
     1>cl : командная строка  warning D9025: переопределение "/Zi" на "/Z7" [C:\Users\bugr2\source\repos\Diplom-CPP\vcpkg_installed\vcpkg\blds\libpq\x64-windows-dbg\libecpg_compat.vcxproj]
         informix.c
       ResourceCompile:
         C:\Program Files (x86)\Windows Kits\10\bin\10.0.26100.0\x64\rc.exe /l"0x0409" /Isrc\include /nologo /fo".\Debug\libecpg_compat\win32ver.res" src/interfaces/ecpg/compatlib/win32ver.rc 
       Link:
         C:\Program Files\Microsoft Visual Studio\2022\Community\VC\Tools\MSVC\14.44.35207\bin\HostX64\x64\link.exe /ERRORREPORT:QUEUE /OUT:".\Debug\libecpg_compat\libecpg_compat.dll" /INCREMENTAL:NO /NOLOGO "C:/Users/bugr2/source/repos/Diplom-CPP/vcpkg_installed/x64-windows/debug/lib/zlibd.lib" "C:/Users/bugr2/source/repos/Diplom-CPP/vcpkg_installed/x64-windows/debug/lib/libssl.lib" "C:/Users/bugr2/source/repos/Diplom-CPP/vcpkg_installed/x64-windows/debug/lib/libcrypto.lib" crypt32.lib ws2_32.lib secur32.lib "C:/Users/bugr2/source/repos/Diplom-CPP/vcpkg_installed/x64-windows/debug/lib/lz4d.lib" Debug/libpgtypes/libpgtypes.lib Debug/libecpg/libecpg.lib Debug/libpgport/libpgport.lib Debug/libpgcommon/libpgcommon.lib kernel32.lib user32.lib gdi32.lib winspool.lib comdlg32.lib advapi32.lib shell32.lib ole32.lib oleaut32.lib uuid.lib odbc32.lib odbccp32.lib /NODEFAULTLIB:libc /DEF:"src/interfaces/ecpg/compatlib/compatlib.def" /MANIFEST /MANIFESTUAC:"level='asInvoker' uiAccess='false'" /manifest:embed /DEBUG /PDB:".\Debug\libecpg_compat\libecpg_compat.pdb" /SUBSYSTEM:CONSOLE /STACK:"4194304" /TLBID:1 /DYNAMICBASE /NXCOMPAT /IMPLIB:".\Debug\libecpg_compat\libecpg_compat.lib" /MACHINE:X64   -machine:x64 -nologo    -debug -INCREMENTAL /DLL .\Debug\libecpg_compat\win32ver.res
         .\Debug\libecpg_compat\informix.obj
         "C:\Users\bugr2\source\repos\Diplom-CPP\vcpkg_installed\vcpkg\blds\libpq\x64-windows-dbg\Debug\libpgtypes\libpgtypes.lib"
         "C:\Users\bugr2\source\repos\Diplom-CPP\vcpkg_installed\vcpkg\blds\libpq\x64-windows-dbg\Debug\libecpg\libecpg.lib"
         "C:\Users\bugr2\source\repos\Diplom-CPP\vcpkg_installed\vcpkg\blds\libpq\x64-windows-dbg\Debug\libpgport\libpgport.lib"
         "C:\Users\bugr2\source\repos\Diplom-CPP\vcpkg_installed\vcpkg\blds\libpq\x64-windows-dbg\Debug\libpgcommon\libpgcommon.lib"
            Создается библиотека .\Debug\libecpg_compat\libecpg_compat.lib и объект .\Debug\libecpg_compat\libecpg_compat.exp
         libecpg_compat.vcxproj -> C:\Users\bugr2\source\repos\Diplom-CPP\vcpkg_installed\vcpkg\blds\libpq\x64-windows-dbg\Debug\libecpg_compat\libecpg_compat.dll
       FinalizeBuildStatus:
         Файл ".\Debug\libecpg_compat\libecpg_compat.tlog\unsuccessfulbuild" удаляется.
         Обращение к ".\Debug\libecpg_compat\libecpg_compat.tlog\libecpg_compat.lastbuildstate".
     1>Сборка проекта "C:\Users\bugr2\source\repos\Diplom-CPP\vcpkg_installed\vcpkg\blds\libpq\x64-windows-dbg\libecpg_compat.vcxproj" завершена (целевые объекты по умолчанию).

Сборка успешно завершена.

       "C:\Users\bugr2\source\repos\Diplom-CPP\vcpkg_installed\vcpkg\blds\libpq\x64-windows-dbg\libecpg_compat.vcxproj" (целевой объект по умолчанию) (1) ->
       "C:\Users\bugr2\source\repos\Diplom-CPP\vcpkg_installed\vcpkg\blds\libpq\x64-windows-dbg\libpgcommon.vcxproj" (целевой объект по умолчанию) (5) ->
       (Целевой объект ClCompile) -> 
         cl : командная строка  warning D9025: переопределение "/Zi" на "/Z7" [C:\Users\bugr2\source\repos\Diplom-CPP\vcpkg_installed\vcpkg\blds\libpq\x64-windows-dbg\libpgcommon.vcxproj]
         cl : командная строка  warning D9025: переопределение "/Zi" на "/Z7" [C:\Users\bugr2\source\repos\Diplom-CPP\vcpkg_installed\vcpkg\blds\libpq\x64-windows-dbg\libpgcommon.vcxproj]
         cl : командная строка  warning D9025: переопределение "/Zi" на "/Z7" [C:\Users\bugr2\source\repos\Diplom-CPP\vcpkg_installed\vcpkg\blds\libpq\x64-windows-dbg\libpgcommon.vcxproj]
         cl : командная строка  warning D9025: переопределение "/Zi" на "/Z7" [C:\Users\bugr2\source\repos\Diplom-CPP\vcpkg_installed\vcpkg\blds\libpq\x64-windows-dbg\libpgcommon.vcxproj]
         cl : командная строка  warning D9025: переопределение "/Zi" на "/Z7" [C:\Users\bugr2\source\repos\Diplom-CPP\vcpkg_installed\vcpkg\blds\libpq\x64-windows-dbg\libpgcommon.vcxproj]


       "C:\Users\bugr2\source\repos\Diplom-CPP\vcpkg_installed\vcpkg\blds\libpq\x64-windows-dbg\libecpg_compat.vcxproj" (целевой объект по умолчанию) (1) ->
       "C:\Users\bugr2\source\repos\Diplom-CPP\vcpkg_installed\vcpkg\blds\libpq\x64-windows-dbg\libpgport.vcxproj" (целевой объект по умолчанию) (3) ->
         cl : командная строка  warning D9025: переопределение "/Zi" на "/Z7" [C:\Users\bugr2\source\repos\Diplom-CPP\vcpkg_installed\vcpkg\blds\libpq\x64-windows-dbg\libpgport.vcxproj]
         cl : командная строка  warning D9025: переопределение "/Zi" на "/Z7" [C:\Users\bugr2\source\repos\Diplom-CPP\vcpkg_installed\vcpkg\blds\libpq\x64-windows-dbg\libpgport.vcxproj]
         cl : командная строка  warning D9025: переопределение "/Zi" на "/Z7" [C:\Users\bugr2\source\repos\Diplom-CPP\vcpkg_installed\vcpkg\blds\libpq\x64-windows-dbg\libpgport.vcxproj]
         cl : командная строка  warning D9025: переопределение "/Zi" на "/Z7" [C:\Users\bugr2\source\repos\Diplom-CPP\vcpkg_installed\vcpkg\blds\libpq\x64-windows-dbg\libpgport.vcxproj]
         cl : командная строка  warning D9025: переопределение "/Zi" на "/Z7" [C:\Users\bugr2\source\repos\Diplom-CPP\vcpkg_installed\vcpkg\blds\libpq\x64-windows-dbg\libpgport.vcxproj]


       "C:\Users\bugr2\source\repos\Diplom-CPP\vcpkg_installed\vcpkg\blds\libpq\x64-windows-dbg\libecpg_compat.vcxproj" (целевой объект по умолчанию) (1) ->
       "C:\Users\bugr2\source\repos\Diplom-CPP\vcpkg_installed\vcpkg\blds\libpq\x64-windows-dbg\libpgtypes.vcxproj" (целевой объект по умолчанию) (2) ->
         cl : командная строка  warning D9025: переопределение "/Zi" на "/Z7" [C:\Users\bugr2\source\repos\Diplom-CPP\vcpkg_installed\vcpkg\blds\libpq\x64-windows-dbg\libpgtypes.vcxproj]
         cl : командная строка  warning D9025: переопределение "/Zi" на "/Z7" [C:\Users\bugr2\source\repos\Diplom-CPP\vcpkg_installed\vcpkg\blds\libpq\x64-windows-dbg\libpgtypes.vcxproj]
         cl : командная строка  warning D9025: переопределение "/Zi" на "/Z7" [C:\Users\bugr2\source\repos\Diplom-CPP\vcpkg_installed\vcpkg\blds\libpq\x64-windows-dbg\libpgtypes.vcxproj]
         cl : командная строка  warning D9025: переопределение "/Zi" на "/Z7" [C:\Users\bugr2\source\repos\Diplom-CPP\vcpkg_installed\vcpkg\blds\libpq\x64-windows-dbg\libpgtypes.vcxproj]
         cl : командная строка  warning D9025: переопределение "/Zi" на "/Z7" [C:\Users\bugr2\source\repos\Diplom-CPP\vcpkg_installed\vcpkg\blds\libpq\x64-windows-dbg\libpgtypes.vcxproj]


       "C:\Users\bugr2\source\repos\Diplom-CPP\vcpkg_installed\vcpkg\blds\libpq\x64-windows-dbg\libecpg_compat.vcxproj" (целевой объект по умолчанию) (1) ->
       "C:\Users\bugr2\source\repos\Diplom-CPP\vcpkg_installed\vcpkg\blds\libpq\x64-windows-dbg\libecpg.vcxproj" (целевой объект по умолчанию) (4) ->
       "C:\Users\bugr2\source\repos\Diplom-CPP\vcpkg_installed\vcpkg\blds\libpq\x64-windows-dbg\libpq.vcxproj" (целевой объект по умолчанию) (6) ->
         cl : командная строка  warning D9025: переопределение "/Zi" на "/Z7" [C:\Users\bugr2\source\repos\Diplom-CPP\vcpkg_installed\vcpkg\blds\libpq\x64-windows-dbg\libpq.vcxproj]
         cl : командная строка  warning D9025: переопределение "/Zi" на "/Z7" [C:\Users\bugr2\source\repos\Diplom-CPP\vcpkg_installed\vcpkg\blds\libpq\x64-windows-dbg\libpq.vcxproj]
         cl : командная строка  warning D9025: переопределение "/Zi" на "/Z7" [C:\Users\bugr2\source\repos\Diplom-CPP\vcpkg_installed\vcpkg\blds\libpq\x64-windows-dbg\libpq.vcxproj]
         cl : командная строка  warning D9025: переопределение "/Zi" на "/Z7" [C:\Users\bugr2\source\repos\Diplom-CPP\vcpkg_installed\vcpkg\blds\libpq\x64-windows-dbg\libpq.vcxproj]
         cl : командная строка  warning D9025: переопределение "/Zi" на "/Z7" [C:\Users\bugr2\source\repos\Diplom-CPP\vcpkg_installed\vcpkg\blds\libpq\x64-windows-dbg\libpq.vcxproj]


       "C:\Users\bugr2\source\repos\Diplom-CPP\vcpkg_installed\vcpkg\blds\libpq\x64-windows-dbg\libecpg_compat.vcxproj" (целевой объект по умолчанию) (1) ->
       "C:\Users\bugr2\source\repos\Diplom-CPP\vcpkg_installed\vcpkg\blds\libpq\x64-windows-dbg\libecpg.vcxproj" (целевой объект по умолчанию) (4) ->
         cl : командная строка  warning D9025: переопределение "/Zi" на "/Z7" [C:\Users\bugr2\source\repos\Diplom-CPP\vcpkg_installed\vcpkg\blds\libpq\x64-windows-dbg\libecpg.vcxproj]
         cl : командная строка  warning D9025: переопределение "/Zi" на "/Z7" [C:\Users\bugr2\source\repos\Diplom-CPP\vcpkg_installed\vcpkg\blds\libpq\x64-windows-dbg\libecpg.vcxproj]
         cl : командная строка  warning D9025: переопределение "/Zi" на "/Z7" [C:\Users\bugr2\source\repos\Diplom-CPP\vcpkg_installed\vcpkg\blds\libpq\x64-windows-dbg\libecpg.vcxproj]
         cl : командная строка  warning D9025: переопределение "/Zi" на "/Z7" [C:\Users\bugr2\source\repos\Diplom-CPP\vcpkg_installed\vcpkg\blds\libpq\x64-windows-dbg\libecpg.vcxproj]
         cl : командная строка  warning D9025: переопределение "/Zi" на "/Z7" [C:\Users\bugr2\source\repos\Diplom-CPP\vcpkg_installed\vcpkg\blds\libpq\x64-windows-dbg\libecpg.vcxproj]


       "C:\Users\bugr2\source\repos\Diplom-CPP\vcpkg_installed\vcpkg\blds\libpq\x64-windows-dbg\libecpg_compat.vcxproj" (целевой объект по умолчанию) (1) ->
         cl : командная строка  warning D9025: переопределение "/Zi" на "/Z7" [C:\Users\bugr2\source\repos\Diplom-CPP\vcpkg_installed\vcpkg\blds\libpq\x64-windows-dbg\libecpg_compat.vcxproj]

    Предупреждений: 26
    Ошибок: 0

Прошло времени 00:00:31.14
