Detected hardware platform: X64
Generating win32ver.rc for src/backend
Generating win32ver.rc for src/timezone
Generating win32ver.rc for src/backend/snowball
Generating win32ver.rc for src/pl/plpgsql/src
Generating win32ver.rc for src/interfaces/libpq
Generating win32ver.rc for src/backend/replication/libpqwalreceiver
Generating win32ver.rc for src/interfaces/libpq/test
Generating win32ver.rc for src/backend/replication/pgoutput
Generating win32ver.rc for src/interfaces/ecpg/pgtypeslib
Generating win32ver.rc for src/interfaces/ecpg/ecpglib
Generating win32ver.rc for src/interfaces/ecpg/compatlib
Generating win32ver.rc for src/interfaces/ecpg/preproc
Generating win32ver.rc for src/interfaces/ecpg/test
Generating win32ver.rc for src/test/isolation
Generating win32ver.rc for src/bin/initdb
Generating win32ver.rc for src/bin/pgbench
Files src/bin/pgbench/exprscan.l
Files src/bin/pgbench/exprparse.y
Generating win32ver.rc for src/bin/pg_amcheck
Generating win32ver.rc for src/bin/pg_archivecleanup
Generating win32ver.rc for src/bin/pg_checksums
Generating win32ver.rc for src/bin/pg_config
Generating win32ver.rc for src/bin/pg_controldata
Generating win32ver.rc for src/bin/pg_ctl
Generating win32ver.rc for src/bin/pg_resetwal
Generating win32ver.rc for src/bin/pg_test_fsync
Generating win32ver.rc for src/bin/pg_test_timing
Generating win32ver.rc for src/bin/pg_upgrade
Generating win32ver.rc for src/bin/pg_verifybackup
Generating win32ver.rc for src/bin/psql
Files src/bin/psql/psqlscanslash.l
Generating win32ver.rc for src/bin/pg_basebackup
Generating win32ver.rc for src/bin/pg_rewind
Generating win32ver.rc for src/bin/pgevent
Generating win32ver.rc for src/bin/pg_dump
Generating win32ver.rc for contrib/adminpack
Generating win32ver.rc for contrib/amcheck
Generating win32ver.rc for contrib/auth_delay
Generating win32ver.rc for contrib/auto_explain
Generating win32ver.rc for contrib/basebackup_to_shell
Generating win32ver.rc for contrib/basic_archive
Generating win32ver.rc for contrib/bloom
Generating win32ver.rc for contrib/btree_gin
Generating win32ver.rc for contrib/btree_gist
Generating win32ver.rc for contrib/citext
Generating win32ver.rc for contrib/cube
Generating win32ver.rc for contrib/dblink
Generating win32ver.rc for contrib/dict_int
Generating win32ver.rc for contrib/dict_xsyn
Generating win32ver.rc for contrib/earthdistance
Generating win32ver.rc for contrib/file_fdw
Generating win32ver.rc for contrib/fuzzystrmatch
Generating win32ver.rc for contrib/hstore
Generating win32ver.rc for contrib/intarray
Generating win32ver.rc for contrib/isn
Generating win32ver.rc for contrib/lo
Generating win32ver.rc for contrib/ltree
Generating win32ver.rc for contrib/oid2name
Generating win32ver.rc for contrib/old_snapshot
Generating win32ver.rc for contrib/pageinspect
Generating win32ver.rc for contrib/passwordcheck
Generating win32ver.rc for contrib/pgcrypto
Generating win32ver.rc for contrib/pgrowlocks
Generating win32ver.rc for contrib/pgstattuple
Generating win32ver.rc for contrib/pg_buffercache
Generating win32ver.rc for contrib/pg_freespacemap
Generating win32ver.rc for contrib/pg_prewarm
Generating win32ver.rc for contrib/pg_stat_statements
Generating win32ver.rc for contrib/pg_surgery
Generating win32ver.rc for contrib/pg_trgm
Generating win32ver.rc for contrib/pg_visibility
Generating win32ver.rc for contrib/pg_walinspect
Generating win32ver.rc for contrib/postgres_fdw
Generating win32ver.rc for contrib/seg
Generating win32ver.rc for contrib/spi
Generating win32ver.rc for contrib/sslinfo
Generating win32ver.rc for contrib/tablefunc
Generating win32ver.rc for contrib/tcn
Generating win32ver.rc for contrib/test_decoding
Generating win32ver.rc for contrib/tsm_system_rows
Generating win32ver.rc for contrib/tsm_system_time
Generating win32ver.rc for contrib/unaccent
Generating win32ver.rc for contrib/vacuumlo
Generating win32ver.rc for src/test/modules/delay_execution
Generating win32ver.rc for src/test/modules/dummy_index_am
Generating win32ver.rc for src/test/modules/dummy_seclabel
Generating win32ver.rc for src/test/modules/ldap_password_func
Generating win32ver.rc for src/test/modules/libpq_pipeline
Generating win32ver.rc for src/test/modules/plsample
Generating win32ver.rc for src/test/modules/spgist_name_ops
Generating win32ver.rc for src/test/modules/ssl_passphrase_callback
Generating win32ver.rc for src/test/modules/test_bloomfilter
Generating win32ver.rc for src/test/modules/test_copy_callbacks
Generating win32ver.rc for src/test/modules/test_custom_rmgrs
Generating win32ver.rc for src/test/modules/test_ddl_deparse
Generating win32ver.rc for src/test/modules/test_ginpostinglist
Generating win32ver.rc for src/test/modules/test_integerset
Generating win32ver.rc for src/test/modules/test_lfind
Generating win32ver.rc for src/test/modules/test_oat_hooks
Generating win32ver.rc for src/test/modules/test_parser
Generating win32ver.rc for src/test/modules/test_predtest
Generating win32ver.rc for src/test/modules/test_rbtree
Generating win32ver.rc for src/test/modules/test_regex
Generating win32ver.rc for src/test/modules/test_rls_hooks
Generating win32ver.rc for src/test/modules/test_shm_mq
Generating win32ver.rc for src/test/modules/test_slru
Generating win32ver.rc for src/test/modules/worker_spi
Generating win32ver.rc for src/backend/utils/mb/conversion_procs/cyrillic_and_mic
Generating win32ver.rc for src/backend/utils/mb/conversion_procs/euc_cn_and_mic
Generating win32ver.rc for src/backend/utils/mb/conversion_procs/euc_jp_and_sjis
Generating win32ver.rc for src/backend/utils/mb/conversion_procs/euc_kr_and_mic
Generating win32ver.rc for src/backend/utils/mb/conversion_procs/euc_tw_and_big5
Generating win32ver.rc for src/backend/utils/mb/conversion_procs/latin2_and_win1250
Generating win32ver.rc for src/backend/utils/mb/conversion_procs/latin_and_mic
Generating win32ver.rc for src/backend/utils/mb/conversion_procs/utf8_and_big5
Generating win32ver.rc for src/backend/utils/mb/conversion_procs/utf8_and_cyrillic
Generating win32ver.rc for src/backend/utils/mb/conversion_procs/utf8_and_euc_cn
Generating win32ver.rc for src/backend/utils/mb/conversion_procs/utf8_and_euc_jp
Generating win32ver.rc for src/backend/utils/mb/conversion_procs/utf8_and_euc_kr
Generating win32ver.rc for src/backend/utils/mb/conversion_procs/utf8_and_euc_tw
Generating win32ver.rc for src/backend/utils/mb/conversion_procs/utf8_and_gb18030
Generating win32ver.rc for src/backend/utils/mb/conversion_procs/utf8_and_gbk
Generating win32ver.rc for src/backend/utils/mb/conversion_procs/utf8_and_iso8859
Generating win32ver.rc for src/backend/utils/mb/conversion_procs/utf8_and_iso8859_1
Generating win32ver.rc for src/backend/utils/mb/conversion_procs/utf8_and_johab
Generating win32ver.rc for src/backend/utils/mb/conversion_procs/utf8_and_sjis
Generating win32ver.rc for src/backend/utils/mb/conversion_procs/utf8_and_win
Generating win32ver.rc for src/backend/utils/mb/conversion_procs/utf8_and_uhc
Generating win32ver.rc for src/backend/utils/mb/conversion_procs/utf8_and_euc2004
Generating win32ver.rc for src/backend/utils/mb/conversion_procs/utf8_and_sjis2004
Generating win32ver.rc for src/backend/utils/mb/conversion_procs/euc2004_sjis2004
Generating win32ver.rc for src/bin/scripts
Generating win32ver.rc for src/test/regress
Generating win32ver.rc for src/bin/pg_waldump
Copying pg_config_os.h...
Generating configuration headers...
Generating src/interfaces/libpq/libpqdll.def...
Generating src/interfaces/ecpg/ecpglib/ecpglib.def...
Generating src/interfaces/ecpg/compatlib/compatlib.def...
Generating src/interfaces/ecpg/pgtypeslib/pgtypeslib.def...
Generating lwlocknames.c and lwlocknames.h...
Generating probes.h...
Generating errcodes.h...
Generating plerrcodes.h...
Generating daitch_mokotoff.h...
Generating sql_help.h...
Generating kwlist_d.h...
Generating pl_reserved_kwlist_d.h and pl_unreserved_kwlist_d.h...
Generating c_kwlist_d.h and ecpg_kwlist_d.h...
Generating preproc.y...
Generating pg_config_paths.h...
Версия MSBuild 17.14.14+a129329f1 для .NET Framework
Сборка начата 22.10.2025 23:58:37.

     1>Проект "C:\Users\bugr2\source\repos\Diplom-CPP\vcpkg_installed\vcpkg\blds\libpq\x64-windows-dbg\libpq.vcxproj" в узле 1 (целевые объекты по умолчанию).
     1>Проект "C:\Users\bugr2\source\repos\Diplom-CPP\vcpkg_installed\vcpkg\blds\libpq\x64-windows-dbg\libpq.vcxproj" (1) выполняет сборку "C:\Users\bugr2\source\repos\Diplom-CPP\vcpkg_installed\vcpkg\blds\libpq\x64-windows-dbg\libpgcommon.vcxproj" (2) в узле 1 (целевые объекты по умолчанию).
     2>PrepareForBuild:
         Создание каталога ".\Debug\libpgcommon\".
         Структурированный вывод включен. Форматирование диагностики компилятора будет отражать иерархию ошибок. Подробнее см. https://aka.ms/cpp/structured-output.
         Создание каталога ".\Debug\libpgcommon\libpgcommon.tlog\".
       InitializeBuildStatus:
         Создание ".\Debug\libpgcommon\libpgcommon.tlog\unsuccessfulbuild", так как было задано "AlwaysCreate".
         Обращение к ".\Debug\libpgcommon\libpgcommon.tlog\unsuccessfulbuild".
       VcpkgCheckManifestRoot:
         The vcpkg manifest was disabled, but we found a manifest file in C:\Users\bugr2\source\repos\Diplom-CPP\. You may want to enable vcpkg manifests in your properties page or pass /p:VcpkgEnableManifest=true to the msbuild invocation.
       ClCompile:
         C:\Program Files\Microsoft Visual Studio\2022\Community\VC\Tools\MSVC\14.44.35207\bin\HostX64\x64\CL.exe /c /Isrc/include /Isrc/include/port/win32 /Isrc/include/port/win32_msvc /I"C:/Users/bugr2/source/repos/Diplom-CPP/vcpkg_installed/x64-windows\include" /Zi /nologo /W3 /WX- /diagnostics:column /Od /D WIN32 /D _WINDOWS /D __WINDOWS__ /D __WIN32__ /D WIN32_STACK_RLIMIT=4194304 /D _CRT_SECURE_NO_DEPRECATE /D _CRT_NONSTDC_NO_DEPRECATE /D FRONTEND /D _DEBUG /D DEBUG=1_MBCS /GF- /Gm- /EHsc /MDd /GS /fp:precise /Zc:wchar_t /Zc:forScope /Zc:inline /Fo".\Debug\libpgcommon\\" /Fd".\Debug\libpgcommon\libpgcommon.pdb" /external:W3 /Gd /TC /wd4018 /wd4244 /wd4273 /wd4101 /wd4102 /wd4090 /wd4267 /FC /errorReport:queue /MP    -nologo -DWIN32 -D_WINDOWS -utf-8 -MP  -MDd -Z7 -Ob0 -Od -RTC1  src/common/archive.c src/common/base64.c src/common/checksum_helper.c src/common/compression.c src/common/config_info.c src/common/controldata_utils.c src/common/cryptohash_openssl.c src/common/d2s.c src/common/encnames.c src/common/exec.c src/common/f2s.c src/common/fe_memutils.c src/common/file_perm.c src/common/file_utils.c src/common/hashfn.c src/common/hmac_openssl.c src/common/ip.c src/common/jsonapi.c src/common/keywords.c src/common/kwlookup.c "src/common/link-canary.c" src/common/logging.c src/common/md5_common.c src/common/percentrepl.c src/common/pg_get_line.c src/common/pg_lzcompress.c src/common/pg_prng.c src/common/pgfnames.c src/common/protocol_openssl.c src/common/psprintf.c src/common/relpath.c src/common/restricted_token.c src/common/rmtree.c src/common/saslprep.c "src/common/scram-common.c" src/common/sprompt.c src/common/string.c src/common/stringinfo.c src/common/unicode_norm.c src/common/username.c src/common/wait_error.c src/common/wchar.c
     2>cl : командная строка  warning D9025: переопределение "/Zi" на "/Z7" [C:\Users\bugr2\source\repos\Diplom-CPP\vcpkg_installed\vcpkg\blds\libpq\x64-windows-dbg\libpgcommon.vcxproj]
     2>cl : командная строка  warning D9025: переопределение "/Zi" на "/Z7" [C:\Users\bugr2\source\repos\Diplom-CPP\vcpkg_installed\vcpkg\blds\libpq\x64-windows-dbg\libpgcommon.vcxproj]
         archive.c
     2>cl : командная строка  warning D9025: переопределение "/Zi" на "/Z7" [C:\Users\bugr2\source\repos\Diplom-CPP\vcpkg_installed\vcpkg\blds\libpq\x64-windows-dbg\libpgcommon.vcxproj]
         base64.c
     2>cl : командная строка  warning D9025: переопределение "/Zi" на "/Z7" [C:\Users\bugr2\source\repos\Diplom-CPP\vcpkg_installed\vcpkg\blds\libpq\x64-windows-dbg\libpgcommon.vcxproj]
         checksum_helper.c
     2>cl : командная строка  warning D9025: переопределение "/Zi" на "/Z7" [C:\Users\bugr2\source\repos\Diplom-CPP\vcpkg_installed\vcpkg\blds\libpq\x64-windows-dbg\libpgcommon.vcxproj]
         compression.c
     1>Проект "C:\Users\bugr2\source\repos\Diplom-CPP\vcpkg_installed\vcpkg\blds\libpq\x64-windows-dbg\libpq.vcxproj" (1) выполняет сборку "C:\Users\bugr2\source\repos\Diplom-CPP\vcpkg_installed\vcpkg\blds\libpq\x64-windows-dbg\libpgport.vcxproj" (3) в узле 2 (целевые объекты по умолчанию).
     3>PrepareForBuild:
         Создание каталога ".\Debug\libpgport\".
         Структурированный вывод включен. Форматирование диагностики компилятора будет отражать иерархию ошибок. Подробнее см. https://aka.ms/cpp/structured-output.
         Создание каталога ".\Debug\libpgport\libpgport.tlog\".
       InitializeBuildStatus:
         Создание ".\Debug\libpgport\libpgport.tlog\unsuccessfulbuild", так как было задано "AlwaysCreate".
         Обращение к ".\Debug\libpgport\libpgport.tlog\unsuccessfulbuild".
     2>ClCompile:
         config_info.c
         controldata_utils.c
         cryptohash_openssl.c
         d2s.c
         encnames.c
         exec.c
         f2s.c
         fe_memutils.c
         file_perm.c
         file_utils.c
         hashfn.c
         hmac_openssl.c
         ip.c
         jsonapi.c
         keywords.c
     3>VcpkgCheckManifestRoot:
         The vcpkg manifest was disabled, but we found a manifest file in C:\Users\bugr2\source\repos\Diplom-CPP\. You may want to enable vcpkg manifests in your properties page or pass /p:VcpkgEnableManifest=true to the msbuild invocation.
     2>ClCompile:
         kwlookup.c
     3>ClCompile:
         C:\Program Files\Microsoft Visual Studio\2022\Community\VC\Tools\MSVC\14.44.35207\bin\HostX64\x64\CL.exe /c /Isrc/include /Isrc/include/port/win32 /Isrc/include/port/win32_msvc /I"C:/Users/bugr2/source/repos/Diplom-CPP/vcpkg_installed/x64-windows\include" /Zi /nologo /W3 /WX- /diagnostics:column /Od /D WIN32 /D _WINDOWS /D __WINDOWS__ /D __WIN32__ /D WIN32_STACK_RLIMIT=4194304 /D _CRT_SECURE_NO_DEPRECATE /D _CRT_NONSTDC_NO_DEPRECATE /D FRONTEND /D _DEBUG /D DEBUG=1_MBCS /GF- /Gm- /EHsc /MDd /GS /fp:precise /Zc:wchar_t /Zc:forScope /Zc:inline /Fo".\Debug\libpgport\\" /Fd".\Debug\libpgport\libpgport.pdb" /external:W3 /Gd /TC /wd4018 /wd4244 /wd4273 /wd4101 /wd4102 /wd4090 /wd4267 /FC /errorReport:queue /MP    -nologo -DWIN32 -D_WINDOWS -utf-8 -MP  -MDd -Z7 -Ob0 -Od -RTC1  src/port/bsearch_arg.c src/port/chklocale.c src/port/dirent.c src/port/dirmod.c src/port/explicit_bzero.c src/port/getopt.c src/port/getopt_long.c src/port/getpeereid.c src/port/inet_aton.c src/port/inet_net_ntop.c src/port/kill.c src/port/mkdtemp.c src/port/noblock.c src/port/open.c src/port/path.c src/port/pg_bitutils.c src/port/pg_crc32c_sb8.c src/port/pg_crc32c_sse42.c src/port/pg_crc32c_sse42_choose.c src/port/pg_strong_random.c src/port/pgcheckdir.c src/port/pgmkdirp.c src/port/pgsleep.c src/port/pgstrcasecmp.c src/port/pqsignal.c src/port/preadv.c src/port/pwritev.c src/port/qsort.c src/port/qsort_arg.c src/port/quotes.c src/port/snprintf.c src/port/strerror.c src/port/strlcat.c src/port/strlcpy.c src/port/system.c src/port/tar.c src/port/win32common.c src/port/win32dlopen.c src/port/win32env.c src/port/win32error.c src/port/win32fdatasync.c src/port/win32fseek.c src/port/win32getrusage.c src/port/win32gettimeofday.c src/port/win32link.c src/port/win32ntdll.c src/port/win32pread.c src/port/win32pwrite.c src/port/win32security.c src/port/win32setlocale.c src/port/win32stat.c
     2>ClCompile:
         link-canary.c
     3>cl : командная строка  warning D9025: переопределение "/Zi" на "/Z7" [C:\Users\bugr2\source\repos\Diplom-CPP\vcpkg_installed\vcpkg\blds\libpq\x64-windows-dbg\libpgport.vcxproj]
     3>cl : командная строка  warning D9025: переопределение "/Zi" на "/Z7" [C:\Users\bugr2\source\repos\Diplom-CPP\vcpkg_installed\vcpkg\blds\libpq\x64-windows-dbg\libpgport.vcxproj]
         bsearch_arg.c
       ClCompile:
         logging.c
     3>cl : командная строка  warning D9025: переопределение "/Zi" на "/Z7" [C:\Users\bugr2\source\repos\Diplom-CPP\vcpkg_installed\vcpkg\blds\libpq\x64-windows-dbg\libpgport.vcxproj]
         chklocale.c
     3>cl : командная строка  warning D9025: переопределение "/Zi" на "/Z7" [C:\Users\bugr2\source\repos\Diplom-CPP\vcpkg_installed\vcpkg\blds\libpq\x64-windows-dbg\libpgport.vcxproj]
       ClCompile:
         md5_common.c
     3>ClCompile:
         dirent.c
     2>ClCompile:
         percentrepl.c
     3>cl : командная строка  warning D9025: переопределение "/Zi" на "/Z7" [C:\Users\bugr2\source\repos\Diplom-CPP\vcpkg_installed\vcpkg\blds\libpq\x64-windows-dbg\libpgport.vcxproj]
         dirmod.c
       ClCompile:
         pg_get_line.c
     3>ClCompile:
         explicit_bzero.c
         getopt.c
         getopt_long.c
         getpeereid.c
         inet_aton.c
     2>ClCompile:
         pg_lzcompress.c
     3>ClCompile:
         inet_net_ntop.c
         kill.c
         mkdtemp.c
         noblock.c
         open.c
     2>ClCompile:
         pg_prng.c
         pgfnames.c
     3>ClCompile:
         path.c
         pg_bitutils.c
     2>ClCompile:
         protocol_openssl.c
     3>ClCompile:
         pg_crc32c_sb8.c
         pg_crc32c_sse42.c
     2>ClCompile:
         psprintf.c
         relpath.c
     3>ClCompile:
         pg_crc32c_sse42_choose.c
     2>ClCompile:
         restricted_token.c
     3>ClCompile:
         pg_strong_random.c
     2>ClCompile:
         rmtree.c
     3>ClCompile:
         pgcheckdir.c
     2>ClCompile:
         saslprep.c
     3>ClCompile:
         pgmkdirp.c
     2>ClCompile:
         scram-common.c
     3>ClCompile:
         pgsleep.c
     2>ClCompile:
         sprompt.c
         string.c
     3>ClCompile:
         pgstrcasecmp.c
     2>ClCompile:
         stringinfo.c
     3>ClCompile:
         pqsignal.c
         preadv.c
     2>ClCompile:
         unicode_norm.c
     3>ClCompile:
         pwritev.c
     2>ClCompile:
         username.c
         wait_error.c
     3>ClCompile:
         qsort.c
         qsort_arg.c
     2>ClCompile:
         wchar.c
     3>ClCompile:
         quotes.c
         snprintf.c
         strerror.c
         strlcat.c
         strlcpy.c
         system.c
         tar.c
         win32common.c
         win32dlopen.c
         win32env.c
         win32error.c
         win32fdatasync.c
         win32fseek.c
     2>Lib:
         C:\Program Files\Microsoft Visual Studio\2022\Community\VC\Tools\MSVC\14.44.35207\bin\HostX64\x64\Lib.exe /OUT:".\Debug\libpgcommon\libpgcommon.lib" /NOLOGO /MACHINE:X64  -machine:x64 -nologo .\Debug\libpgcommon\archive.obj
         .\Debug\libpgcommon\base64.obj
         .\Debug\libpgcommon\checksum_helper.obj
         .\Debug\libpgcommon\compression.obj
         .\Debug\libpgcommon\config_info.obj
         .\Debug\libpgcommon\controldata_utils.obj
         .\Debug\libpgcommon\cryptohash_openssl.obj
         .\Debug\libpgcommon\d2s.obj
         .\Debug\libpgcommon\encnames.obj
         .\Debug\libpgcommon\exec.obj
         .\Debug\libpgcommon\f2s.obj
         .\Debug\libpgcommon\fe_memutils.obj
         .\Debug\libpgcommon\file_perm.obj
         .\Debug\libpgcommon\file_utils.obj
         .\Debug\libpgcommon\hashfn.obj
         .\Debug\libpgcommon\hmac_openssl.obj
         .\Debug\libpgcommon\ip.obj
         .\Debug\libpgcommon\jsonapi.obj
         .\Debug\libpgcommon\keywords.obj
         .\Debug\libpgcommon\kwlookup.obj
         ".\Debug\libpgcommon\link-canary.obj"
         .\Debug\libpgcommon\logging.obj
         .\Debug\libpgcommon\md5_common.obj
         .\Debug\libpgcommon\percentrepl.obj
         .\Debug\libpgcommon\pg_get_line.obj
         .\Debug\libpgcommon\pg_lzcompress.obj
         .\Debug\libpgcommon\pg_prng.obj
         .\Debug\libpgcommon\pgfnames.obj
         .\Debug\libpgcommon\protocol_openssl.obj
         .\Debug\libpgcommon\psprintf.obj
         .\Debug\libpgcommon\relpath.obj
         .\Debug\libpgcommon\restricted_token.obj
         .\Debug\libpgcommon\rmtree.obj
         .\Debug\libpgcommon\saslprep.obj
         ".\Debug\libpgcommon\scram-common.obj"
         .\Debug\libpgcommon\sprompt.obj
         .\Debug\libpgcommon\string.obj
         .\Debug\libpgcommon\stringinfo.obj
         .\Debug\libpgcommon\unicode_norm.obj
         .\Debug\libpgcommon\username.obj
         .\Debug\libpgcommon\wait_error.obj
         .\Debug\libpgcommon\wchar.obj
     3>ClCompile:
         win32getrusage.c
         win32gettimeofday.c
         win32link.c
         win32ntdll.c
         win32pread.c
         win32pwrite.c
         win32security.c
         win32setlocale.c
     2>Lib:
         libpgcommon.vcxproj -> C:\Users\bugr2\source\repos\Diplom-CPP\vcpkg_installed\vcpkg\blds\libpq\x64-windows-dbg\Debug\libpgcommon\libpgcommon.lib
     3>ClCompile:
         win32stat.c
     2>FinalizeBuildStatus:
         Файл ".\Debug\libpgcommon\libpgcommon.tlog\unsuccessfulbuild" удаляется.
         Обращение к ".\Debug\libpgcommon\libpgcommon.tlog\libpgcommon.lastbuildstate".
     2>Сборка проекта "C:\Users\bugr2\source\repos\Diplom-CPP\vcpkg_installed\vcpkg\blds\libpq\x64-windows-dbg\libpgcommon.vcxproj" завершена (целевые объекты по умолчанию).
     3>Lib:
         C:\Program Files\Microsoft Visual Studio\2022\Community\VC\Tools\MSVC\14.44.35207\bin\HostX64\x64\Lib.exe /OUT:".\Debug\libpgport\libpgport.lib" /NOLOGO /MACHINE:X64  -machine:x64 -nologo .\Debug\libpgport\bsearch_arg.obj
         .\Debug\libpgport\chklocale.obj
         .\Debug\libpgport\dirent.obj
         .\Debug\libpgport\dirmod.obj
         .\Debug\libpgport\explicit_bzero.obj
         .\Debug\libpgport\getopt.obj
         .\Debug\libpgport\getopt_long.obj
         .\Debug\libpgport\getpeereid.obj
         .\Debug\libpgport\inet_aton.obj
         .\Debug\libpgport\inet_net_ntop.obj
         .\Debug\libpgport\kill.obj
         .\Debug\libpgport\mkdtemp.obj
         .\Debug\libpgport\noblock.obj
         .\Debug\libpgport\open.obj
         .\Debug\libpgport\path.obj
         .\Debug\libpgport\pg_bitutils.obj
         .\Debug\libpgport\pg_crc32c_sb8.obj
         .\Debug\libpgport\pg_crc32c_sse42.obj
         .\Debug\libpgport\pg_crc32c_sse42_choose.obj
         .\Debug\libpgport\pg_strong_random.obj
         .\Debug\libpgport\pgcheckdir.obj
         .\Debug\libpgport\pgmkdirp.obj
         .\Debug\libpgport\pgsleep.obj
         .\Debug\libpgport\pgstrcasecmp.obj
         .\Debug\libpgport\pqsignal.obj
         .\Debug\libpgport\preadv.obj
         .\Debug\libpgport\pwritev.obj
         .\Debug\libpgport\qsort.obj
         .\Debug\libpgport\qsort_arg.obj
         .\Debug\libpgport\quotes.obj
         .\Debug\libpgport\snprintf.obj
         .\Debug\libpgport\strerror.obj
         .\Debug\libpgport\strlcat.obj
         .\Debug\libpgport\strlcpy.obj
         .\Debug\libpgport\system.obj
         .\Debug\libpgport\tar.obj
         .\Debug\libpgport\win32common.obj
         .\Debug\libpgport\win32dlopen.obj
         .\Debug\libpgport\win32env.obj
         .\Debug\libpgport\win32error.obj
         .\Debug\libpgport\win32fdatasync.obj
         .\Debug\libpgport\win32fseek.obj
         .\Debug\libpgport\win32getrusage.obj
         .\Debug\libpgport\win32gettimeofday.obj
         .\Debug\libpgport\win32link.obj
         .\Debug\libpgport\win32ntdll.obj
         .\Debug\libpgport\win32pread.obj
         .\Debug\libpgport\win32pwrite.obj
         .\Debug\libpgport\win32security.obj
         .\Debug\libpgport\win32setlocale.obj
         .\Debug\libpgport\win32stat.obj
         libpgport.vcxproj -> C:\Users\bugr2\source\repos\Diplom-CPP\vcpkg_installed\vcpkg\blds\libpq\x64-windows-dbg\Debug\libpgport\libpgport.lib
       FinalizeBuildStatus:
         Файл ".\Debug\libpgport\libpgport.tlog\unsuccessfulbuild" удаляется.
         Обращение к ".\Debug\libpgport\libpgport.tlog\libpgport.lastbuildstate".
     3>Сборка проекта "C:\Users\bugr2\source\repos\Diplom-CPP\vcpkg_installed\vcpkg\blds\libpq\x64-windows-dbg\libpgport.vcxproj" завершена (целевые объекты по умолчанию).
     1>PrepareForBuild:
         Создание каталога ".\Debug\libpq\".
         Структурированный вывод включен. Форматирование диагностики компилятора будет отражать иерархию ошибок. Подробнее см. https://aka.ms/cpp/structured-output.
         Создание каталога ".\Debug\libpq\libpq.tlog\".
       InitializeBuildStatus:
         Создание ".\Debug\libpq\libpq.tlog\unsuccessfulbuild", так как было задано "AlwaysCreate".
         Обращение к ".\Debug\libpq\libpq.tlog\unsuccessfulbuild".
       VcpkgCheckManifestRoot:
         The vcpkg manifest was disabled, but we found a manifest file in C:\Users\bugr2\source\repos\Diplom-CPP\. You may want to enable vcpkg manifests in your properties page or pass /p:VcpkgEnableManifest=true to the msbuild invocation.
       ClCompile:
         C:\Program Files\Microsoft Visual Studio\2022\Community\VC\Tools\MSVC\14.44.35207\bin\HostX64\x64\CL.exe /c /Isrc/include /Isrc/include/port/win32 /Isrc/include/port/win32_msvc /I"C:/Users/bugr2/source/repos/Diplom-CPP/vcpkg_installed/x64-windows\include" /Isrc/port /Zi /nologo /W3 /WX- /diagnostics:column /Od /D WIN32 /D _WINDOWS /D __WINDOWS__ /D __WIN32__ /D WIN32_STACK_RLIMIT=4194304 /D _CRT_SECURE_NO_DEPRECATE /D _CRT_NONSTDC_NO_DEPRECATE /D _DEBUG /D DEBUG=1_WINDLL /D _MBCS /GF- /Gm- /EHsc /MDd /GS /fp:precise /Zc:wchar_t /Zc:forScope /Zc:inline /Fo".\Debug\libpq\\" /Fd".\Debug\libpq\vc143.pdb" /external:W3 /Gd /TC /wd4018 /wd4244 /wd4273 /wd4101 /wd4102 /wd4090 /wd4267 /FC /errorReport:queue /MP    -nologo -DWIN32 -D_WINDOWS -utf-8 -MP  -MDd -Z7 -Ob0 -Od -RTC1  "src/interfaces/libpq/fe-auth-scram.c" "src/interfaces/libpq/fe-auth.c" "src/interfaces/libpq/fe-connect.c" "src/interfaces/libpq/fe-exec.c" "src/interfaces/libpq/fe-lobj.c" "src/interfaces/libpq/fe-misc.c" "src/interfaces/libpq/fe-print.c" "src/interfaces/libpq/fe-protocol3.c" "src/interfaces/libpq/fe-secure-common.c" "src/interfaces/libpq/fe-secure-openssl.c" "src/interfaces/libpq/fe-secure.c" "src/interfaces/libpq/fe-trace.c" "src/interfaces/libpq/legacy-pqsignal.c" "src/interfaces/libpq/libpq-events.c" src/interfaces/libpq/pqexpbuffer.c "src/interfaces/libpq/pthread-win32.c" src/interfaces/libpq/win32.c
     1>cl : командная строка  warning D9025: переопределение "/Zi" на "/Z7" [C:\Users\bugr2\source\repos\Diplom-CPP\vcpkg_installed\vcpkg\blds\libpq\x64-windows-dbg\libpq.vcxproj]
     1>cl : командная строка  warning D9025: переопределение "/Zi" на "/Z7" [C:\Users\bugr2\source\repos\Diplom-CPP\vcpkg_installed\vcpkg\blds\libpq\x64-windows-dbg\libpq.vcxproj]
         fe-auth-scram.c
     1>cl : командная строка  warning D9025: переопределение "/Zi" на "/Z7" [C:\Users\bugr2\source\repos\Diplom-CPP\vcpkg_installed\vcpkg\blds\libpq\x64-windows-dbg\libpq.vcxproj]
         fe-auth.c
     1>cl : командная строка  warning D9025: переопределение "/Zi" на "/Z7" [C:\Users\bugr2\source\repos\Diplom-CPP\vcpkg_installed\vcpkg\blds\libpq\x64-windows-dbg\libpq.vcxproj]
         fe-connect.c
     1>cl : командная строка  warning D9025: переопределение "/Zi" на "/Z7" [C:\Users\bugr2\source\repos\Diplom-CPP\vcpkg_installed\vcpkg\blds\libpq\x64-windows-dbg\libpq.vcxproj]
         fe-exec.c
         fe-lobj.c
         fe-misc.c
         fe-print.c
         fe-protocol3.c
         fe-secure-common.c
         fe-secure-openssl.c
         fe-secure.c
         fe-trace.c
         legacy-pqsignal.c
         libpq-events.c
         pqexpbuffer.c
         pthread-win32.c
         win32.c
       ResourceCompile:
         C:\Program Files (x86)\Windows Kits\10\bin\10.0.26100.0\x64\rc.exe /l"0x0409" /Isrc\include /nologo /fo".\Debug\libpq\win32ver.res" src/interfaces/libpq/win32ver.rc 
       Link:
         C:\Program Files\Microsoft Visual Studio\2022\Community\VC\Tools\MSVC\14.44.35207\bin\HostX64\x64\link.exe /ERRORREPORT:QUEUE /OUT:".\Debug\libpq\libpq.dll" /INCREMENTAL:NO /NOLOGO "C:/Users/bugr2/source/repos/Diplom-CPP/vcpkg_installed/x64-windows/debug/lib/zlibd.lib" "C:/Users/bugr2/source/repos/Diplom-CPP/vcpkg_installed/x64-windows/debug/lib/libssl.lib" "C:/Users/bugr2/source/repos/Diplom-CPP/vcpkg_installed/x64-windows/debug/lib/libcrypto.lib" crypt32.lib ws2_32.lib secur32.lib "C:/Users/bugr2/source/repos/Diplom-CPP/vcpkg_installed/x64-windows/debug/lib/lz4d.lib" secur32.lib ws2_32.lib wldap32.lib Debug/libpgcommon/libpgcommon.lib Debug/libpgport/libpgport.lib kernel32.lib user32.lib gdi32.lib winspool.lib comdlg32.lib advapi32.lib shell32.lib ole32.lib oleaut32.lib uuid.lib odbc32.lib odbccp32.lib /NODEFAULTLIB:libc /DEF:"src/interfaces/libpq/libpqdll.def" /MANIFEST /MANIFESTUAC:"level='asInvoker' uiAccess='false'" /manifest:embed /DEBUG /PDB:".\Debug\libpq\libpq.pdb" /SUBSYSTEM:CONSOLE /STACK:"4194304" /TLBID:1 /DYNAMICBASE /NXCOMPAT /IMPLIB:".\Debug\libpq\libpq.lib" /MACHINE:X64   -machine:x64 -nologo    -debug -INCREMENTAL /DLL .\Debug\libpq\win32ver.res
         ".\Debug\libpq\fe-auth-scram.obj"
         ".\Debug\libpq\fe-auth.obj"
         ".\Debug\libpq\fe-connect.obj"
         ".\Debug\libpq\fe-exec.obj"
         ".\Debug\libpq\fe-lobj.obj"
         ".\Debug\libpq\fe-misc.obj"
         ".\Debug\libpq\fe-print.obj"
         ".\Debug\libpq\fe-protocol3.obj"
         ".\Debug\libpq\fe-secure-common.obj"
         ".\Debug\libpq\fe-secure-openssl.obj"
         ".\Debug\libpq\fe-secure.obj"
         ".\Debug\libpq\fe-trace.obj"
         ".\Debug\libpq\legacy-pqsignal.obj"
         ".\Debug\libpq\libpq-events.obj"
         .\Debug\libpq\pqexpbuffer.obj
         ".\Debug\libpq\pthread-win32.obj"
         .\Debug\libpq\win32.obj
         "C:\Users\bugr2\source\repos\Diplom-CPP\vcpkg_installed\vcpkg\blds\libpq\x64-windows-dbg\Debug\libpgcommon\libpgcommon.lib"
         "C:\Users\bugr2\source\repos\Diplom-CPP\vcpkg_installed\vcpkg\blds\libpq\x64-windows-dbg\Debug\libpgport\libpgport.lib"
            Создается библиотека .\Debug\libpq\libpq.lib и объект .\Debug\libpq\libpq.exp
         libpq.vcxproj -> C:\Users\bugr2\source\repos\Diplom-CPP\vcpkg_installed\vcpkg\blds\libpq\x64-windows-dbg\Debug\libpq\libpq.dll
       FinalizeBuildStatus:
         Файл ".\Debug\libpq\libpq.tlog\unsuccessfulbuild" удаляется.
         Обращение к ".\Debug\libpq\libpq.tlog\libpq.lastbuildstate".
     1>Сборка проекта "C:\Users\bugr2\source\repos\Diplom-CPP\vcpkg_installed\vcpkg\blds\libpq\x64-windows-dbg\libpq.vcxproj" завершена (целевые объекты по умолчанию).

Сборка успешно завершена.

       "C:\Users\bugr2\source\repos\Diplom-CPP\vcpkg_installed\vcpkg\blds\libpq\x64-windows-dbg\libpq.vcxproj" (целевой объект по умолчанию) (1) ->
       "C:\Users\bugr2\source\repos\Diplom-CPP\vcpkg_installed\vcpkg\blds\libpq\x64-windows-dbg\libpgcommon.vcxproj" (целевой объект по умолчанию) (2) ->
       (Целевой объект ClCompile) -> 
         cl : командная строка  warning D9025: переопределение "/Zi" на "/Z7" [C:\Users\bugr2\source\repos\Diplom-CPP\vcpkg_installed\vcpkg\blds\libpq\x64-windows-dbg\libpgcommon.vcxproj]
         cl : командная строка  warning D9025: переопределение "/Zi" на "/Z7" [C:\Users\bugr2\source\repos\Diplom-CPP\vcpkg_installed\vcpkg\blds\libpq\x64-windows-dbg\libpgcommon.vcxproj]
         cl : командная строка  warning D9025: переопределение "/Zi" на "/Z7" [C:\Users\bugr2\source\repos\Diplom-CPP\vcpkg_installed\vcpkg\blds\libpq\x64-windows-dbg\libpgcommon.vcxproj]
         cl : командная строка  warning D9025: переопределение "/Zi" на "/Z7" [C:\Users\bugr2\source\repos\Diplom-CPP\vcpkg_installed\vcpkg\blds\libpq\x64-windows-dbg\libpgcommon.vcxproj]
         cl : командная строка  warning D9025: переопределение "/Zi" на "/Z7" [C:\Users\bugr2\source\repos\Diplom-CPP\vcpkg_installed\vcpkg\blds\libpq\x64-windows-dbg\libpgcommon.vcxproj]


       "C:\Users\bugr2\source\repos\Diplom-CPP\vcpkg_installed\vcpkg\blds\libpq\x64-windows-dbg\libpq.vcxproj" (целевой объект по умолчанию) (1) ->
       "C:\Users\bugr2\source\repos\Diplom-CPP\vcpkg_installed\vcpkg\blds\libpq\x64-windows-dbg\libpgport.vcxproj" (целевой объект по умолчанию) (3) ->
         cl : командная строка  warning D9025: переопределение "/Zi" на "/Z7" [C:\Users\bugr2\source\repos\Diplom-CPP\vcpkg_installed\vcpkg\blds\libpq\x64-windows-dbg\libpgport.vcxproj]
         cl : командная строка  warning D9025: переопределение "/Zi" на "/Z7" [C:\Users\bugr2\source\repos\Diplom-CPP\vcpkg_installed\vcpkg\blds\libpq\x64-windows-dbg\libpgport.vcxproj]
         cl : командная строка  warning D9025: переопределение "/Zi" на "/Z7" [C:\Users\bugr2\source\repos\Diplom-CPP\vcpkg_installed\vcpkg\blds\libpq\x64-windows-dbg\libpgport.vcxproj]
         cl : командная строка  warning D9025: переопределение "/Zi" на "/Z7" [C:\Users\bugr2\source\repos\Diplom-CPP\vcpkg_installed\vcpkg\blds\libpq\x64-windows-dbg\libpgport.vcxproj]
         cl : командная строка  warning D9025: переопределение "/Zi" на "/Z7" [C:\Users\bugr2\source\repos\Diplom-CPP\vcpkg_installed\vcpkg\blds\libpq\x64-windows-dbg\libpgport.vcxproj]


       "C:\Users\bugr2\source\repos\Diplom-CPP\vcpkg_installed\vcpkg\blds\libpq\x64-windows-dbg\libpq.vcxproj" (целевой объект по умолчанию) (1) ->
         cl : командная строка  warning D9025: переопределение "/Zi" на "/Z7" [C:\Users\bugr2\source\repos\Diplom-CPP\vcpkg_installed\vcpkg\blds\libpq\x64-windows-dbg\libpq.vcxproj]
         cl : командная строка  warning D9025: переопределение "/Zi" на "/Z7" [C:\Users\bugr2\source\repos\Diplom-CPP\vcpkg_installed\vcpkg\blds\libpq\x64-windows-dbg\libpq.vcxproj]
         cl : командная строка  warning D9025: переопределение "/Zi" на "/Z7" [C:\Users\bugr2\source\repos\Diplom-CPP\vcpkg_installed\vcpkg\blds\libpq\x64-windows-dbg\libpq.vcxproj]
         cl : командная строка  warning D9025: переопределение "/Zi" на "/Z7" [C:\Users\bugr2\source\repos\Diplom-CPP\vcpkg_installed\vcpkg\blds\libpq\x64-windows-dbg\libpq.vcxproj]
         cl : командная строка  warning D9025: переопределение "/Zi" на "/Z7" [C:\Users\bugr2\source\repos\Diplom-CPP\vcpkg_installed\vcpkg\blds\libpq\x64-windows-dbg\libpq.vcxproj]

    Предупреждений: 15
    Ошибок: 0

Прошло времени 00:00:28.14
