Installing version 16 for debug in C:/Users/bugr2/source/repos/Diplom-CPP/vcpkg_installed/vcpkg/pkgs/libpq_x64-windows/debug
Copying build output files.......
Copying config files..
Copying Import libraries..
Copying contrib data files...
Copying Public headers.....
Copying Libpq headers..
Copying Libpq internal headers...
Copying Internal headers...
Copying Server headers...
....................
Copying PL/pgSQL header.
88 File(s) copied
2 File(s) copied
4 File(s) copied
1 File(s) copied
146 File(s) copied
35 File(s) copied
41 File(s) copied
1 File(s) copied
59 File(s) copied
14 File(s) copied
2 File(s) copied
3 File(s) copied
14 File(s) copied
16 File(s) copied
2 File(s) copied
25 File(s) copied
27 File(s) copied
22 File(s) copied
4 File(s) copied
3 File(s) copied
46 File(s) copied
2 File(s) copied
12 File(s) copied
5 File(s) copied
18 File(s) copied
8 File(s) copied
51 File(s) copied
2 File(s) copied
56 File(s) copied
8 File(s) copied
7 File(s) copied
98 File(s) copied
Copying ECPG headers................
Copying ECPG informix headers...
Installation complete.
