WARNING: Recommend using either -Dbuildtype or -Doptimization + -Ddebug. Using both is redundant since they override each other. See: https://mesonbuild.com/Builtin-options.html#build-type-options
The Meson build system
Version: 0.62.1
Source dir: C:\Users\bugr2\source\repos\Diplom-CPP\vcpkg_installed\vcpkg\blds\pkgconf\src\6aa314c9c4-8bd74a463d.clean
Build dir: C:\Users\bugr2\source\repos\Diplom-CPP\vcpkg_installed\vcpkg\blds\pkgconf\x64-windows-dbg
Build type: native build
Project name: pkgconf
Project version: 1.8.0
C compiler for the host machine: C:/Program Files/Microsoft Visual Studio/2022/Community/VC/Tools/MSVC/14.44.35207/bin/Hostx64/x64/cl.exe -DWIN32 -D_WINDOWS -utf-8 -MP -MDd -Z7 -Ob0 -Od -RTC1 (msvc 19.44.35211 "Оптимизирующий компилятор Microsoft (R) C/C++ версии 19.44.35211 для x64")
C linker for the host machine: C:/Program Files/Microsoft Visual Studio/2022/Community/VC/Tools/MSVC/14.44.35207/bin/Hostx64/x64/link.exe link 14.44.35211.0
Host machine cpu family: x86_64
Host machine cpu: x86_64
Checking for function "strlcat" : NO 
Checking for function "strlcpy" : NO 
Checking for function "strndup" : NO 
Configuring config.h using configuration
Build targets in project: 2
NOTICE: Future-deprecated features used:
 * 0.56.0: {'meson.build_root', 'meson.source_root'}

pkgconf 1.8.0

  User defined options
    Native files     : C:/Users/bugr2/source/repos/Diplom-CPP/vcpkg_installed/vcpkg/blds/pkgconf/meson-x64-windows-dbg.log
    backend          : ninja
    buildtype        : plain
    cmake_prefix_path: ['C:/Users/bugr2/source/repos/Diplom-CPP/vcpkg_installed/x64-windows/debug','C:/Users/bugr2/source/repos/Diplom-CPP/vcpkg_installed/x64-windows','C:/Users/bugr2/source/repos/Diplom-CPP/vcpkg_installed/x64-windows/share']
    debug            : true
    includedir       : ../include
    libdir           : lib
    prefix           : C:/Users/bugr2/source/repos/Diplom-CPP/vcpkg_installed/vcpkg/pkgs/pkgconf_x64-windows/debug
    wrap_mode        : nodownload
    tests            : false

Found ninja-1.12.1 at "C:/Program Files/Microsoft Visual Studio/2022/Community/Common7/IDE/CommonExtensions/Microsoft/CMake/Ninja\ninja.EXE"
