[33;1mVERBOSE: Resolving base path C:/Users/bugr2/source/repos/Diplom-CPP/vcpkg_installed/vcpkg/pkgs/pkgconf_x64-windows/tools/pkgconf/pkgconf.exe...[0m
[33;1mVERBOSE: Resolving C:/Users/bugr2/source/repos/Diplom-CPP/vcpkg_installed/vcpkg/pkgs/pkgconf_x64-windows/tools/pkgconf/pkgconf.exe...[0m
[33;1mVERBOSE:   pkgconf-3.dll: Copying C:\Users\bugr2\source\repos\Diplom-CPP\vcpkg_installed\vcpkg\pkgs\pkgconf_x64-windows\bin\pkgconf-3.dll[0m
[33;1mVERBOSE: Resolving C:\Users\bugr2\source\repos\Diplom-CPP\vcpkg_installed\vcpkg\pkgs\pkgconf_x64-windows\tools\pkgconf\pkgconf-3.dll...[0m
[33;1mVERBOSE:   KERNEL32.dll: C:\Users\bugr2\source\repos\Diplom-CPP\vcpkg_installed\vcpkg\pkgs\pkgconf_x64-windows\bin\KERNEL32.dll not found[0m
[33;1mVERBOSE:   ADVAPI32.dll: C:\Users\bugr2\source\repos\Diplom-CPP\vcpkg_installed\vcpkg\pkgs\pkgconf_x64-windows\bin\ADVAPI32.dll not found[0m
[33;1mVERBOSE:   VCRUNTIME140.dll: C:\Users\bugr2\source\repos\Diplom-CPP\vcpkg_installed\vcpkg\pkgs\pkgconf_x64-windows\bin\VCRUNTIME140.dll not found[0m
[33;1mVERBOSE:   api-ms-win-crt-string-l1-1-0.dll: C:\Users\bugr2\source\repos\Diplom-CPP\vcpkg_installed\vcpkg\pkgs\pkgconf_x64-windows\bin\api-ms-win-crt-string-l1-1-0.dll not found[0m
[33;1mVERBOSE:   api-ms-win-crt-heap-l1-1-0.dll: C:\Users\bugr2\source\repos\Diplom-CPP\vcpkg_installed\vcpkg\pkgs\pkgconf_x64-windows\bin\api-ms-win-crt-heap-l1-1-0.dll not found[0m
[33;1mVERBOSE:   api-ms-win-crt-stdio-l1-1-0.dll: C:\Users\bugr2\source\repos\Diplom-CPP\vcpkg_installed\vcpkg\pkgs\pkgconf_x64-windows\bin\api-ms-win-crt-stdio-l1-1-0.dll not found[0m
[33;1mVERBOSE:   api-ms-win-crt-environment-l1-1-0.dll: C:\Users\bugr2\source\repos\Diplom-CPP\vcpkg_installed\vcpkg\pkgs\pkgconf_x64-windows\bin\api-ms-win-crt-environment-l1-1-0.dll not found[0m
[33;1mVERBOSE:   api-ms-win-crt-utility-l1-1-0.dll: C:\Users\bugr2\source\repos\Diplom-CPP\vcpkg_installed\vcpkg\pkgs\pkgconf_x64-windows\bin\api-ms-win-crt-utility-l1-1-0.dll not found[0m
[33;1mVERBOSE:   api-ms-win-crt-runtime-l1-1-0.dll: C:\Users\bugr2\source\repos\Diplom-CPP\vcpkg_installed\vcpkg\pkgs\pkgconf_x64-windows\bin\api-ms-win-crt-runtime-l1-1-0.dll not found[0m
[33;1mVERBOSE:   api-ms-win-crt-convert-l1-1-0.dll: C:\Users\bugr2\source\repos\Diplom-CPP\vcpkg_installed\vcpkg\pkgs\pkgconf_x64-windows\bin\api-ms-win-crt-convert-l1-1-0.dll not found[0m
[33;1mVERBOSE: Done Resolving C:\Users\bugr2\source\repos\Diplom-CPP\vcpkg_installed\vcpkg\pkgs\pkgconf_x64-windows\tools\pkgconf\pkgconf-3.dll.[0m
[33;1mVERBOSE:   VCRUNTIME140.dll: previously searched - Skip[0m
[33;1mVERBOSE:   api-ms-win-crt-string-l1-1-0.dll: previously searched - Skip[0m
[33;1mVERBOSE:   api-ms-win-crt-stdio-l1-1-0.dll: previously searched - Skip[0m
[33;1mVERBOSE:   api-ms-win-crt-heap-l1-1-0.dll: previously searched - Skip[0m
[33;1mVERBOSE:   api-ms-win-crt-convert-l1-1-0.dll: previously searched - Skip[0m
[33;1mVERBOSE:   api-ms-win-crt-environment-l1-1-0.dll: previously searched - Skip[0m
[33;1mVERBOSE:   api-ms-win-crt-runtime-l1-1-0.dll: previously searched - Skip[0m
[33;1mVERBOSE:   api-ms-win-crt-math-l1-1-0.dll: C:\Users\bugr2\source\repos\Diplom-CPP\vcpkg_installed\vcpkg\pkgs\pkgconf_x64-windows\bin\api-ms-win-crt-math-l1-1-0.dll not found[0m
[33;1mVERBOSE:   api-ms-win-crt-locale-l1-1-0.dll: C:\Users\bugr2\source\repos\Diplom-CPP\vcpkg_installed\vcpkg\pkgs\pkgconf_x64-windows\bin\api-ms-win-crt-locale-l1-1-0.dll not found[0m
[33;1mVERBOSE:   KERNEL32.dll: previously searched - Skip[0m
[33;1mVERBOSE: Done Resolving C:/Users/bugr2/source/repos/Diplom-CPP/vcpkg_installed/vcpkg/pkgs/pkgconf_x64-windows/tools/pkgconf/pkgconf.exe.[0m
[33;1mVERBOSE: 
Name                           Value
----                           -----
api-ms-win-crt-stdio-l1-1-0.d… True
ADVAPI32.dll                   True
pkgconf-3.dll                  True
api-ms-win-crt-heap-l1-1-0.dll True
api-ms-win-crt-math-l1-1-0.dll True
api-ms-win-crt-locale-l1-1-0.… True
KERNEL32.dll                   True
VCRUNTIME140.dll               True
api-ms-win-crt-convert-l1-1-0… True
api-ms-win-crt-utility-l1-1-0… True
api-ms-win-crt-string-l1-1-0.… True
api-ms-win-crt-runtime-l1-1-0… True
api-ms-win-crt-environment-l1… True

[0m
