[1/21] "C:/Program Files/Microsoft Visual Studio/2022/Community/VC/Tools/MSVC/14.44.35207/bin/Hostx64/x64/cl.exe" "-DWIN32" "-D_WINDOWS" "-utf-8" "-MP" "-MDd" "-Z7" "-Ob0" "-Od" "-RTC1" "-Ipkgconf-3.dll.p" "-I." "-I..\src\6aa314c9c4-8bd74a463d.clean" "-IC:/Users/bugr2/source/repos/Diplom-CPP/vcpkg_installed/x64-windows/include" "/MDd" "/nologo" "/showIncludes" "/utf-8" "/W2" "/Od" "/Zi" "-nologo" "-DWIN32" "-D_WINDOWS" "-utf-8" "-MP" "-MDd" "-Z7" "-Ob0" "-Od" "-RTC1" "-DLIBPKGCONF_EXPORT" "-DPKGCONFIG_IS_NOT_STATIC" "/Fdpkgconf-3.dll.p\libpkgconf_audit.c.pdb" /Fopkgconf-3.dll.p/libpkgconf_audit.c.obj "/c" ../src/6aa314c9c4-8bd74a463d.clean/libpkgconf/audit.c
cl: командная строка warning D9025: переопределение "/Z7" на "/Zi"
cl: командная строка warning D9025: переопределение "/Zi" на "/Z7"
[2/21] "C:/Program Files/Microsoft Visual Studio/2022/Community/VC/Tools/MSVC/14.44.35207/bin/Hostx64/x64/cl.exe" "-DWIN32" "-D_WINDOWS" "-utf-8" "-MP" "-MDd" "-Z7" "-Ob0" "-Od" "-RTC1" "-Ipkgconf-3.dll.p" "-I." "-I..\src\6aa314c9c4-8bd74a463d.clean" "-IC:/Users/bugr2/source/repos/Diplom-CPP/vcpkg_installed/x64-windows/include" "/MDd" "/nologo" "/showIncludes" "/utf-8" "/W2" "/Od" "/Zi" "-nologo" "-DWIN32" "-D_WINDOWS" "-utf-8" "-MP" "-MDd" "-Z7" "-Ob0" "-Od" "-RTC1" "-DLIBPKGCONF_EXPORT" "-DPKGCONFIG_IS_NOT_STATIC" "/Fdpkgconf-3.dll.p\libpkgconf_bsdstubs.c.pdb" /Fopkgconf-3.dll.p/libpkgconf_bsdstubs.c.obj "/c" ../src/6aa314c9c4-8bd74a463d.clean/libpkgconf/bsdstubs.c
cl: командная строка warning D9025: переопределение "/Z7" на "/Zi"
cl: командная строка warning D9025: переопределение "/Zi" на "/Z7"
[3/21] "C:/Program Files/Microsoft Visual Studio/2022/Community/VC/Tools/MSVC/14.44.35207/bin/Hostx64/x64/cl.exe" "-DWIN32" "-D_WINDOWS" "-utf-8" "-MP" "-MDd" "-Z7" "-Ob0" "-Od" "-RTC1" "-Ipkgconf-3.dll.p" "-I." "-I..\src\6aa314c9c4-8bd74a463d.clean" "-IC:/Users/bugr2/source/repos/Diplom-CPP/vcpkg_installed/x64-windows/include" "/MDd" "/nologo" "/showIncludes" "/utf-8" "/W2" "/Od" "/Zi" "-nologo" "-DWIN32" "-D_WINDOWS" "-utf-8" "-MP" "-MDd" "-Z7" "-Ob0" "-Od" "-RTC1" "-DLIBPKGCONF_EXPORT" "-DPKGCONFIG_IS_NOT_STATIC" "/Fdpkgconf-3.dll.p\libpkgconf_argvsplit.c.pdb" /Fopkgconf-3.dll.p/libpkgconf_argvsplit.c.obj "/c" ../src/6aa314c9c4-8bd74a463d.clean/libpkgconf/argvsplit.c
cl: командная строка warning D9025: переопределение "/Z7" на "/Zi"
cl: командная строка warning D9025: переопределение "/Zi" на "/Z7"
[4/21] "C:/Program Files/Microsoft Visual Studio/2022/Community/VC/Tools/MSVC/14.44.35207/bin/Hostx64/x64/cl.exe" "-DWIN32" "-D_WINDOWS" "-utf-8" "-MP" "-MDd" "-Z7" "-Ob0" "-Od" "-RTC1" "-Ipkgconf-3.dll.p" "-I." "-I..\src\6aa314c9c4-8bd74a463d.clean" "-IC:/Users/bugr2/source/repos/Diplom-CPP/vcpkg_installed/x64-windows/include" "/MDd" "/nologo" "/showIncludes" "/utf-8" "/W2" "/Od" "/Zi" "-nologo" "-DWIN32" "-D_WINDOWS" "-utf-8" "-MP" "-MDd" "-Z7" "-Ob0" "-Od" "-RTC1" "-DLIBPKGCONF_EXPORT" "-DPKGCONFIG_IS_NOT_STATIC" "/Fdpkgconf-3.dll.p\libpkgconf_cache.c.pdb" /Fopkgconf-3.dll.p/libpkgconf_cache.c.obj "/c" ../src/6aa314c9c4-8bd74a463d.clean/libpkgconf/cache.c
cl: командная строка warning D9025: переопределение "/Z7" на "/Zi"
cl: командная строка warning D9025: переопределение "/Zi" на "/Z7"
[5/21] "C:/Program Files/Microsoft Visual Studio/2022/Community/VC/Tools/MSVC/14.44.35207/bin/Hostx64/x64/cl.exe" "-DWIN32" "-D_WINDOWS" "-utf-8" "-MP" "-MDd" "-Z7" "-Ob0" "-Od" "-RTC1" "-Ipkgconf-3.dll.p" "-I." "-I..\src\6aa314c9c4-8bd74a463d.clean" "-IC:/Users/bugr2/source/repos/Diplom-CPP/vcpkg_installed/x64-windows/include" "/MDd" "/nologo" "/showIncludes" "/utf-8" "/W2" "/Od" "/Zi" "-nologo" "-DWIN32" "-D_WINDOWS" "-utf-8" "-MP" "-MDd" "-Z7" "-Ob0" "-Od" "-RTC1" "-DLIBPKGCONF_EXPORT" "-DPKGCONFIG_IS_NOT_STATIC" "/Fdpkgconf-3.dll.p\libpkgconf_client.c.pdb" /Fopkgconf-3.dll.p/libpkgconf_client.c.obj "/c" ../src/6aa314c9c4-8bd74a463d.clean/libpkgconf/client.c
cl: командная строка warning D9025: переопределение "/Z7" на "/Zi"
cl: командная строка warning D9025: переопределение "/Zi" на "/Z7"
[6/21] "C:/Program Files/Microsoft Visual Studio/2022/Community/VC/Tools/MSVC/14.44.35207/bin/Hostx64/x64/cl.exe" "-DWIN32" "-D_WINDOWS" "-utf-8" "-MP" "-MDd" "-Z7" "-Ob0" "-Od" "-RTC1" "-Ipkgconf-3.dll.p" "-I." "-I..\src\6aa314c9c4-8bd74a463d.clean" "-IC:/Users/bugr2/source/repos/Diplom-CPP/vcpkg_installed/x64-windows/include" "/MDd" "/nologo" "/showIncludes" "/utf-8" "/W2" "/Od" "/Zi" "-nologo" "-DWIN32" "-D_WINDOWS" "-utf-8" "-MP" "-MDd" "-Z7" "-Ob0" "-Od" "-RTC1" "-DLIBPKGCONF_EXPORT" "-DPKGCONFIG_IS_NOT_STATIC" "/Fdpkgconf-3.dll.p\libpkgconf_dependency.c.pdb" /Fopkgconf-3.dll.p/libpkgconf_dependency.c.obj "/c" ../src/6aa314c9c4-8bd74a463d.clean/libpkgconf/dependency.c
cl: командная строка warning D9025: переопределение "/Z7" на "/Zi"
cl: командная строка warning D9025: переопределение "/Zi" на "/Z7"
[7/21] "C:/Program Files/Microsoft Visual Studio/2022/Community/VC/Tools/MSVC/14.44.35207/bin/Hostx64/x64/cl.exe" "-DWIN32" "-D_WINDOWS" "-utf-8" "-MP" "-MDd" "-Z7" "-Ob0" "-Od" "-RTC1" "-Ipkgconf-3.dll.p" "-I." "-I..\src\6aa314c9c4-8bd74a463d.clean" "-IC:/Users/bugr2/source/repos/Diplom-CPP/vcpkg_installed/x64-windows/include" "/MDd" "/nologo" "/showIncludes" "/utf-8" "/W2" "/Od" "/Zi" "-nologo" "-DWIN32" "-D_WINDOWS" "-utf-8" "-MP" "-MDd" "-Z7" "-Ob0" "-Od" "-RTC1" "-DLIBPKGCONF_EXPORT" "-DPKGCONFIG_IS_NOT_STATIC" "/Fdpkgconf-3.dll.p\libpkgconf_fragment.c.pdb" /Fopkgconf-3.dll.p/libpkgconf_fragment.c.obj "/c" ../src/6aa314c9c4-8bd74a463d.clean/libpkgconf/fragment.c
cl: командная строка warning D9025: переопределение "/Z7" на "/Zi"
cl: командная строка warning D9025: переопределение "/Zi" на "/Z7"
[8/21] "C:/Program Files/Microsoft Visual Studio/2022/Community/VC/Tools/MSVC/14.44.35207/bin/Hostx64/x64/cl.exe" "-DWIN32" "-D_WINDOWS" "-utf-8" "-MP" "-MDd" "-Z7" "-Ob0" "-Od" "-RTC1" "-Ipkgconf-3.dll.p" "-I." "-I..\src\6aa314c9c4-8bd74a463d.clean" "-IC:/Users/bugr2/source/repos/Diplom-CPP/vcpkg_installed/x64-windows/include" "/MDd" "/nologo" "/showIncludes" "/utf-8" "/W2" "/Od" "/Zi" "-nologo" "-DWIN32" "-D_WINDOWS" "-utf-8" "-MP" "-MDd" "-Z7" "-Ob0" "-Od" "-RTC1" "-DLIBPKGCONF_EXPORT" "-DPKGCONFIG_IS_NOT_STATIC" "/Fdpkgconf-3.dll.p\libpkgconf_fileio.c.pdb" /Fopkgconf-3.dll.p/libpkgconf_fileio.c.obj "/c" ../src/6aa314c9c4-8bd74a463d.clean/libpkgconf/fileio.c
cl: командная строка warning D9025: переопределение "/Z7" на "/Zi"
cl: командная строка warning D9025: переопределение "/Zi" на "/Z7"
[9/21] "C:/Program Files/Microsoft Visual Studio/2022/Community/VC/Tools/MSVC/14.44.35207/bin/Hostx64/x64/cl.exe" "-DWIN32" "-D_WINDOWS" "-utf-8" "-MP" "-MDd" "-Z7" "-Ob0" "-Od" "-RTC1" "-Ipkgconf-3.dll.p" "-I." "-I..\src\6aa314c9c4-8bd74a463d.clean" "-IC:/Users/bugr2/source/repos/Diplom-CPP/vcpkg_installed/x64-windows/include" "/MDd" "/nologo" "/showIncludes" "/utf-8" "/W2" "/Od" "/Zi" "-nologo" "-DWIN32" "-D_WINDOWS" "-utf-8" "-MP" "-MDd" "-Z7" "-Ob0" "-Od" "-RTC1" "-DLIBPKGCONF_EXPORT" "-DPKGCONFIG_IS_NOT_STATIC" "/Fdpkgconf-3.dll.p\libpkgconf_parser.c.pdb" /Fopkgconf-3.dll.p/libpkgconf_parser.c.obj "/c" ../src/6aa314c9c4-8bd74a463d.clean/libpkgconf/parser.c
cl: командная строка warning D9025: переопределение "/Z7" на "/Zi"
cl: командная строка warning D9025: переопределение "/Zi" на "/Z7"
[10/21] "C:/Program Files/Microsoft Visual Studio/2022/Community/VC/Tools/MSVC/14.44.35207/bin/Hostx64/x64/cl.exe" "-DWIN32" "-D_WINDOWS" "-utf-8" "-MP" "-MDd" "-Z7" "-Ob0" "-Od" "-RTC1" "-Ipkgconf-3.dll.p" "-I." "-I..\src\6aa314c9c4-8bd74a463d.clean" "-IC:/Users/bugr2/source/repos/Diplom-CPP/vcpkg_installed/x64-windows/include" "/MDd" "/nologo" "/showIncludes" "/utf-8" "/W2" "/Od" "/Zi" "-nologo" "-DWIN32" "-D_WINDOWS" "-utf-8" "-MP" "-MDd" "-Z7" "-Ob0" "-Od" "-RTC1" "-DLIBPKGCONF_EXPORT" "-DPKGCONFIG_IS_NOT_STATIC" "/Fdpkgconf-3.dll.p\libpkgconf_personality.c.pdb" /Fopkgconf-3.dll.p/libpkgconf_personality.c.obj "/c" ../src/6aa314c9c4-8bd74a463d.clean/libpkgconf/personality.c
cl: командная строка warning D9025: переопределение "/Z7" на "/Zi"
cl: командная строка warning D9025: переопределение "/Zi" на "/Z7"
[11/21] "C:/Program Files/Microsoft Visual Studio/2022/Community/VC/Tools/MSVC/14.44.35207/bin/Hostx64/x64/cl.exe" "-DWIN32" "-D_WINDOWS" "-utf-8" "-MP" "-MDd" "-Z7" "-Ob0" "-Od" "-RTC1" "-Ipkgconf-3.dll.p" "-I." "-I..\src\6aa314c9c4-8bd74a463d.clean" "-IC:/Users/bugr2/source/repos/Diplom-CPP/vcpkg_installed/x64-windows/include" "/MDd" "/nologo" "/showIncludes" "/utf-8" "/W2" "/Od" "/Zi" "-nologo" "-DWIN32" "-D_WINDOWS" "-utf-8" "-MP" "-MDd" "-Z7" "-Ob0" "-Od" "-RTC1" "-DLIBPKGCONF_EXPORT" "-DPKGCONFIG_IS_NOT_STATIC" "/Fdpkgconf-3.dll.p\libpkgconf_path.c.pdb" /Fopkgconf-3.dll.p/libpkgconf_path.c.obj "/c" ../src/6aa314c9c4-8bd74a463d.clean/libpkgconf/path.c
cl: командная строка warning D9025: переопределение "/Z7" на "/Zi"
cl: командная строка warning D9025: переопределение "/Zi" на "/Z7"
[12/21] "C:/Program Files/Microsoft Visual Studio/2022/Community/VC/Tools/MSVC/14.44.35207/bin/Hostx64/x64/cl.exe" "-DWIN32" "-D_WINDOWS" "-utf-8" "-MP" "-MDd" "-Z7" "-Ob0" "-Od" "-RTC1" "-Ipkgconf-3.dll.p" "-I." "-I..\src\6aa314c9c4-8bd74a463d.clean" "-IC:/Users/bugr2/source/repos/Diplom-CPP/vcpkg_installed/x64-windows/include" "/MDd" "/nologo" "/showIncludes" "/utf-8" "/W2" "/Od" "/Zi" "-nologo" "-DWIN32" "-D_WINDOWS" "-utf-8" "-MP" "-MDd" "-Z7" "-Ob0" "-Od" "-RTC1" "-DLIBPKGCONF_EXPORT" "-DPKGCONFIG_IS_NOT_STATIC" "/Fdpkgconf-3.dll.p\libpkgconf_pkg.c.pdb" /Fopkgconf-3.dll.p/libpkgconf_pkg.c.obj "/c" ../src/6aa314c9c4-8bd74a463d.clean/libpkgconf/pkg.c
cl: командная строка warning D9025: переопределение "/Z7" на "/Zi"
cl: командная строка warning D9025: переопределение "/Zi" на "/Z7"
[13/21] "C:/Program Files/Microsoft Visual Studio/2022/Community/VC/Tools/MSVC/14.44.35207/bin/Hostx64/x64/cl.exe" "-DWIN32" "-D_WINDOWS" "-utf-8" "-MP" "-MDd" "-Z7" "-Ob0" "-Od" "-RTC1" "-Ipkgconf-3.dll.p" "-I." "-I..\src\6aa314c9c4-8bd74a463d.clean" "-IC:/Users/bugr2/source/repos/Diplom-CPP/vcpkg_installed/x64-windows/include" "/MDd" "/nologo" "/showIncludes" "/utf-8" "/W2" "/Od" "/Zi" "-nologo" "-DWIN32" "-D_WINDOWS" "-utf-8" "-MP" "-MDd" "-Z7" "-Ob0" "-Od" "-RTC1" "-DLIBPKGCONF_EXPORT" "-DPKGCONFIG_IS_NOT_STATIC" "/Fdpkgconf-3.dll.p\libpkgconf_queue.c.pdb" /Fopkgconf-3.dll.p/libpkgconf_queue.c.obj "/c" ../src/6aa314c9c4-8bd74a463d.clean/libpkgconf/queue.c
cl: командная строка warning D9025: переопределение "/Z7" на "/Zi"
cl: командная строка warning D9025: переопределение "/Zi" на "/Z7"
[14/21] "C:/Program Files/Microsoft Visual Studio/2022/Community/VC/Tools/MSVC/14.44.35207/bin/Hostx64/x64/cl.exe" "-DWIN32" "-D_WINDOWS" "-utf-8" "-MP" "-MDd" "-Z7" "-Ob0" "-Od" "-RTC1" "-Ipkgconf.exe.p" "-I." "-I..\src\6aa314c9c4-8bd74a463d.clean" "-IC:/Users/bugr2/source/repos/Diplom-CPP/vcpkg_installed/x64-windows/include" "/MDd" "/nologo" "/showIncludes" "/utf-8" "/W2" "/Od" "/Zi" "-nologo" "-DWIN32" "-D_WINDOWS" "-utf-8" "-MP" "-MDd" "-Z7" "-Ob0" "-Od" "-RTC1" "-DPKGCONFIG_IS_NOT_STATIC" "/Fdpkgconf.exe.p\cli_getopt_long.c.pdb" /Fopkgconf.exe.p/cli_getopt_long.c.obj "/c" ../src/6aa314c9c4-8bd74a463d.clean/cli/getopt_long.c
cl: командная строка warning D9025: переопределение "/Z7" на "/Zi"
cl: командная строка warning D9025: переопределение "/Zi" на "/Z7"
[15/21] "C:/Program Files/Microsoft Visual Studio/2022/Community/VC/Tools/MSVC/14.44.35207/bin/Hostx64/x64/cl.exe" "-DWIN32" "-D_WINDOWS" "-utf-8" "-MP" "-MDd" "-Z7" "-Ob0" "-Od" "-RTC1" "-Ipkgconf.exe.p" "-I." "-I..\src\6aa314c9c4-8bd74a463d.clean" "-IC:/Users/bugr2/source/repos/Diplom-CPP/vcpkg_installed/x64-windows/include" "/MDd" "/nologo" "/showIncludes" "/utf-8" "/W2" "/Od" "/Zi" "-nologo" "-DWIN32" "-D_WINDOWS" "-utf-8" "-MP" "-MDd" "-Z7" "-Ob0" "-Od" "-RTC1" "-DPKGCONFIG_IS_NOT_STATIC" "/Fdpkgconf.exe.p\cli_renderer-msvc.c.pdb" /Fopkgconf.exe.p/cli_renderer-msvc.c.obj "/c" ../src/6aa314c9c4-8bd74a463d.clean/cli/renderer-msvc.c
cl: командная строка warning D9025: переопределение "/Z7" на "/Zi"
cl: командная строка warning D9025: переопределение "/Zi" на "/Z7"
[16/21] "C:/Program Files/Microsoft Visual Studio/2022/Community/VC/Tools/MSVC/14.44.35207/bin/Hostx64/x64/cl.exe" "-DWIN32" "-D_WINDOWS" "-utf-8" "-MP" "-MDd" "-Z7" "-Ob0" "-Od" "-RTC1" "-Ipkgconf-3.dll.p" "-I." "-I..\src\6aa314c9c4-8bd74a463d.clean" "-IC:/Users/bugr2/source/repos/Diplom-CPP/vcpkg_installed/x64-windows/include" "/MDd" "/nologo" "/showIncludes" "/utf-8" "/W2" "/Od" "/Zi" "-nologo" "-DWIN32" "-D_WINDOWS" "-utf-8" "-MP" "-MDd" "-Z7" "-Ob0" "-Od" "-RTC1" "-DLIBPKGCONF_EXPORT" "-DPKGCONFIG_IS_NOT_STATIC" "/Fdpkgconf-3.dll.p\libpkgconf_tuple.c.pdb" /Fopkgconf-3.dll.p/libpkgconf_tuple.c.obj "/c" ../src/6aa314c9c4-8bd74a463d.clean/libpkgconf/tuple.c
cl: командная строка warning D9025: переопределение "/Z7" на "/Zi"
cl: командная строка warning D9025: переопределение "/Zi" на "/Z7"
[17/21] "C:/Program Files/Microsoft Visual Studio/2022/Community/VC/Tools/MSVC/14.44.35207/bin/Hostx64/x64/cl.exe" "-DWIN32" "-D_WINDOWS" "-utf-8" "-MP" "-MDd" "-Z7" "-Ob0" "-Od" "-RTC1" "-Ipkgconf.exe.p" "-I." "-I..\src\6aa314c9c4-8bd74a463d.clean" "-IC:/Users/bugr2/source/repos/Diplom-CPP/vcpkg_installed/x64-windows/include" "/MDd" "/nologo" "/showIncludes" "/utf-8" "/W2" "/Od" "/Zi" "-nologo" "-DWIN32" "-D_WINDOWS" "-utf-8" "-MP" "-MDd" "-Z7" "-Ob0" "-Od" "-RTC1" "-DPKGCONFIG_IS_NOT_STATIC" "/Fdpkgconf.exe.p\cli_main.c.pdb" /Fopkgconf.exe.p/cli_main.c.obj "/c" ../src/6aa314c9c4-8bd74a463d.clean/cli/main.c
cl: командная строка warning D9025: переопределение "/Z7" на "/Zi"
cl: командная строка warning D9025: переопределение "/Zi" на "/Z7"
[18/21] "C:/Program Files/Microsoft Visual Studio/2022/Community/VC/Tools/MSVC/14.44.35207/bin/Hostx64/x64/link.exe"  /MACHINE:x64 /OUT:pkgconf-3.dll pkgconf-3.dll.p/libpkgconf_argvsplit.c.obj pkgconf-3.dll.p/libpkgconf_audit.c.obj pkgconf-3.dll.p/libpkgconf_bsdstubs.c.obj pkgconf-3.dll.p/libpkgconf_cache.c.obj pkgconf-3.dll.p/libpkgconf_client.c.obj pkgconf-3.dll.p/libpkgconf_dependency.c.obj pkgconf-3.dll.p/libpkgconf_fileio.c.obj pkgconf-3.dll.p/libpkgconf_fragment.c.obj pkgconf-3.dll.p/libpkgconf_parser.c.obj pkgconf-3.dll.p/libpkgconf_path.c.obj pkgconf-3.dll.p/libpkgconf_personality.c.obj pkgconf-3.dll.p/libpkgconf_pkg.c.obj pkgconf-3.dll.p/libpkgconf_queue.c.obj pkgconf-3.dll.p/libpkgconf_tuple.c.obj "-INCREMENTAL" "/nologo" "/release" "/nologo" "/DEBUG" "/PDB:pkgconf-3.pdb" "/DLL" "/IMPLIB:pkgconf.lib" "-machine:x64" "-nologo" "-debug" "/LIBPATH:C:/Users/bugr2/source/repos/Diplom-CPP/vcpkg_installed/x64-windows/debug/lib" "kernel32.lib" "user32.lib" "gdi32.lib" "winspool.lib" "shell32.lib" "ole32.lib" "oleaut32.lib" "uuid.lib" "comdlg32.lib" "advapi32.lib"
LINK : warning LNK4075: не учитывается "/INCREMENTAL" из-за спецификации "/RELEASE"
   Создается библиотека pkgconf.lib и объект pkgconf.exp
[19/21] "C:\Users\bugr2\AppData\Local\vcpkg\downloads\tools\python\python-3.12.7-x64-1\python.exe" "C:\Users\bugr2\source\repos\Diplom-CPP\vcpkg_installed\x64-windows\tools\meson\meson.py" "--internal" "symbolextractor" "C:\Users\bugr2\source\repos\Diplom-CPP\vcpkg_installed\vcpkg\blds\pkgconf\x64-windows-dbg" pkgconf-3.dll "pkgconf.lib" pkgconf-3.dll.p/pkgconf-3.dll.symbols 
[20/21] "C:/Program Files/Microsoft Visual Studio/2022/Community/VC/Tools/MSVC/14.44.35207/bin/Hostx64/x64/link.exe"  /MACHINE:x64 /OUT:pkgconf.exe pkgconf.exe.p/cli_main.c.obj pkgconf.exe.p/cli_getopt_long.c.obj pkgconf.exe.p/cli_renderer-msvc.c.obj "-INCREMENTAL" "/nologo" "/release" "/nologo" "/DEBUG" "/PDB:pkgconf.pdb" "-machine:x64" "-nologo" "-debug" "/LIBPATH:C:/Users/bugr2/source/repos/Diplom-CPP/vcpkg_installed/x64-windows/debug/lib" "pkgconf.lib" "/SUBSYSTEM:CONSOLE" "kernel32.lib" "user32.lib" "gdi32.lib" "winspool.lib" "shell32.lib" "ole32.lib" "oleaut32.lib" "uuid.lib" "comdlg32.lib" "advapi32.lib"
LINK : warning LNK4075: не учитывается "/INCREMENTAL" из-за спецификации "/RELEASE"
[20/21] "C:\Users\bugr2\AppData\Local\vcpkg\downloads\tools\python\python-3.12.7-x64-1\python.exe" "C:\Users\bugr2\source\repos\Diplom-CPP\vcpkg_installed\x64-windows\tools\meson\meson.py" "install" "--no-rebuild"
Installing pkgconf-3.dll to C:/Users/bugr2/source/repos/Diplom-CPP/vcpkg_installed/vcpkg/pkgs/pkgconf_x64-windows/debug\bin
Installing pkgconf.lib to C:/Users/bugr2/source/repos/Diplom-CPP/vcpkg_installed/vcpkg/pkgs/pkgconf_x64-windows/debug\lib
Installing pkgconf-3.pdb to C:/Users/bugr2/source/repos/Diplom-CPP/vcpkg_installed/vcpkg/pkgs/pkgconf_x64-windows/debug\bin
Installing pkgconf.exe to C:/Users/bugr2/source/repos/Diplom-CPP/vcpkg_installed/vcpkg/pkgs/pkgconf_x64-windows/debug\bin
Installing pkgconf.pdb to C:/Users/bugr2/source/repos/Diplom-CPP/vcpkg_installed/vcpkg/pkgs/pkgconf_x64-windows/debug\bin
Installing C:\Users\bugr2\source\repos\Diplom-CPP\vcpkg_installed\vcpkg\blds\pkgconf\src\6aa314c9c4-8bd74a463d.clean\libpkgconf\libpkgconf.h to C:/Users/bugr2/source/repos/Diplom-CPP/vcpkg_installed/vcpkg/pkgs/pkgconf_x64-windows/debug\../include\pkgconf/libpkgconf
Installing C:\Users\bugr2\source\repos\Diplom-CPP\vcpkg_installed\vcpkg\blds\pkgconf\src\6aa314c9c4-8bd74a463d.clean\libpkgconf\stdinc.h to C:/Users/bugr2/source/repos/Diplom-CPP/vcpkg_installed/vcpkg/pkgs/pkgconf_x64-windows/debug\../include\pkgconf/libpkgconf
Installing C:\Users\bugr2\source\repos\Diplom-CPP\vcpkg_installed\vcpkg\blds\pkgconf\src\6aa314c9c4-8bd74a463d.clean\libpkgconf\iter.h to C:/Users/bugr2/source/repos/Diplom-CPP/vcpkg_installed/vcpkg/pkgs/pkgconf_x64-windows/debug\../include\pkgconf/libpkgconf
Installing C:\Users\bugr2\source\repos\Diplom-CPP\vcpkg_installed\vcpkg\blds\pkgconf\src\6aa314c9c4-8bd74a463d.clean\libpkgconf\bsdstubs.h to C:/Users/bugr2/source/repos/Diplom-CPP/vcpkg_installed/vcpkg/pkgs/pkgconf_x64-windows/debug\../include\pkgconf/libpkgconf
Installing C:\Users\bugr2\source\repos\Diplom-CPP\vcpkg_installed\vcpkg\blds\pkgconf\src\6aa314c9c4-8bd74a463d.clean\libpkgconf\libpkgconf-api.h to C:/Users/bugr2/source/repos/Diplom-CPP/vcpkg_installed/vcpkg/pkgs/pkgconf_x64-windows/debug\../include\pkgconf/libpkgconf
Installing C:\Users\bugr2\source\repos\Diplom-CPP\vcpkg_installed\vcpkg\blds\pkgconf\src\6aa314c9c4-8bd74a463d.clean\man/pkgconf.1 to C:/Users/bugr2/source/repos/Diplom-CPP/vcpkg_installed/vcpkg/pkgs/pkgconf_x64-windows/debug\share/man\man1
Installing C:\Users\bugr2\source\repos\Diplom-CPP\vcpkg_installed\vcpkg\blds\pkgconf\src\6aa314c9c4-8bd74a463d.clean\man/pkg.m4.7 to C:/Users/bugr2/source/repos/Diplom-CPP/vcpkg_installed/vcpkg/pkgs/pkgconf_x64-windows/debug\share/man\man7
Installing C:\Users\bugr2\source\repos\Diplom-CPP\vcpkg_installed\vcpkg\blds\pkgconf\src\6aa314c9c4-8bd74a463d.clean\man/pc.5 to C:/Users/bugr2/source/repos/Diplom-CPP/vcpkg_installed/vcpkg/pkgs/pkgconf_x64-windows/debug\share/man\man5
Installing C:\Users\bugr2\source\repos\Diplom-CPP\vcpkg_installed\vcpkg\blds\pkgconf\src\6aa314c9c4-8bd74a463d.clean\man/pkgconf-personality.5 to C:/Users/bugr2/source/repos/Diplom-CPP/vcpkg_installed/vcpkg/pkgs/pkgconf_x64-windows/debug\share/man\man5
Installing C:\Users\bugr2\source\repos\Diplom-CPP\vcpkg_installed\vcpkg\blds\pkgconf\x64-windows-dbg\meson-private\libpkgconf.pc to C:/Users/bugr2/source/repos/Diplom-CPP/vcpkg_installed/vcpkg/pkgs/pkgconf_x64-windows/debug\lib\pkgconfig
Installing C:\Users\bugr2\source\repos\Diplom-CPP\vcpkg_installed\vcpkg\blds\pkgconf\src\6aa314c9c4-8bd74a463d.clean\pkg.m4 to C:/Users/bugr2/source/repos/Diplom-CPP/vcpkg_installed/vcpkg/pkgs/pkgconf_x64-windows/debug\share/aclocal
Installing C:\Users\bugr2\source\repos\Diplom-CPP\vcpkg_installed\vcpkg\blds\pkgconf\src\6aa314c9c4-8bd74a463d.clean\AUTHORS to C:/Users/bugr2/source/repos/Diplom-CPP/vcpkg_installed/vcpkg/pkgs/pkgconf_x64-windows/debug\share/doc/pkgconf
Installing C:\Users\bugr2\source\repos\Diplom-CPP\vcpkg_installed\vcpkg\blds\pkgconf\src\6aa314c9c4-8bd74a463d.clean\README.md to C:/Users/bugr2/source/repos/Diplom-CPP/vcpkg_installed/vcpkg/pkgs/pkgconf_x64-windows/debug\share/doc/pkgconf
