Downloading https://github.com/openssl/openssl/archive/openssl-3.1.3.tar.gz -> openssl-openssl-openssl-3.1.3.tar.gz
Successfully downloaded openssl-openssl-openssl-3.1.3.tar.gz
-- Extracting source C:/Users/bugr2/AppData/Local/vcpkg/downloads/openssl-openssl-openssl-3.1.3.tar.gz
-- Applying patch disable-apps.patch
-- Applying patch disable-install-docs.patch
-- Applying patch script-prefix.patch
-- Applying patch windows/install-layout.patch
-- Applying patch windows/install-pdbs.patch
-- Applying patch unix/android-cc.patch
-- Applying patch unix/move-openssldir.patch
-- Applying patch unix/no-empty-dirs.patch
-- Applying patch unix/no-static-libs-for-shared.patch
-- Using source at C:/Users/bugr2/source/repos/Diplom_CPP/vcpkg_installed/vcpkg/blds/openssl/src/nssl-3.1.3-22892fd447.clean
Downloading nasm-2.16.03-win64.zip, trying https://www.nasm.us/pub/nasm/releasebuilds/2.16.03/win64/nasm-2.16.03-win64.zip
Successfully downloaded nasm-2.16.03-win64.zip
Downloading https://github.com/StrawberryPerl/Perl-Dist-Strawberry/releases/download/SP_54001_64bit_UCRT/strawberry-perl-5.40.0.1-64bit-portable.zip -> strawberry-perl-5.40.0.1-64bit-portable.zip
Successfully downloaded strawberry-perl-5.40.0.1-64bit-portable.zip
-- Found external ninja('1.12.1').
-- Getting CMake variables for x64-windows
-- Getting CMake variables for x64-windows
Downloading jom_1_1_4.zip, trying https://download.qt.io/official_releases/jom/jom_1_1_4.zip
warning: Download https://download.qt.io/official_releases/jom/jom_1_1_4.zip failed -- retrying after 1000ms
warning: Download https://download.qt.io/official_releases/jom/jom_1_1_4.zip failed -- retrying after 2000ms
warning: Download https://download.qt.io/official_releases/jom/jom_1_1_4.zip failed -- retrying after 4000ms
Trying https://mirrors.ocf.berkeley.edu/qt/official_releases/jom/jom_1_1_4.zip
Successfully downloaded jom_1_1_4.zip
